#
# There is insufficient memory for the Java Runtime Environment to continue.
# Native memory allocation (malloc) failed to allocate 1048576 bytes. Error detail: AllocateHeap
# Possible reasons:
#   The system is out of physical RAM or swap space
#   This process is running with CompressedOops enabled, and the Java Heap may be blocking the growth of the native heap
# Possible solutions:
#   Reduce memory load on the system
#   Increase physical memory or swap space
#   Check if swap backing store is full
#   Decrease Java heap size (-Xmx/-Xms)
#   Decrease number of Java threads
#   Decrease Java thread stack sizes (-Xss)
#   Set larger code cache with -XX:ReservedCodeCacheSize=
#   JVM is running with Unscaled Compressed Oops mode in which the Java heap is
#     placed in the first 4GB address space. The Java Heap base address is the
#     maximum limit for the native heap growth. Please use -XX:HeapBaseMinAddress
#     to set the Java Heap base and to place the Java Heap above 4GB virtual address.
# This output file may be truncated or incomplete.
#
#  Out of Memory Error (allocation.cpp:44), pid=16696, tid=4372
#
# JRE version: OpenJDK Runtime Environment Temurin-21.0.9+10 (21.0.9+10) (build 21.0.9+10-LTS)
# Java VM: OpenJDK 64-Bit Server VM Temurin-21.0.9+10 (21.0.9+10-LTS, mixed mode, sharing, tiered, compressed oops, compressed class ptrs, parallel gc, windows-amd64)
# No core dump will be written. Minidumps are not enabled by default on client versions of Windows
#

---------------  S U M M A R Y ------------

Command Line: --add-modules=ALL-SYSTEM --add-opens=java.base/java.util=ALL-UNNAMED --add-opens=java.base/java.lang=ALL-UNNAMED --add-opens=java.base/sun.nio.fs=ALL-UNNAMED -Declipse.application=org.eclipse.jdt.ls.core.id1 -Dosgi.bundles.defaultStartLevel=4 -Declipse.product=org.eclipse.jdt.ls.core.product -Djava.import.generatesMetadataFilesAtProjectRoot=false -DDetectVMInstallationsJob.disabled=true -Dfile.encoding=utf8 -XX:+UseParallelGC -XX:GCTimeRatio=4 -XX:AdaptiveSizePolicyWeight=90 -Dsun.zip.disableMemoryMapping=true -Xmx2G -Xms100m -Xlog:disable -javaagent:c:\Users\PeachZ_X\.vscode\extensions\redhat.java-1.52.0-win32-x64\lombok\lombok-1.18.39-4050.jar -XX:+HeapDumpOnOutOfMemoryError -XX:HeapDumpPath=c:\Users\PeachZ_X\AppData\Roaming\Code\User\workspaceStorage\9b3b2925893dbd842968ab009774ca27\redhat.java -Daether.dependencyCollector.impl=bf c:\Users\PeachZ_X\.vscode\extensions\redhat.java-1.52.0-win32-x64\server\plugins\org.eclipse.equinox.launcher_1.7.100.v20251111-0406.jar -configuration c:\Users\PeachZ_X\AppData\Roaming\Code\User\globalStorage\redhat.java\1.52.0\config_win -data c:\Users\PeachZ_X\AppData\Roaming\Code\User\workspaceStorage\9b3b2925893dbd842968ab009774ca27\redhat.java\jdt_ws --pipe=\\.\pipe\lsp-4ead212ed0c8ba387a3a37db3cea00da-sock

Host: AMD Ryzen 7 3750H with Radeon Vega Mobile Gfx  , 8 cores, 5G,  Windows 10 , 64 bit Build 19041 (10.0.19041.5915)
Time: Mon Feb 16 14:56:15 2026 SE Asia Standard Time elapsed time: 913.232593 seconds (0d 0h 15m 13s)

---------------  T H R E A D  ---------------

Current thread (0x0000029677821740):  JavaThread "Attach Listener" daemon [_thread_in_vm, id=4372, stack(0x000000b48d800000,0x000000b48d900000) (1024K)]

Stack: [0x000000b48d800000,0x000000b48d900000]
Native frames: (J=compiled Java code, j=interpreted, Vv=VM code, C=native code)
V  [jvm.dll+0x6d6e29]
V  [jvm.dll+0x8b4b76]
V  [jvm.dll+0x8b712e]
V  [jvm.dll+0x8b7813]
V  [jvm.dll+0x283d86]
V  [jvm.dll+0xc1277]
V  [jvm.dll+0x6d76d9]
V  [jvm.dll+0x133466]
V  [jvm.dll+0x3f7ea6]
V  [jvm.dll+0x85e9ad]
V  [jvm.dll+0x6d565d]
C  [ucrtbase.dll+0x21bb2]
C  [KERNEL32.DLL+0x17374]
C  [ntdll.dll+0x4cc91]


---------------  P R O C E S S  ---------------

Threads class SMR info:
_java_thread_list=0x0000029651826cd0, length=57, elements={
0x000002966fdb2a50, 0x000002967781c1e0, 0x000002967781d620, 0x0000029677820a70,
0x0000029677821740, 0x0000029677823af0, 0x000002967782ceb0, 0x000002967783a5a0,
0x000002967783d4a0, 0x000002967928abe0, 0x00000296793608f0, 0x0000029679b87c00,
0x0000029679b770e0, 0x0000029679b62740, 0x0000029679b63b00, 0x000002967e7765f0,
0x000002967e1e3d90, 0x000002967e328560, 0x000002967e6d9f40, 0x000002967e8eb1a0,
0x000002967e8ecbe0, 0x000002967978d230, 0x000002967978d8c0, 0x000002967978f990,
0x000002967978cba0, 0x000002967978df50, 0x000002967978f300, 0x000002967978e5e0,
0x000002967978ec70, 0x0000029679790020, 0x000002965ae1d9d0, 0x000002965ae207c0,
0x000002965ae1b270, 0x000002965ae1e060, 0x00000296514a8bb0, 0x00000296514ad3e0,
0x00000296514a6450, 0x000002965ac0ee10, 0x000002965ac0f4a0, 0x000002967e8eb830,
0x000002967e8ed270, 0x000002965ae1c620, 0x000002965ae21b70, 0x00000296514a7170,
0x000002965ae1f410, 0x000002965ae22200, 0x00000296514a8520, 0x00000296514a6ae0,
0x00000296514a7800, 0x00000296514ab9a0, 0x000002965b9ff500, 0x000002965b9fc710,
0x000002965b9fe150, 0x000002965ba00220, 0x000002965b9fee70, 0x000002965b9fc080,
0x000002965b9fe7e0
}

Java Threads: ( => current thread )
  0x000002966fdb2a50 JavaThread "main"                              [_thread_blocked, id=28112, stack(0x000000b48d100000,0x000000b48d200000) (1024K)]
  0x000002967781c1e0 JavaThread "Reference Handler"          daemon [_thread_blocked, id=24356, stack(0x000000b48d500000,0x000000b48d600000) (1024K)]
  0x000002967781d620 JavaThread "Finalizer"                  daemon [_thread_blocked, id=6648, stack(0x000000b48d600000,0x000000b48d700000) (1024K)]
  0x0000029677820a70 JavaThread "Signal Dispatcher"          daemon [_thread_blocked, id=25836, stack(0x000000b48d700000,0x000000b48d800000) (1024K)]
=>0x0000029677821740 JavaThread "Attach Listener"            daemon [_thread_in_vm, id=4372, stack(0x000000b48d800000,0x000000b48d900000) (1024K)]
  0x0000029677823af0 JavaThread "Service Thread"             daemon [_thread_blocked, id=21244, stack(0x000000b48d900000,0x000000b48da00000) (1024K)]
  0x000002967782ceb0 JavaThread "Monitor Deflation Thread"   daemon [_thread_blocked, id=20700, stack(0x000000b48da00000,0x000000b48db00000) (1024K)]
  0x000002967783a5a0 JavaThread "C2 CompilerThread0"         daemon [_thread_blocked, id=14008, stack(0x000000b48db00000,0x000000b48dc00000) (1024K)]
  0x000002967783d4a0 JavaThread "C1 CompilerThread0"         daemon [_thread_blocked, id=23864, stack(0x000000b48dc00000,0x000000b48dd00000) (1024K)]
  0x000002967928abe0 JavaThread "Common-Cleaner"             daemon [_thread_blocked, id=17096, stack(0x000000b48de00000,0x000000b48df00000) (1024K)]
  0x00000296793608f0 JavaThread "Notification Thread"        daemon [_thread_blocked, id=23772, stack(0x000000b48dd00000,0x000000b48de00000) (1024K)]
  0x0000029679b87c00 JavaThread "Active Thread: Equinox Container: e3a42b11-a8c4-4159-87b3-4a548c6a5b4b"        [_thread_blocked, id=11440, stack(0x000000b48e600000,0x000000b48e700000) (1024K)]
  0x0000029679b770e0 JavaThread "Refresh Thread: Equinox Container: e3a42b11-a8c4-4159-87b3-4a548c6a5b4b" daemon [_thread_blocked, id=1004, stack(0x000000b48e800000,0x000000b48e900000) (1024K)]
  0x0000029679b62740 JavaThread "Framework Event Dispatcher: Equinox Container: e3a42b11-a8c4-4159-87b3-4a548c6a5b4b" daemon [_thread_blocked, id=14776, stack(0x000000b48e900000,0x000000b48ea00000) (1024K)]
  0x0000029679b63b00 JavaThread "Start Level: Equinox Container: e3a42b11-a8c4-4159-87b3-4a548c6a5b4b" daemon [_thread_blocked, id=23632, stack(0x000000b48ea00000,0x000000b48eb00000) (1024K)]
  0x000002967e7765f0 JavaThread "Bundle File Closer"         daemon [_thread_blocked, id=18720, stack(0x000000b48eb00000,0x000000b48ec00000) (1024K)]
  0x000002967e1e3d90 JavaThread "SCR Component Actor"        daemon [_thread_blocked, id=4536, stack(0x000000b48ec00000,0x000000b48ed00000) (1024K)]
  0x000002967e328560 JavaThread "Worker-JM"                         [_thread_blocked, id=12244, stack(0x000000b48ed00000,0x000000b48ee00000) (1024K)]
  0x000002967e6d9f40 JavaThread "JNA Cleaner"                daemon [_thread_blocked, id=7044, stack(0x000000b48ee00000,0x000000b48ef00000) (1024K)]
  0x000002967e8eb1a0 JavaThread "Java indexing"              daemon [_thread_blocked, id=21528, stack(0x000000b48f200000,0x000000b48f300000) (1024K)]
  0x000002967e8ecbe0 JavaThread "Thread-1"                   daemon [_thread_in_native, id=26068, stack(0x000000b48f700000,0x000000b48f800000) (1024K)]
  0x000002967978d230 JavaThread "Thread-2"                   daemon [_thread_in_native, id=27880, stack(0x000000b48f800000,0x000000b48f900000) (1024K)]
  0x000002967978d8c0 JavaThread "Thread-3"                   daemon [_thread_in_native, id=24236, stack(0x000000b48f900000,0x000000b48fa00000) (1024K)]
  0x000002967978f990 JavaThread "Thread-4"                   daemon [_thread_in_native, id=26568, stack(0x000000b48fa00000,0x000000b48fb00000) (1024K)]
  0x000002967978cba0 JavaThread "Thread-5"                   daemon [_thread_in_native, id=25988, stack(0x000000b48fb00000,0x000000b48fc00000) (1024K)]
  0x000002967978df50 JavaThread "Thread-6"                   daemon [_thread_in_native, id=12832, stack(0x000000b48fc00000,0x000000b48fd00000) (1024K)]
  0x000002967978f300 JavaThread "Thread-7"                   daemon [_thread_in_native, id=3436, stack(0x000000b48fd00000,0x000000b48fe00000) (1024K)]
  0x000002967978e5e0 JavaThread "Thread-8"                   daemon [_thread_in_native, id=25848, stack(0x000000b48fe00000,0x000000b48ff00000) (1024K)]
  0x000002967978ec70 JavaThread "Thread-9"                   daemon [_thread_in_native, id=2216, stack(0x000000b48ff00000,0x000000b490000000) (1024K)]
  0x0000029679790020 JavaThread "pool-2-thread-1"                   [_thread_blocked, id=25752, stack(0x000000b490000000,0x000000b490100000) (1024K)]
  0x000002965ae1d9d0 JavaThread "WorkspaceEventsHandler"            [_thread_blocked, id=26728, stack(0x000000b490100000,0x000000b490200000) (1024K)]
  0x000002965ae207c0 JavaThread "pool-1-thread-1"                   [_thread_blocked, id=27868, stack(0x000000b490200000,0x000000b490300000) (1024K)]
  0x000002965ae1b270 JavaThread "Compiler Source File Reader" daemon [_thread_blocked, id=20324, stack(0x000000b490f00000,0x000000b491000000) (1024K)]
  0x000002965ae1e060 JavaThread "Compiler Source File Reader" daemon [_thread_blocked, id=10400, stack(0x000000b491000000,0x000000b491100000) (1024K)]
  0x00000296514a8bb0 JavaThread "ForkJoinPool.commonPool-worker-1" daemon [_thread_blocked, id=23660, stack(0x000000b491800000,0x000000b491900000) (1024K)]
  0x00000296514ad3e0 JavaThread "ForkJoinPool.commonPool-worker-2" daemon [_thread_blocked, id=27636, stack(0x000000b491900000,0x000000b491a00000) (1024K)]
  0x00000296514a6450 JavaThread "ForkJoinPool.commonPool-worker-3" daemon [_thread_blocked, id=27284, stack(0x000000b491a00000,0x000000b491b00000) (1024K)]
  0x000002965ac0ee10 JavaThread "Cleaner-0"                  daemon [_thread_blocked, id=14408, stack(0x000000b491f00000,0x000000b492000000) (1024K)]
  0x000002965ac0f4a0 JavaThread "ForkJoinPool.commonPool-worker-8" daemon [_thread_blocked, id=28376, stack(0x000000b48cf00000,0x000000b48d000000) (1024K)]
  0x000002967e8eb830 JavaThread "ForkJoinPool.commonPool-worker-9" daemon [_thread_blocked, id=19628, stack(0x000000b48d000000,0x000000b48d100000) (1024K)]
  0x000002967e8ed270 JavaThread "Worker-8"                          [_thread_blocked, id=8764, stack(0x000000b48df00000,0x000000b48e000000) (1024K)]
  0x000002965ae1c620 JavaThread "Java Debug Server"          daemon [_thread_in_native, id=27272, stack(0x000000b48f000000,0x000000b48f100000) (1024K)]
  0x000002965ae21b70 JavaThread "RxSchedulerPurge-1"         daemon [_thread_blocked, id=27260, stack(0x000000b490400000,0x000000b490500000) (1024K)]
  0x00000296514a7170 JavaThread "RxCachedWorkerPoolEvictor-1" daemon [_thread_blocked, id=17000, stack(0x000000b490500000,0x000000b490600000) (1024K)]
  0x000002965ae1f410 JavaThread "ForkJoinPool.commonPool-worker-10" daemon [_thread_blocked, id=26028, stack(0x000000b48f600000,0x000000b48f700000) (1024K)]
  0x000002965ae22200 JavaThread "Compiler Source File Reader" daemon [_thread_blocked, id=27436, stack(0x000000b490300000,0x000000b490400000) (1024K)]
  0x00000296514a8520 JavaThread "Compiler Source File Reader" daemon [_thread_blocked, id=9228, stack(0x000000b490900000,0x000000b490a00000) (1024K)]
  0x00000296514a6ae0 JavaThread "Compiler Source File Reader" daemon [_thread_blocked, id=28596, stack(0x000000b490800000,0x000000b490900000) (1024K)]
  0x00000296514a7800 JavaThread "Compiler Source File Reader" daemon [_thread_blocked, id=11620, stack(0x000000b490a00000,0x000000b490b00000) (1024K)]
  0x00000296514ab9a0 JavaThread "ForkJoinPool.commonPool-worker-11" daemon [_thread_blocked, id=26816, stack(0x000000b48f300000,0x000000b48f400000) (1024K)]
  0x000002965b9ff500 JavaThread "Worker-12"                         [_thread_blocked, id=7660, stack(0x000000b48f400000,0x000000b48f500000) (1024K)]
  0x000002965b9fc710 JavaThread "Worker-13"                         [_thread_blocked, id=24868, stack(0x000000b48ce00000,0x000000b48cf00000) (1024K)]
  0x000002965b9fe150 JavaThread "Compiler Processing Task"   daemon [_thread_blocked, id=26024, stack(0x000000b48ef00000,0x000000b48f000000) (1024K)]
  0x000002965ba00220 JavaThread "Worker-14"                         [_thread_blocked, id=27716, stack(0x000000b48f100000,0x000000b48f200000) (1024K)]
  0x000002965b9fee70 JavaThread "pool-3-thread-5"                   [_thread_in_native, id=20912, stack(0x000000b48f500000,0x000000b48f600000) (1024K)]
  0x000002965b9fc080 JavaThread "RxNewThreadScheduler-9"     daemon [_thread_blocked, id=12000, stack(0x000000b490c20000,0x000000b490d20000) (1024K)]
  0x000002965b9fe7e0 JavaThread "process reaper (pid 13740)" daemon [_thread_in_native, id=25660, stack(0x000000b490b00000,0x000000b490b20000) (128K)]
Total: 57

Other Threads:
  0x000002966fe6e7b0 VMThread "VM Thread"                           [id=14440, stack(0x000000b48d400000,0x000000b48d500000) (1024K)]
  0x000002966fe1c200 WatcherThread "VM Periodic Task Thread"        [id=13724, stack(0x000000b48d300000,0x000000b48d400000) (1024K)]
  0x000002966fdcf330 WorkerThread "GC Thread#0"                     [id=3852, stack(0x000000b48d200000,0x000000b48d300000) (1024K)]
  0x00000296797a8cf0 WorkerThread "GC Thread#1"                     [id=26752, stack(0x000000b48e000000,0x000000b48e100000) (1024K)]
  0x00000296797a9090 WorkerThread "GC Thread#2"                     [id=13024, stack(0x000000b48e100000,0x000000b48e200000) (1024K)]
  0x00000296797a9430 WorkerThread "GC Thread#3"                     [id=28664, stack(0x000000b48e200000,0x000000b48e300000) (1024K)]
  0x00000296796fe650 WorkerThread "GC Thread#4"                     [id=26792, stack(0x000000b48e300000,0x000000b48e400000) (1024K)]
  0x00000296796fe9f0 WorkerThread "GC Thread#5"                     [id=18844, stack(0x000000b48e400000,0x000000b48e500000) (1024K)]
  0x00000296796fed90 WorkerThread "GC Thread#6"                     [id=28244, stack(0x000000b48e500000,0x000000b48e600000) (1024K)]
  0x0000029679b76d40 WorkerThread "GC Thread#7"                     [id=23860, stack(0x000000b48e700000,0x000000b48e800000) (1024K)]
Total: 10

Threads with active compile tasks:
Total: 0

VM state: not at safepoint (normal execution)

VM Mutex/Monitor currently owned by a thread: None

Heap address: 0x0000000080000000, size: 2048 MB, Compressed Oops mode: 32-bit

CDS archive(s) mapped at: [0x000002960f000000-0x000002960fba0000-0x000002960fba0000), size 12189696, SharedBaseAddress: 0x000002960f000000, ArchiveRelocationMode: 1.
Compressed class space mapped at: 0x0000029610000000-0x0000029650000000, reserved size: 1073741824
Narrow klass base: 0x000002960f000000, Narrow klass shift: 0, Narrow klass range: 0x100000000

GC Precious Log:
 CardTable entry size: 512
 CPUs: 8 total, 8 available
 Memory: 6082M
 Large Page Support: Disabled
 NUMA Support: Disabled
 Compressed Oops: Enabled (32-bit)
 Alignments: Space 512K, Generation 512K, Heap 2M
 Heap Min Capacity: 100M
 Heap Initial Capacity: 100M
 Heap Max Capacity: 2G
 Pre-touch: Disabled
 Parallel Workers: 8

Heap:
 PSYoungGen      total 9216K, used 3913K [0x00000000d5580000, 0x00000000d6200000, 0x0000000100000000)
  eden space 5632K, 12% used [0x00000000d5580000,0x00000000d562dbc0,0x00000000d5b00000)
  from space 3584K, 89% used [0x00000000d5b00000,0x00000000d5e24960,0x00000000d5e80000)
  to   space 3584K, 0% used [0x00000000d5e80000,0x00000000d5e80000,0x00000000d6200000)
 ParOldGen       total 749056K, used 748564K [0x0000000080000000, 0x00000000adb80000, 0x00000000d5580000)
  object space 749056K, 99% used [0x0000000080000000,0x00000000adb052d0,0x00000000adb80000)
 Metaspace       used 87787K, committed 89472K, reserved 1179648K
  class space    used 9137K, committed 9856K, reserved 1048576K

Card table byte_map: [0x000002966f790000,0x000002966fba0000] _byte_map_base: 0x000002966f390000

Marking Bits: (ParMarkBitMap*) 0x00007fff17482460
 Begin Bits: [0x0000029673270000, 0x0000029675270000)
 End Bits:   [0x0000029675270000, 0x0000029677270000)

Polling page: 0x000002966f580000

Metaspace:

Usage:
  Non-class:     76.81 MB used.
      Class:      8.92 MB used.
       Both:     85.73 MB used.

Virtual space:
  Non-class space:      128.00 MB reserved,      77.75 MB ( 61%) committed,  2 nodes.
      Class space:        1.00 GB reserved,       9.62 MB ( <1%) committed,  1 nodes.
             Both:        1.12 GB reserved,      87.38 MB (  8%) committed. 

Chunk freelists:
   Non-Class:  1.63 MB
       Class:  6.31 MB
        Both:  7.94 MB

MaxMetaspaceSize: unlimited
CompressedClassSpaceSize: 1.00 GB
Initial GC threshold: 21.00 MB
Current GC threshold: 139.19 MB
CDS: on
 - commit_granule_bytes: 65536.
 - commit_granule_words: 8192.
 - virtual_space_node_default_size: 8388608.
 - enlarge_chunks_in_place: 1.
 - use_allocation_guard: 0.


Internal statistics:

num_allocs_failed_limit: 9.
num_arena_births: 1538.
num_arena_deaths: 52.
num_vsnodes_births: 3.
num_vsnodes_deaths: 0.
num_space_committed: 1398.
num_space_uncommitted: 0.
num_chunks_returned_to_freelist: 74.
num_chunks_taken_from_freelist: 5859.
num_chunk_merges: 12.
num_chunk_splits: 3469.
num_chunks_enlarged: 1883.
num_inconsistent_stats: 0.

CodeHeap 'non-profiled nmethods': size=120000Kb used=18244Kb max_used=18244Kb free=101755Kb
 bounds [0x0000029607ad0000, 0x0000029608cb0000, 0x000002960f000000]
CodeHeap 'profiled nmethods': size=120000Kb used=51767Kb max_used=51767Kb free=68233Kb
 bounds [0x0000029600000000, 0x0000029603290000, 0x0000029607530000]
CodeHeap 'non-nmethods': size=5760Kb used=1523Kb max_used=1587Kb free=4236Kb
 bounds [0x0000029607530000, 0x00000296077a0000, 0x0000029607ad0000]
CodeCache: size=245760Kb, used=71534Kb, max_used=71598Kb, free=174224Kb
 total_blobs=20934, nmethods=20091, adapters=745, full_count=0
Compilation: enabled, stopped_count=0, restarted_count=0

Compilation events (20 events):
Event: 906.695 Thread 0x000002967783d4a0 21749       3       java.lang.AbstractStringBuilder::insert (54 bytes)
Event: 906.696 Thread 0x000002967783d4a0 nmethod 21749 0x000002960327c810 code [0x000002960327ca60, 0x000002960327d108]
Event: 910.581 Thread 0x000002967783d4a0 21750   !   3       org.eclipse.jdt.internal.compiler.parser.Scanner::getNextToken0 (3068 bytes)
Event: 910.874 Thread 0x000002967783d4a0 nmethod 21750 0x000002960327d410 code [0x000002960327e120, 0x0000029603285d20]
Event: 910.896 Thread 0x000002967783d4a0 21751       3       org.eclipse.jdt.internal.core.search.PatternSearchJob$$Lambda/0x00000296106cc6f8::<init> (20 bytes)
Event: 910.938 Thread 0x000002967783d4a0 nmethod 21751 0x0000029603288d10 code [0x0000029603288ec0, 0x0000029603289068]
Event: 910.938 Thread 0x000002967783d4a0 21752       3       org.eclipse.jdt.internal.core.search.PatternSearchJob::lambda$0 (8 bytes)
Event: 910.962 Thread 0x000002967783d4a0 nmethod 21752 0x0000029603289110 code [0x00000296032892c0, 0x0000029603289400]
Event: 911.107 Thread 0x000002967783a5a0 21754       4       com.google.gson.stream.JsonReader::beginObject (40 bytes)
Event: 911.167 Thread 0x000002967783d4a0 21756       3       org.eclipse.jdt.internal.core.search.PatternSearchJob::collectTo (10 bytes)
Event: 911.185 Thread 0x000002967783a5a0 nmethod 21754 0x0000029608ca0810 code [0x0000029608ca09a0, 0x0000029608ca0b20]
Event: 911.185 Thread 0x000002967783a5a0 21755       4       com.google.gson.stream.JsonReader::endObject (70 bytes)
Event: 911.187 Thread 0x000002967783a5a0 nmethod 21755 0x0000029608ca0c90 code [0x0000029608ca0e20, 0x0000029608ca0f98]
Event: 911.203 Thread 0x000002967783d4a0 nmethod 21756 0x0000029603289490 code [0x0000029603289640, 0x00000296032898d0]
Event: 911.203 Thread 0x000002967783d4a0 21757   !   3       org.eclipse.jdt.internal.core.search.PatternSearchJob::search (246 bytes)
Event: 911.487 Thread 0x000002967783d4a0 nmethod 21757 0x0000029603289a10 code [0x0000029603289dc0, 0x000002960328b5c0]
Event: 911.487 Thread 0x000002967783d4a0 21760  s    3       org.eclipse.jdt.internal.core.index.DiskIndex::stopQuery (92 bytes)
Event: 911.487 Thread 0x000002967783d4a0 nmethod 21760 0x000002960328bf90 code [0x000002960328c180, 0x000002960328c5d8]
Event: 911.487 Thread 0x000002967783d4a0 21758   !   3       org.eclipse.jdt.internal.core.search.PatternSearchJob::clone (45 bytes)
Event: 911.631 Thread 0x000002967783d4a0 nmethod 21758 0x000002960328c790 code [0x000002960328ca40, 0x000002960328d748]

GC Heap History (20 events):
Event: 894.317 GC heap before
{Heap before GC invocations=1176 (full 4):
 PSYoungGen      total 6144K, used 5904K [0x00000000d5580000, 0x00000000d5e00000, 0x0000000100000000)
  eden space 4608K, 100% used [0x00000000d5580000,0x00000000d5a00000,0x00000000d5a00000)
  from space 1536K, 84% used [0x00000000d5a00000,0x00000000d5b44010,0x00000000d5b80000)
  to   space 1536K, 0% used [0x00000000d5c80000,0x00000000d5c80000,0x00000000d5e00000)
 ParOldGen       total 738816K, used 738482K [0x0000000080000000, 0x00000000ad180000, 0x00000000d5580000)
  object space 738816K, 99% used [0x0000000080000000,0x00000000ad12c8d0,0x00000000ad180000)
 Metaspace       used 87768K, committed 89472K, reserved 1179648K
  class space    used 9137K, committed 9856K, reserved 1048576K
}
Event: 894.321 GC heap after
{Heap after GC invocations=1176 (full 4):
 PSYoungGen      total 7168K, used 1136K [0x00000000d5580000, 0x00000000d5e00000, 0x0000000100000000)
  eden space 5632K, 0% used [0x00000000d5580000,0x00000000d5580000,0x00000000d5b00000)
  from space 1536K, 73% used [0x00000000d5c80000,0x00000000d5d9c010,0x00000000d5e00000)
  to   space 1536K, 0% used [0x00000000d5b00000,0x00000000d5b00000,0x00000000d5c80000)
 ParOldGen       total 739840K, used 739615K [0x0000000080000000, 0x00000000ad280000, 0x00000000d5580000)
  object space 739840K, 99% used [0x0000000080000000,0x00000000ad247fe8,0x00000000ad280000)
 Metaspace       used 87768K, committed 89472K, reserved 1179648K
  class space    used 9137K, committed 9856K, reserved 1048576K
}
Event: 894.334 GC heap before
{Heap before GC invocations=1177 (full 4):
 PSYoungGen      total 7168K, used 6768K [0x00000000d5580000, 0x00000000d5e00000, 0x0000000100000000)
  eden space 5632K, 100% used [0x00000000d5580000,0x00000000d5b00000,0x00000000d5b00000)
  from space 1536K, 73% used [0x00000000d5c80000,0x00000000d5d9c010,0x00000000d5e00000)
  to   space 1536K, 0% used [0x00000000d5b00000,0x00000000d5b00000,0x00000000d5c80000)
 ParOldGen       total 739840K, used 739615K [0x0000000080000000, 0x00000000ad280000, 0x00000000d5580000)
  object space 739840K, 99% used [0x0000000080000000,0x00000000ad247fe8,0x00000000ad280000)
 Metaspace       used 87768K, committed 89472K, reserved 1179648K
  class space    used 9137K, committed 9856K, reserved 1048576K
}
Event: 894.338 GC heap after
{Heap after GC invocations=1177 (full 4):
 PSYoungGen      total 7168K, used 1248K [0x00000000d5580000, 0x00000000d5f80000, 0x0000000100000000)
  eden space 5632K, 0% used [0x00000000d5580000,0x00000000d5580000,0x00000000d5b00000)
  from space 1536K, 81% used [0x00000000d5b00000,0x00000000d5c38000,0x00000000d5c80000)
  to   space 1536K, 0% used [0x00000000d5e00000,0x00000000d5e00000,0x00000000d5f80000)
 ParOldGen       total 740864K, used 740627K [0x0000000080000000, 0x00000000ad380000, 0x00000000d5580000)
  object space 740864K, 99% used [0x0000000080000000,0x00000000ad344c18,0x00000000ad380000)
 Metaspace       used 87768K, committed 89472K, reserved 1179648K
  class space    used 9137K, committed 9856K, reserved 1048576K
}
Event: 894.473 GC heap before
{Heap before GC invocations=1178 (full 4):
 PSYoungGen      total 7168K, used 6880K [0x00000000d5580000, 0x00000000d5f80000, 0x0000000100000000)
  eden space 5632K, 100% used [0x00000000d5580000,0x00000000d5b00000,0x00000000d5b00000)
  from space 1536K, 81% used [0x00000000d5b00000,0x00000000d5c38000,0x00000000d5c80000)
  to   space 1536K, 0% used [0x00000000d5e00000,0x00000000d5e00000,0x00000000d5f80000)
 ParOldGen       total 740864K, used 740627K [0x0000000080000000, 0x00000000ad380000, 0x00000000d5580000)
  object space 740864K, 99% used [0x0000000080000000,0x00000000ad344c18,0x00000000ad380000)
 Metaspace       used 87770K, committed 89472K, reserved 1179648K
  class space    used 9137K, committed 9856K, reserved 1048576K
}
Event: 894.479 GC heap after
{Heap after GC invocations=1178 (full 4):
 PSYoungGen      total 8704K, used 1312K [0x00000000d5580000, 0x00000000d5f80000, 0x0000000100000000)
  eden space 7168K, 0% used [0x00000000d5580000,0x00000000d5580000,0x00000000d5c80000)
  from space 1536K, 85% used [0x00000000d5e00000,0x00000000d5f48000,0x00000000d5f80000)
  to   space 1536K, 0% used [0x00000000d5c80000,0x00000000d5c80000,0x00000000d5e00000)
 ParOldGen       total 741888K, used 741773K [0x0000000080000000, 0x00000000ad480000, 0x00000000d5580000)
  object space 741888K, 99% used [0x0000000080000000,0x00000000ad463620,0x00000000ad480000)
 Metaspace       used 87770K, committed 89472K, reserved 1179648K
  class space    used 9137K, committed 9856K, reserved 1048576K
}
Event: 894.801 GC heap before
{Heap before GC invocations=1179 (full 4):
 PSYoungGen      total 8704K, used 8480K [0x00000000d5580000, 0x00000000d5f80000, 0x0000000100000000)
  eden space 7168K, 100% used [0x00000000d5580000,0x00000000d5c80000,0x00000000d5c80000)
  from space 1536K, 85% used [0x00000000d5e00000,0x00000000d5f48000,0x00000000d5f80000)
  to   space 1536K, 0% used [0x00000000d5c80000,0x00000000d5c80000,0x00000000d5e00000)
 ParOldGen       total 741888K, used 741773K [0x0000000080000000, 0x00000000ad480000, 0x00000000d5580000)
  object space 741888K, 99% used [0x0000000080000000,0x00000000ad463620,0x00000000ad480000)
 Metaspace       used 87772K, committed 89472K, reserved 1179648K
  class space    used 9137K, committed 9856K, reserved 1048576K
}
Event: 894.806 GC heap after
{Heap after GC invocations=1179 (full 4):
 PSYoungGen      total 8704K, used 1536K [0x00000000d5580000, 0x00000000d6380000, 0x0000000100000000)
  eden space 7168K, 0% used [0x00000000d5580000,0x00000000d5580000,0x00000000d5c80000)
  from space 1536K, 100% used [0x00000000d5c80000,0x00000000d5e00000,0x00000000d5e00000)
  to   space 3584K, 0% used [0x00000000d6000000,0x00000000d6000000,0x00000000d6380000)
 ParOldGen       total 743424K, used 743112K [0x0000000080000000, 0x00000000ad600000, 0x00000000d5580000)
  object space 743424K, 99% used [0x0000000080000000,0x00000000ad5b23a0,0x00000000ad600000)
 Metaspace       used 87772K, committed 89472K, reserved 1179648K
  class space    used 9137K, committed 9856K, reserved 1048576K
}
Event: 895.249 GC heap before
{Heap before GC invocations=1180 (full 4):
 PSYoungGen      total 8704K, used 8704K [0x00000000d5580000, 0x00000000d6380000, 0x0000000100000000)
  eden space 7168K, 100% used [0x00000000d5580000,0x00000000d5c80000,0x00000000d5c80000)
  from space 1536K, 100% used [0x00000000d5c80000,0x00000000d5e00000,0x00000000d5e00000)
  to   space 3584K, 0% used [0x00000000d6000000,0x00000000d6000000,0x00000000d6380000)
 ParOldGen       total 743424K, used 743112K [0x0000000080000000, 0x00000000ad600000, 0x00000000d5580000)
  object space 743424K, 99% used [0x0000000080000000,0x00000000ad5b23a0,0x00000000ad600000)
 Metaspace       used 87774K, committed 89472K, reserved 1179648K
  class space    used 9137K, committed 9856K, reserved 1048576K
}
Event: 895.255 GC heap after
{Heap after GC invocations=1180 (full 4):
 PSYoungGen      total 8704K, used 1344K [0x00000000d5580000, 0x00000000d6180000, 0x0000000100000000)
  eden space 7168K, 0% used [0x00000000d5580000,0x00000000d5580000,0x00000000d5c80000)
  from space 1536K, 87% used [0x00000000d6000000,0x00000000d6150000,0x00000000d6180000)
  to   space 2048K, 0% used [0x00000000d5d80000,0x00000000d5d80000,0x00000000d5f80000)
 ParOldGen       total 744960K, used 744629K [0x0000000080000000, 0x00000000ad780000, 0x00000000d5580000)
  object space 744960K, 99% used [0x0000000080000000,0x00000000ad72d6c0,0x00000000ad780000)
 Metaspace       used 87774K, committed 89472K, reserved 1179648K
  class space    used 9137K, committed 9856K, reserved 1048576K
}
Event: 895.351 GC heap before
{Heap before GC invocations=1181 (full 4):
 PSYoungGen      total 8704K, used 8512K [0x00000000d5580000, 0x00000000d6180000, 0x0000000100000000)
  eden space 7168K, 100% used [0x00000000d5580000,0x00000000d5c80000,0x00000000d5c80000)
  from space 1536K, 87% used [0x00000000d6000000,0x00000000d6150000,0x00000000d6180000)
  to   space 2048K, 0% used [0x00000000d5d80000,0x00000000d5d80000,0x00000000d5f80000)
 ParOldGen       total 744960K, used 744629K [0x0000000080000000, 0x00000000ad780000, 0x00000000d5580000)
  object space 744960K, 99% used [0x0000000080000000,0x00000000ad72d6c0,0x00000000ad780000)
 Metaspace       used 87775K, committed 89472K, reserved 1179648K
  class space    used 9137K, committed 9856K, reserved 1048576K
}
Event: 895.356 GC heap after
{Heap after GC invocations=1181 (full 4):
 PSYoungGen      total 8704K, used 1056K [0x00000000d5580000, 0x00000000d6080000, 0x0000000100000000)
  eden space 7168K, 0% used [0x00000000d5580000,0x00000000d5580000,0x00000000d5c80000)
  from space 1536K, 68% used [0x00000000d5d80000,0x00000000d5e88000,0x00000000d5f00000)
  to   space 1536K, 0% used [0x00000000d5f00000,0x00000000d5f00000,0x00000000d6080000)
 ParOldGen       total 745984K, used 745781K [0x0000000080000000, 0x00000000ad880000, 0x00000000d5580000)
  object space 745984K, 99% used [0x0000000080000000,0x00000000ad84d570,0x00000000ad880000)
 Metaspace       used 87775K, committed 89472K, reserved 1179648K
  class space    used 9137K, committed 9856K, reserved 1048576K
}
Event: 899.850 GC heap before
{Heap before GC invocations=1182 (full 4):
 PSYoungGen      total 8704K, used 8224K [0x00000000d5580000, 0x00000000d6080000, 0x0000000100000000)
  eden space 7168K, 100% used [0x00000000d5580000,0x00000000d5c80000,0x00000000d5c80000)
  from space 1536K, 68% used [0x00000000d5d80000,0x00000000d5e88000,0x00000000d5f00000)
  to   space 1536K, 0% used [0x00000000d5f00000,0x00000000d5f00000,0x00000000d6080000)
 ParOldGen       total 745984K, used 745781K [0x0000000080000000, 0x00000000ad880000, 0x00000000d5580000)
  object space 745984K, 99% used [0x0000000080000000,0x00000000ad84d570,0x00000000ad880000)
 Metaspace       used 87777K, committed 89472K, reserved 1179648K
  class space    used 9137K, committed 9856K, reserved 1048576K
}
Event: 899.853 GC heap after
{Heap after GC invocations=1182 (full 4):
 PSYoungGen      total 7680K, used 256K [0x00000000d5580000, 0x00000000d5f80000, 0x0000000100000000)
  eden space 7168K, 0% used [0x00000000d5580000,0x00000000d5580000,0x00000000d5c80000)
  from space 512K, 50% used [0x00000000d5f00000,0x00000000d5f40000,0x00000000d5f80000)
  to   space 1024K, 0% used [0x00000000d5d80000,0x00000000d5d80000,0x00000000d5e80000)
 ParOldGen       total 745984K, used 745805K [0x0000000080000000, 0x00000000ad880000, 0x00000000d5580000)
  object space 745984K, 99% used [0x0000000080000000,0x00000000ad853570,0x00000000ad880000)
 Metaspace       used 87777K, committed 89472K, reserved 1179648K
  class space    used 9137K, committed 9856K, reserved 1048576K
}
Event: 910.976 GC heap before
{Heap before GC invocations=1183 (full 4):
 PSYoungGen      total 7680K, used 7424K [0x00000000d5580000, 0x00000000d5f80000, 0x0000000100000000)
  eden space 7168K, 100% used [0x00000000d5580000,0x00000000d5c80000,0x00000000d5c80000)
  from space 512K, 50% used [0x00000000d5f00000,0x00000000d5f40000,0x00000000d5f80000)
  to   space 1024K, 0% used [0x00000000d5d80000,0x00000000d5d80000,0x00000000d5e80000)
 ParOldGen       total 745984K, used 745805K [0x0000000080000000, 0x00000000ad880000, 0x00000000d5580000)
  object space 745984K, 99% used [0x0000000080000000,0x00000000ad853570,0x00000000ad880000)
 Metaspace       used 87782K, committed 89472K, reserved 1179648K
  class space    used 9137K, committed 9856K, reserved 1048576K
}
Event: 911.032 GC heap after
{Heap after GC invocations=1183 (full 4):
 PSYoungGen      total 8192K, used 1001K [0x00000000d5580000, 0x00000000d6180000, 0x0000000100000000)
  eden space 7168K, 0% used [0x00000000d5580000,0x00000000d5580000,0x00000000d5c80000)
  from space 1024K, 97% used [0x00000000d5d80000,0x00000000d5e7a4f0,0x00000000d5e80000)
  to   space 2560K, 0% used [0x00000000d5f00000,0x00000000d5f00000,0x00000000d6180000)
 ParOldGen       total 747008K, used 746610K [0x0000000080000000, 0x00000000ad980000, 0x00000000d5580000)
  object space 747008K, 99% used [0x0000000080000000,0x00000000ad91ca40,0x00000000ad980000)
 Metaspace       used 87782K, committed 89472K, reserved 1179648K
  class space    used 9137K, committed 9856K, reserved 1048576K
}
Event: 911.295 GC heap before
{Heap before GC invocations=1184 (full 4):
 PSYoungGen      total 8192K, used 8169K [0x00000000d5580000, 0x00000000d6180000, 0x0000000100000000)
  eden space 7168K, 100% used [0x00000000d5580000,0x00000000d5c80000,0x00000000d5c80000)
  from space 1024K, 97% used [0x00000000d5d80000,0x00000000d5e7a4f0,0x00000000d5e80000)
  to   space 2560K, 0% used [0x00000000d5f00000,0x00000000d5f00000,0x00000000d6180000)
 ParOldGen       total 747008K, used 746610K [0x0000000080000000, 0x00000000ad980000, 0x00000000d5580000)
  object space 747008K, 99% used [0x0000000080000000,0x00000000ad91ca40,0x00000000ad980000)
 Metaspace       used 87784K, committed 89472K, reserved 1179648K
  class space    used 9137K, committed 9856K, reserved 1048576K
}
Event: 911.313 GC heap after
{Heap after GC invocations=1184 (full 4):
 PSYoungGen      total 8192K, used 2546K [0x00000000d5580000, 0x00000000d6480000, 0x0000000100000000)
  eden space 5632K, 0% used [0x00000000d5580000,0x00000000d5580000,0x00000000d5b00000)
  from space 2560K, 99% used [0x00000000d5f00000,0x00000000d617c960,0x00000000d6180000)
  to   space 4096K, 0% used [0x00000000d5b00000,0x00000000d5b00000,0x00000000d5f00000)
 ParOldGen       total 747520K, used 747413K [0x0000000080000000, 0x00000000ada00000, 0x00000000d5580000)
  object space 747520K, 99% used [0x0000000080000000,0x00000000ad9e56b0,0x00000000ada00000)
 Metaspace       used 87784K, committed 89472K, reserved 1179648K
  class space    used 9137K, committed 9856K, reserved 1048576K
}
Event: 911.387 GC heap before
{Heap before GC invocations=1185 (full 4):
 PSYoungGen      total 8192K, used 8178K [0x00000000d5580000, 0x00000000d6480000, 0x0000000100000000)
  eden space 5632K, 100% used [0x00000000d5580000,0x00000000d5b00000,0x00000000d5b00000)
  from space 2560K, 99% used [0x00000000d5f00000,0x00000000d617c960,0x00000000d6180000)
  to   space 4096K, 0% used [0x00000000d5b00000,0x00000000d5b00000,0x00000000d5f00000)
 ParOldGen       total 747520K, used 747413K [0x0000000080000000, 0x00000000ada00000, 0x00000000d5580000)
  object space 747520K, 99% used [0x0000000080000000,0x00000000ad9e56b0,0x00000000ada00000)
 Metaspace       used 87785K, committed 89472K, reserved 1179648K
  class space    used 9137K, committed 9856K, reserved 1048576K
}
Event: 911.411 GC heap after
{Heap after GC invocations=1185 (full 4):
 PSYoungGen      total 9216K, used 3218K [0x00000000d5580000, 0x00000000d6200000, 0x0000000100000000)
  eden space 5632K, 0% used [0x00000000d5580000,0x00000000d5580000,0x00000000d5b00000)
  from space 3584K, 89% used [0x00000000d5b00000,0x00000000d5e24960,0x00000000d5e80000)
  to   space 3584K, 0% used [0x00000000d5e80000,0x00000000d5e80000,0x00000000d6200000)
 ParOldGen       total 749056K, used 748564K [0x0000000080000000, 0x00000000adb80000, 0x00000000d5580000)
  object space 749056K, 99% used [0x0000000080000000,0x00000000adb052d0,0x00000000adb80000)
 Metaspace       used 87785K, committed 89472K, reserved 1179648K
  class space    used 9137K, committed 9856K, reserved 1048576K
}

Dll operation events (12 events):
Event: 0.009 Loaded shared library c:\Users\PeachZ_X\.vscode\extensions\redhat.java-1.52.0-win32-x64\jre\21.0.9-win32-x86_64\bin\java.dll
Event: 0.094 Loaded shared library c:\Users\PeachZ_X\.vscode\extensions\redhat.java-1.52.0-win32-x64\jre\21.0.9-win32-x86_64\bin\zip.dll
Event: 0.146 Loaded shared library C:\Users\PeachZ_X\.vscode\extensions\redhat.java-1.52.0-win32-x64\jre\21.0.9-win32-x86_64\bin\instrument.dll
Event: 0.154 Loaded shared library C:\Users\PeachZ_X\.vscode\extensions\redhat.java-1.52.0-win32-x64\jre\21.0.9-win32-x86_64\bin\net.dll
Event: 0.158 Loaded shared library C:\Users\PeachZ_X\.vscode\extensions\redhat.java-1.52.0-win32-x64\jre\21.0.9-win32-x86_64\bin\nio.dll
Event: 0.161 Loaded shared library C:\Users\PeachZ_X\.vscode\extensions\redhat.java-1.52.0-win32-x64\jre\21.0.9-win32-x86_64\bin\zip.dll
Event: 0.278 Loaded shared library C:\Users\PeachZ_X\.vscode\extensions\redhat.java-1.52.0-win32-x64\jre\21.0.9-win32-x86_64\bin\jimage.dll
Event: 0.459 Loaded shared library c:\Users\PeachZ_X\.vscode\extensions\redhat.java-1.52.0-win32-x64\jre\21.0.9-win32-x86_64\bin\verify.dll
Event: 2.164 Loaded shared library C:\Users\PeachZ_X\AppData\Roaming\Code\User\globalStorage\redhat.java\1.52.0\config_win\org.eclipse.equinox.launcher\org.eclipse.equinox.launcher.win32.win32.x86_64_1.2.1500.v20260121-1430\eclipse_11919.dll
Event: 4.734 Loaded shared library C:\Users\PeachZ_X\AppData\Local\Temp\jna-6108610\jna11337989327227621568.dll
Event: 260.376 Loaded shared library C:\Users\PeachZ_X\.vscode\extensions\redhat.java-1.52.0-win32-x64\jre\21.0.9-win32-x86_64\bin\sunmscapi.dll
Event: 260.543 Loaded shared library C:\Users\PeachZ_X\.vscode\extensions\redhat.java-1.52.0-win32-x64\jre\21.0.9-win32-x86_64\bin\extnet.dll

Deoptimization events (20 events):
Event: 894.513 Thread 0x000002965b9fe150 DEOPT PACKING pc=0x000002960887200c sp=0x000000b48effde00
Event: 894.513 Thread 0x000002965b9fe150 DEOPT UNPACKING pc=0x0000029607583aa2 sp=0x000000b48effdda0 mode 2
Event: 894.520 Thread 0x000002965b9fe150 Uncommon trap: trap_request=0xffffff45 fr.pc=0x00000296088f565c relative=0x000000000000055c
Event: 894.520 Thread 0x000002965b9fe150 Uncommon trap: reason=unstable_if action=reinterpret pc=0x00000296088f565c method=org.eclipse.jdt.internal.compiler.parser.Parser.markEnclosingMemberWithLocalOrFunctionalType(Lorg/eclipse/jdt/internal/compiler/parser/Parser$LocalTypeKind;)V @ 136 c2
Event: 894.520 Thread 0x000002965b9fe150 DEOPT PACKING pc=0x00000296088f565c sp=0x000000b48effde90
Event: 894.520 Thread 0x000002965b9fe150 DEOPT UNPACKING pc=0x0000029607583aa2 sp=0x000000b48effde18 mode 2
Event: 894.811 Thread 0x000002967e8eb1a0 Uncommon trap: trap_request=0xffffffde fr.pc=0x00000296086e7268 relative=0x0000000000001128
Event: 894.811 Thread 0x000002967e8eb1a0 Uncommon trap: reason=class_check action=maybe_recompile pc=0x00000296086e7268 method=org.eclipse.jdt.internal.compiler.SourceElementParser.constructTypeReference(I)Lorg/eclipse/jdt/internal/compiler/ast/TypeReference; @ 432 c2
Event: 894.811 Thread 0x000002967e8eb1a0 DEOPT PACKING pc=0x00000296086e7268 sp=0x000000b48f2fe9b0
Event: 894.811 Thread 0x000002967e8eb1a0 DEOPT UNPACKING pc=0x0000029607583aa2 sp=0x000000b48f2fe950 mode 2
Event: 894.838 Thread 0x000002967e8eb1a0 Uncommon trap: trap_request=0xffffff45 fr.pc=0x0000029608c25724 relative=0x0000000000000524
Event: 894.838 Thread 0x000002967e8eb1a0 Uncommon trap: reason=unstable_if action=reinterpret pc=0x0000029608c25724 method=org.eclipse.jdt.internal.compiler.util.SimpleLookupTable.containsKey(Ljava/lang/Object;)Z @ 25 c2
Event: 894.838 Thread 0x000002967e8eb1a0 DEOPT PACKING pc=0x0000029608c25724 sp=0x000000b48f2fec90
Event: 894.838 Thread 0x000002967e8eb1a0 DEOPT UNPACKING pc=0x0000029607583aa2 sp=0x000000b48f2fec28 mode 2
Event: 895.360 Thread 0x000002965b9fc710 DEOPT PACKING pc=0x0000029603245aac sp=0x000000b48cefe740
Event: 895.361 Thread 0x000002965b9fc710 DEOPT UNPACKING pc=0x0000029607584242 sp=0x000000b48cefdc88 mode 0
Event: 910.581 Thread 0x00000296514ab9a0 Uncommon trap: trap_request=0xffffff45 fr.pc=0x0000029608a209ac relative=0x00000000000007cc
Event: 910.581 Thread 0x00000296514ab9a0 Uncommon trap: reason=unstable_if action=reinterpret pc=0x0000029608a209ac method=org.eclipse.jdt.internal.compiler.parser.Scanner.getNextToken0()Lorg/eclipse/jdt/internal/compiler/parser/TerminalToken; @ 123 c2
Event: 910.581 Thread 0x00000296514ab9a0 DEOPT PACKING pc=0x0000029608a209ac sp=0x000000b48f3feb20
Event: 910.581 Thread 0x00000296514ab9a0 DEOPT UNPACKING pc=0x0000029607583aa2 sp=0x000000b48f3fea60 mode 2

Classes loaded (20 events):
Event: 489.844 Loading class java/util/stream/ReferencePipeline$15$1
Event: 489.846 Loading class java/util/stream/ReferencePipeline$15$1 done
Event: 677.356 Loading class java/lang/StringLatin1$CharsSpliterator
Event: 677.369 Loading class java/lang/StringLatin1$CharsSpliterator done
Event: 748.286 Loading class sun/security/ssl/PreSharedKeyExtension$PskIdentity
Event: 748.289 Loading class sun/security/ssl/PreSharedKeyExtension$PskIdentity done
Event: 748.298 Loading class sun/security/ssl/PreSharedKeyExtension$CHPreSharedKeySpec
Event: 748.303 Loading class sun/security/ssl/PreSharedKeyExtension$CHPreSharedKeySpec done
Event: 748.305 Loading class sun/security/ssl/PreSharedKeyExtension$PartialClientHelloMessage
Event: 748.306 Loading class sun/security/ssl/PreSharedKeyExtension$PartialClientHelloMessage done
Event: 748.306 Loading class sun/security/ssl/SSLEngineOutputRecord
Event: 748.311 Loading class sun/security/ssl/SSLEngineOutputRecord done
Event: 748.313 Loading class sun/security/ssl/SSLEngineOutputRecord$HandshakeFragment
Event: 748.314 Loading class sun/security/ssl/SSLEngineOutputRecord$HandshakeFragment done
Event: 748.315 Loading class sun/security/ssl/SSLEngineOutputRecord$HandshakeMemo
Event: 748.315 Loading class sun/security/ssl/SSLEngineOutputRecord$RecordMemo
Event: 748.315 Loading class sun/security/ssl/SSLEngineOutputRecord$RecordMemo done
Event: 748.315 Loading class sun/security/ssl/SSLEngineOutputRecord$HandshakeMemo done
Event: 748.349 Loading class sun/security/ssl/PreSharedKeyExtension$SHPreSharedKeySpec
Event: 748.350 Loading class sun/security/ssl/PreSharedKeyExtension$SHPreSharedKeySpec done

Classes unloaded (20 events):
Event: 5.309 Thread 0x000002966fe6e7b0 Unloading class 0x00000296101a8400 'java/lang/invoke/LambdaForm$DMH+0x00000296101a8400'
Event: 6.688 Thread 0x000002966fe6e7b0 Unloading class 0x0000029610330800 'java/lang/invoke/LambdaForm$MH+0x0000029610330800'
Event: 6.688 Thread 0x000002966fe6e7b0 Unloading class 0x0000029610330400 'java/lang/invoke/LambdaForm$MH+0x0000029610330400'
Event: 6.688 Thread 0x000002966fe6e7b0 Unloading class 0x000002961032f800 'java/lang/invoke/LambdaForm$MH+0x000002961032f800'
Event: 6.688 Thread 0x000002966fe6e7b0 Unloading class 0x000002961032f400 'java/lang/invoke/LambdaForm$DMH+0x000002961032f400'
Event: 6.688 Thread 0x000002966fe6e7b0 Unloading class 0x000002961032b400 'java/lang/invoke/LambdaForm$MH+0x000002961032b400'
Event: 6.688 Thread 0x000002966fe6e7b0 Unloading class 0x000002961032a800 'java/lang/invoke/LambdaForm$MH+0x000002961032a800'
Event: 6.688 Thread 0x000002966fe6e7b0 Unloading class 0x000002961032a400 'java/lang/invoke/LambdaForm$MH+0x000002961032a400'
Event: 6.688 Thread 0x000002966fe6e7b0 Unloading class 0x0000029610329800 'java/lang/invoke/LambdaForm$MH+0x0000029610329800'
Event: 6.688 Thread 0x000002966fe6e7b0 Unloading class 0x0000029610329400 'java/lang/invoke/LambdaForm$MH+0x0000029610329400'
Event: 6.688 Thread 0x000002966fe6e7b0 Unloading class 0x0000029610328800 'java/lang/invoke/LambdaForm$MH+0x0000029610328800'
Event: 6.688 Thread 0x000002966fe6e7b0 Unloading class 0x0000029610328400 'java/lang/invoke/LambdaForm$MH+0x0000029610328400'
Event: 11.640 Thread 0x000002966fe6e7b0 Unloading class 0x0000029610633800 'java/lang/invoke/LambdaForm$MH+0x0000029610633800'
Event: 11.640 Thread 0x000002966fe6e7b0 Unloading class 0x0000029610633000 'java/lang/invoke/LambdaForm$MH+0x0000029610633000'
Event: 11.640 Thread 0x000002966fe6e7b0 Unloading class 0x0000029610632c00 'java/lang/invoke/LambdaForm$MH+0x0000029610632c00'
Event: 11.640 Thread 0x000002966fe6e7b0 Unloading class 0x0000029610632000 'java/lang/invoke/LambdaForm$MH+0x0000029610632000'
Event: 11.640 Thread 0x000002966fe6e7b0 Unloading class 0x0000029610631800 'java/lang/invoke/LambdaForm$MH+0x0000029610631800'
Event: 11.640 Thread 0x000002966fe6e7b0 Unloading class 0x0000029610631000 'java/lang/invoke/LambdaForm$MH+0x0000029610631000'
Event: 11.640 Thread 0x000002966fe6e7b0 Unloading class 0x0000029610630800 'java/lang/invoke/LambdaForm$MH+0x0000029610630800'
Event: 11.640 Thread 0x000002966fe6e7b0 Unloading class 0x0000029610630400 'java/lang/invoke/LambdaForm$MH+0x0000029610630400'

Classes redefined (0 events):
No events

Internal exceptions (20 events):
Event: 881.384 Thread 0x000002965ae1f410 Exception <a 'sun/nio/fs/WindowsException'{0x00000000d59f8cf8}> (0x00000000d59f8cf8) 
thrown [s\src\hotspot\share\prims\jni.cpp, line 520]
Event: 881.384 Thread 0x000002965ae1f410 Exception <a 'sun/nio/fs/WindowsException'{0x00000000d59f93d0}> (0x00000000d59f93d0) 
thrown [s\src\hotspot\share\prims\jni.cpp, line 520]
Event: 883.777 Thread 0x000002967e8eb1a0 Exception <a 'sun/nio/fs/WindowsException'{0x00000000d5903dc0}> (0x00000000d5903dc0) 
thrown [s\src\hotspot\share\prims\jni.cpp, line 520]
Event: 883.941 Thread 0x000002967e8eb1a0 Exception <a 'sun/nio/fs/WindowsException'{0x00000000d577d338}> (0x00000000d577d338) 
thrown [s\src\hotspot\share\prims\jni.cpp, line 520]
Event: 884.340 Thread 0x00000296514a8bb0 Exception <a 'sun/nio/fs/WindowsException'{0x00000000d55ee3d0}> (0x00000000d55ee3d0) 
thrown [s\src\hotspot\share\prims\jni.cpp, line 520]
Event: 884.341 Thread 0x00000296514a8bb0 Exception <a 'sun/nio/fs/WindowsException'{0x00000000d55eeaa8}> (0x00000000d55eeaa8) 
thrown [s\src\hotspot\share\prims\jni.cpp, line 520]
Event: 885.539 Thread 0x00000296514a6450 Exception <a 'sun/nio/fs/WindowsException'{0x00000000d57657b0}> (0x00000000d57657b0) 
thrown [s\src\hotspot\share\prims\jni.cpp, line 520]
Event: 885.540 Thread 0x00000296514a6450 Exception <a 'sun/nio/fs/WindowsException'{0x00000000d5765e88}> (0x00000000d5765e88) 
thrown [s\src\hotspot\share\prims\jni.cpp, line 520]
Event: 893.731 Thread 0x000002967e8eb1a0 Exception <a 'sun/nio/fs/WindowsException'{0x00000000d55e8940}> (0x00000000d55e8940) 
thrown [s\src\hotspot\share\prims\jni.cpp, line 520]
Event: 894.084 Thread 0x000002967e8eb1a0 Exception <a 'sun/nio/fs/WindowsException'{0x00000000d565dac0}> (0x00000000d565dac0) 
thrown [s\src\hotspot\share\prims\jni.cpp, line 520]
Event: 894.469 Thread 0x000002965b9fe150 Implicit null exception at 0x000002960890290b to 0x0000029608904ffc
Event: 894.469 Thread 0x000002965b9fe150 Implicit null exception at 0x0000029608741b78 to 0x0000029608741f5c
Event: 905.825 Thread 0x00000296514ab9a0 Exception <a 'sun/nio/fs/WindowsException'{0x00000000d5841918}> (0x00000000d5841918) 
thrown [s\src\hotspot\share\prims\jni.cpp, line 520]
Event: 905.826 Thread 0x00000296514ab9a0 Exception <a 'sun/nio/fs/WindowsException'{0x00000000d5841ff0}> (0x00000000d5841ff0) 
thrown [s\src\hotspot\share\prims\jni.cpp, line 520]
Event: 905.826 Thread 0x00000296514ab9a0 Exception <a 'sun/nio/fs/WindowsException'{0x00000000d5842e80}> (0x00000000d5842e80) 
thrown [s\src\hotspot\share\prims\jni.cpp, line 520]
Event: 905.827 Thread 0x00000296514ab9a0 Exception <a 'sun/nio/fs/WindowsException'{0x00000000d5843808}> (0x00000000d5843808) 
thrown [s\src\hotspot\share\prims\jni.cpp, line 520]
Event: 905.829 Thread 0x00000296514ab9a0 Exception <a 'sun/nio/fs/WindowsException'{0x00000000d5844ff0}> (0x00000000d5844ff0) 
thrown [s\src\hotspot\share\prims\jni.cpp, line 520]
Event: 905.829 Thread 0x00000296514ab9a0 Exception <a 'sun/nio/fs/WindowsException'{0x00000000d58456c8}> (0x00000000d58456c8) 
thrown [s\src\hotspot\share\prims\jni.cpp, line 520]
Event: 905.829 Thread 0x00000296514ab9a0 Exception <a 'sun/nio/fs/WindowsException'{0x00000000d5846530}> (0x00000000d5846530) 
thrown [s\src\hotspot\share\prims\jni.cpp, line 520]
Event: 905.829 Thread 0x00000296514ab9a0 Exception <a 'sun/nio/fs/WindowsException'{0x00000000d5846c08}> (0x00000000d5846c08) 
thrown [s\src\hotspot\share\prims\jni.cpp, line 520]

ZGC Phase Switch (0 events):
No events

VM Operations (20 events):
Event: 896.367 Executing VM operation: Cleanup
Event: 896.367 Executing VM operation: Cleanup done
Event: 898.377 Executing VM operation: Cleanup
Event: 898.377 Executing VM operation: Cleanup done
Event: 899.850 Executing VM operation: ParallelGCFailedAllocation (Allocation Failure)
Event: 899.853 Executing VM operation: ParallelGCFailedAllocation (Allocation Failure) done
Event: 902.447 Executing VM operation: HandshakeAllThreads (HandshakeForDeflation)
Event: 902.447 Executing VM operation: HandshakeAllThreads (HandshakeForDeflation) done
Event: 902.448 Executing VM operation: RendezvousGCThreads
Event: 902.448 Executing VM operation: RendezvousGCThreads done
Event: 906.483 Executing VM operation: Cleanup
Event: 906.483 Executing VM operation: Cleanup done
Event: 910.976 Executing VM operation: ParallelGCFailedAllocation (Allocation Failure)
Event: 911.032 Executing VM operation: ParallelGCFailedAllocation (Allocation Failure) done
Event: 911.288 Executing VM operation: ParallelGCFailedAllocation (Allocation Failure)
Event: 911.313 Executing VM operation: ParallelGCFailedAllocation (Allocation Failure) done
Event: 911.327 Executing VM operation: ParallelGCFailedAllocation (Allocation Failure)
Event: 911.411 Executing VM operation: ParallelGCFailedAllocation (Allocation Failure) done
Event: 912.419 Executing VM operation: Cleanup
Event: 912.419 Executing VM operation: Cleanup done

Memory protections (0 events):
No events

Nmethod flushes (20 events):
Event: 361.323 Thread 0x000002966fe6e7b0 flushing  nmethod 0x0000029600e99010
Event: 361.323 Thread 0x000002966fe6e7b0 flushing  nmethod 0x0000029600ef4290
Event: 361.323 Thread 0x000002966fe6e7b0 flushing  nmethod 0x0000029600ef5710
Event: 361.323 Thread 0x000002966fe6e7b0 flushing  nmethod 0x0000029600f09290
Event: 361.323 Thread 0x000002966fe6e7b0 flushing  nmethod 0x0000029600f0c710
Event: 361.323 Thread 0x000002966fe6e7b0 flushing  nmethod 0x0000029600f0d210
Event: 361.323 Thread 0x000002966fe6e7b0 flushing  nmethod 0x0000029600f0d990
Event: 361.323 Thread 0x000002966fe6e7b0 flushing  nmethod 0x0000029600f0e090
Event: 361.323 Thread 0x000002966fe6e7b0 flushing  nmethod 0x0000029600f0ed10
Event: 361.323 Thread 0x000002966fe6e7b0 flushing  nmethod 0x0000029600f11490
Event: 361.323 Thread 0x000002966fe6e7b0 flushing  nmethod 0x0000029600f36810
Event: 361.323 Thread 0x000002966fe6e7b0 flushing  nmethod 0x0000029600f36f10
Event: 361.323 Thread 0x000002966fe6e7b0 flushing  nmethod 0x0000029600f38210
Event: 361.323 Thread 0x000002966fe6e7b0 flushing  nmethod 0x0000029600f38b10
Event: 361.323 Thread 0x000002966fe6e7b0 flushing  nmethod 0x0000029600f40f90
Event: 361.323 Thread 0x000002966fe6e7b0 flushing  nmethod 0x0000029600f41a10
Event: 361.323 Thread 0x000002966fe6e7b0 flushing  nmethod 0x0000029600f42510
Event: 361.323 Thread 0x000002966fe6e7b0 flushing  nmethod 0x0000029600f53e90
Event: 361.323 Thread 0x000002966fe6e7b0 flushing  nmethod 0x0000029600f57d90
Event: 361.323 Thread 0x000002966fe6e7b0 flushing  nmethod 0x0000029600f90390

Events (20 events):
Event: 781.294 Thread 0x000002965ba01c60 Thread added: 0x000002965b9fb9f0
Event: 781.294 Thread 0x000002965b9fc080 Thread exited: 0x000002965b9fc080
Event: 781.534 Thread 0x000002965b9fb9f0 Thread added: 0x000002965ba00220
Event: 781.535 Thread 0x000002965b9fb9f0 Thread exited: 0x000002965b9fb9f0
Event: 787.236 Thread 0x000002965b9ffb90 Thread exited: 0x000002965b9ffb90
Event: 812.589 Thread 0x000002965ac0fb30 Thread exited: 0x000002965ac0fb30
Event: 817.253 Thread 0x000002965ba01c60 Thread exited: 0x000002965ba01c60
Event: 839.183 Thread 0x000002965ae1faa0 Thread exited: 0x000002965ae1faa0
Event: 839.399 Thread 0x000002967e8ebec0 Thread exited: 0x000002967e8ebec0
Event: 847.216 Thread 0x000002965ba00220 Thread exited: 0x000002965ba00220
Event: 883.095 Thread 0x000002967e8ed270 Thread added: 0x000002965b9fc710
Event: 884.240 Thread 0x000002965b9fc710 Thread added: 0x000002965b9fe150
Event: 894.105 Thread 0x000002967e8ed270 Thread added: 0x000002965ba00220
Event: 905.891 Thread 0x000002965ae1c620 Thread added: 0x000002965b9fee70
Event: 905.906 Thread 0x000002965b9fee70 Thread added: 0x000002965b9fc080
Event: 905.926 Thread 0x000002965b9fc080 Thread added: 0x000002965ba00f40
Event: 906.151 Thread 0x000002965b9fee70 Thread added: 0x000002965b9fcda0
Event: 906.152 Thread 0x000002965ba00f40 Thread exited: 0x000002965ba00f40
Event: 906.690 Thread 0x000002965b9fcda0 Thread added: 0x000002965b9fe7e0
Event: 906.695 Thread 0x000002965b9fcda0 Thread exited: 0x000002965b9fcda0


Dynamic libraries:
0x00007ff6fcb20000 - 0x00007ff6fcb2e000 	c:\Users\PeachZ_X\.vscode\extensions\redhat.java-1.52.0-win32-x64\jre\21.0.9-win32-x86_64\bin\java.exe
0x00007fffc2bd0000 - 0x00007fffc2dc8000 	C:\Windows\SYSTEM32\ntdll.dll
0x00007fffc1220000 - 0x00007fffc12e2000 	C:\Windows\System32\KERNEL32.DLL
0x00007fffc0770000 - 0x00007fffc0a66000 	C:\Windows\System32\KERNELBASE.dll
0x00007fffc05e0000 - 0x00007fffc06e0000 	C:\Windows\System32\ucrtbase.dll
0x00007fffb29c0000 - 0x00007fffb29de000 	c:\Users\PeachZ_X\.vscode\extensions\redhat.java-1.52.0-win32-x64\jre\21.0.9-win32-x86_64\bin\VCRUNTIME140.dll
0x00007fffaf760000 - 0x00007fffaf778000 	c:\Users\PeachZ_X\.vscode\extensions\redhat.java-1.52.0-win32-x64\jre\21.0.9-win32-x86_64\bin\jli.dll
0x00007fffc2850000 - 0x00007fffc29f1000 	C:\Windows\System32\USER32.dll
0x00007fffc0260000 - 0x00007fffc0282000 	C:\Windows\System32\win32u.dll
0x00007fffacfd0000 - 0x00007fffad26b000 	C:\Windows\WinSxS\amd64_microsoft.windows.common-controls_6595b64144ccf1df_6.0.19041.6456_none_60b8a6cb71f64256\COMCTL32.dll
0x00007fffc11e0000 - 0x00007fffc120b000 	C:\Windows\System32\GDI32.dll
0x00007fffc0f20000 - 0x00007fffc0fbe000 	C:\Windows\System32\msvcrt.dll
0x00007fffc0470000 - 0x00007fffc0589000 	C:\Windows\System32\gdi32full.dll
0x00007fffc0b50000 - 0x00007fffc0bed000 	C:\Windows\System32\msvcp_win.dll
0x00007fffc1dc0000 - 0x00007fffc1def000 	C:\Windows\System32\IMM32.DLL
0x00007fffb80a0000 - 0x00007fffb80ac000 	c:\Users\PeachZ_X\.vscode\extensions\redhat.java-1.52.0-win32-x64\jre\21.0.9-win32-x86_64\bin\vcruntime140_1.dll
0x00007fff6e890000 - 0x00007fff6e91d000 	c:\Users\PeachZ_X\.vscode\extensions\redhat.java-1.52.0-win32-x64\jre\21.0.9-win32-x86_64\bin\msvcp140.dll
0x00007fff167c0000 - 0x00007fff17560000 	c:\Users\PeachZ_X\.vscode\extensions\redhat.java-1.52.0-win32-x64\jre\21.0.9-win32-x86_64\bin\server\jvm.dll
0x00007fffc25c0000 - 0x00007fffc2671000 	C:\Windows\System32\ADVAPI32.dll
0x00007fffc2520000 - 0x00007fffc25bf000 	C:\Windows\System32\sechost.dll
0x00007fffc2680000 - 0x00007fffc27a0000 	C:\Windows\System32\RPCRT4.dll
0x00007fffc0b20000 - 0x00007fffc0b47000 	C:\Windows\System32\bcrypt.dll
0x00007fffc2260000 - 0x00007fffc22cb000 	C:\Windows\System32\WS2_32.dll
0x00007fffb6cc0000 - 0x00007fffb6ce7000 	C:\Windows\SYSTEM32\WINMM.dll
0x00007fffbf7f0000 - 0x00007fffbf83b000 	C:\Windows\SYSTEM32\POWRPROF.dll
0x00007fffb9900000 - 0x00007fffb990a000 	C:\Windows\SYSTEM32\VERSION.dll
0x00007fffbf660000 - 0x00007fffbf672000 	C:\Windows\SYSTEM32\UMPDC.dll
0x00007fffbe0d0000 - 0x00007fffbe0e2000 	C:\Windows\SYSTEM32\kernel.appcore.dll
0x00007fffb8070000 - 0x00007fffb807a000 	c:\Users\PeachZ_X\.vscode\extensions\redhat.java-1.52.0-win32-x64\jre\21.0.9-win32-x86_64\bin\jimage.dll
0x00007fffb2af0000 - 0x00007fffb2cf1000 	C:\Windows\SYSTEM32\DBGHELP.DLL
0x00007fffaa7c0000 - 0x00007fffaa7f4000 	C:\Windows\SYSTEM32\dbgcore.DLL
0x00007fffc06e0000 - 0x00007fffc0762000 	C:\Windows\System32\bcryptPrimitives.dll
0x00007fffb29f0000 - 0x00007fffb29ff000 	c:\Users\PeachZ_X\.vscode\extensions\redhat.java-1.52.0-win32-x64\jre\21.0.9-win32-x86_64\bin\instrument.dll
0x00007fff9e130000 - 0x00007fff9e150000 	c:\Users\PeachZ_X\.vscode\extensions\redhat.java-1.52.0-win32-x64\jre\21.0.9-win32-x86_64\bin\java.dll
0x00007fffc12f0000 - 0x00007fffc1a60000 	C:\Windows\System32\SHELL32.dll
0x00007fffbe2d0000 - 0x00007fffbea75000 	C:\Windows\SYSTEM32\windows.storage.dll
0x00007fffc1a60000 - 0x00007fffc1db4000 	C:\Windows\System32\combase.dll
0x00007fffbfc90000 - 0x00007fffbfcbb000 	C:\Windows\SYSTEM32\Wldp.dll
0x00007fffc0e50000 - 0x00007fffc0f1d000 	C:\Windows\System32\OLEAUT32.dll
0x00007fffc0bf0000 - 0x00007fffc0c9d000 	C:\Windows\System32\SHCORE.dll
0x00007fffc2b30000 - 0x00007fffc2b8b000 	C:\Windows\System32\shlwapi.dll
0x00007fffc0190000 - 0x00007fffc01b4000 	C:\Windows\SYSTEM32\profapi.dll
0x00007fff9c980000 - 0x00007fff9c998000 	c:\Users\PeachZ_X\.vscode\extensions\redhat.java-1.52.0-win32-x64\jre\21.0.9-win32-x86_64\bin\zip.dll
0x00007fffaf130000 - 0x00007fffaf140000 	C:\Users\PeachZ_X\.vscode\extensions\redhat.java-1.52.0-win32-x64\jre\21.0.9-win32-x86_64\bin\net.dll
0x00007fffb9260000 - 0x00007fffb936a000 	C:\Windows\SYSTEM32\WINHTTP.dll
0x00007fffbf9f0000 - 0x00007fffbfa5a000 	C:\Windows\system32\mswsock.dll
0x00007fff9a6e0000 - 0x00007fff9a6f6000 	C:\Users\PeachZ_X\.vscode\extensions\redhat.java-1.52.0-win32-x64\jre\21.0.9-win32-x86_64\bin\nio.dll
0x00007fffaf0b0000 - 0x00007fffaf0c0000 	c:\Users\PeachZ_X\.vscode\extensions\redhat.java-1.52.0-win32-x64\jre\21.0.9-win32-x86_64\bin\verify.dll
0x00007fff708e0000 - 0x00007fff70925000 	C:\Users\PeachZ_X\AppData\Roaming\Code\User\globalStorage\redhat.java\1.52.0\config_win\org.eclipse.equinox.launcher\org.eclipse.equinox.launcher.win32.win32.x86_64_1.2.1500.v20260121-1430\eclipse_11919.dll
0x00007fffc2a00000 - 0x00007fffc2b2b000 	C:\Windows\System32\ole32.dll
0x00007fffbfbe0000 - 0x00007fffbfbf8000 	C:\Windows\SYSTEM32\CRYPTSP.dll
0x00007fffbf2a0000 - 0x00007fffbf2d8000 	C:\Windows\system32\rsaenh.dll
0x00007fffc0150000 - 0x00007fffc017e000 	C:\Windows\SYSTEM32\USERENV.dll
0x00007fffbfc00000 - 0x00007fffbfc0c000 	C:\Windows\SYSTEM32\CRYPTBASE.dll
0x00007fffbf680000 - 0x00007fffbf6bb000 	C:\Windows\SYSTEM32\IPHLPAPI.DLL
0x00007fffc1170000 - 0x00007fffc1178000 	C:\Windows\System32\NSI.dll
0x00007fff6e7f0000 - 0x00007fff6e839000 	C:\Users\PeachZ_X\AppData\Local\Temp\jna-6108610\jna11337989327227621568.dll
0x00007fffc0ca0000 - 0x00007fffc0ca8000 	C:\Windows\System32\PSAPI.DLL
0x00007fffb9b40000 - 0x00007fffb9b57000 	C:\Windows\SYSTEM32\dhcpcsvc6.DLL
0x00007fffb9aa0000 - 0x00007fffb9abd000 	C:\Windows\SYSTEM32\dhcpcsvc.DLL
0x00007fffbf4f0000 - 0x00007fffbf523000 	C:\Windows\SYSTEM32\ntmarta.dll
0x00007fffab080000 - 0x00007fffab08e000 	C:\Users\PeachZ_X\.vscode\extensions\redhat.java-1.52.0-win32-x64\jre\21.0.9-win32-x86_64\bin\sunmscapi.dll
0x00007fffc0290000 - 0x00007fffc03ed000 	C:\Windows\System32\CRYPT32.dll
0x00007fffbfd00000 - 0x00007fffbfd27000 	C:\Windows\SYSTEM32\ncrypt.dll
0x00007fffbfcc0000 - 0x00007fffbfcfb000 	C:\Windows\SYSTEM32\NTASN1.dll
0x00007fffbf6c0000 - 0x00007fffbf78a000 	C:\Windows\SYSTEM32\DNSAPI.dll
0x00007fffafcc0000 - 0x00007fffafcca000 	C:\Windows\System32\rasadhlp.dll
0x00007fffafbe0000 - 0x00007fffafc60000 	C:\Windows\System32\fwpuclnt.dll
0x00007fffa6560000 - 0x00007fffa6569000 	C:\Users\PeachZ_X\.vscode\extensions\redhat.java-1.52.0-win32-x64\jre\21.0.9-win32-x86_64\bin\extnet.dll

JVMTI agents:
c:\Users\PeachZ_X\.vscode\extensions\redhat.java-1.52.0-win32-x64\lombok\lombok-1.18.39-4050.jar path:c:\Users\PeachZ_X\.vscode\extensions\redhat.java-1.52.0-win32-x64\jre\21.0.9-win32-x86_64\bin\instrument.dll, loaded, initialized, instrumentlib options:none

dbghelp: loaded successfully - version: 4.0.5 - missing functions: none
symbol engine: initialized successfully - sym options: 0x614 - pdb path: .;c:\Users\PeachZ_X\.vscode\extensions\redhat.java-1.52.0-win32-x64\jre\21.0.9-win32-x86_64\bin;C:\Windows\SYSTEM32;C:\Windows\WinSxS\amd64_microsoft.windows.common-controls_6595b64144ccf1df_6.0.19041.6456_none_60b8a6cb71f64256;c:\Users\PeachZ_X\.vscode\extensions\redhat.java-1.52.0-win32-x64\jre\21.0.9-win32-x86_64\bin\server;C:\Users\PeachZ_X\AppData\Roaming\Code\User\globalStorage\redhat.java\1.52.0\config_win\org.eclipse.equinox.launcher\org.eclipse.equinox.launcher.win32.win32.x86_64_1.2.1500.v20260121-1430;C:\Users\PeachZ_X\AppData\Local\Temp\jna-6108610

VM Arguments:
jvm_args: --add-modules=ALL-SYSTEM --add-opens=java.base/java.util=ALL-UNNAMED --add-opens=java.base/java.lang=ALL-UNNAMED --add-opens=java.base/sun.nio.fs=ALL-UNNAMED -Declipse.application=org.eclipse.jdt.ls.core.id1 -Dosgi.bundles.defaultStartLevel=4 -Declipse.product=org.eclipse.jdt.ls.core.product -Djava.import.generatesMetadataFilesAtProjectRoot=false -DDetectVMInstallationsJob.disabled=true -Dfile.encoding=utf8 -XX:+UseParallelGC -XX:GCTimeRatio=4 -XX:AdaptiveSizePolicyWeight=90 -Dsun.zip.disableMemoryMapping=true -Xmx2G -Xms100m -Xlog:disable -javaagent:c:\Users\PeachZ_X\.vscode\extensions\redhat.java-1.52.0-win32-x64\lombok\lombok-1.18.39-4050.jar -XX:+HeapDumpOnOutOfMemoryError -XX:HeapDumpPath=c:\Users\PeachZ_X\AppData\Roaming\Code\User\workspaceStorage\9b3b2925893dbd842968ab009774ca27\redhat.java -Daether.dependencyCollector.impl=bf 
java_command: c:\Users\PeachZ_X\.vscode\extensions\redhat.java-1.52.0-win32-x64\server\plugins\org.eclipse.equinox.launcher_1.7.100.v20251111-0406.jar -configuration c:\Users\PeachZ_X\AppData\Roaming\Code\User\globalStorage\redhat.java\1.52.0\config_win -data c:\Users\PeachZ_X\AppData\Roaming\Code\User\workspaceStorage\9b3b2925893dbd842968ab009774ca27\redhat.java\jdt_ws --pipe=\\.\pipe\lsp-4ead212ed0c8ba387a3a37db3cea00da-sock
java_class_path (initial): c:\Users\PeachZ_X\.vscode\extensions\redhat.java-1.52.0-win32-x64\server\plugins\org.eclipse.equinox.launcher_1.7.100.v20251111-0406.jar
Launcher Type: SUN_STANDARD

[Global flags]
    uintx AdaptiveSizePolicyWeight                 = 90                                        {product} {command line}
     intx CICompilerCount                          = 4                                         {product} {ergonomic}
    uintx GCTimeRatio                              = 4                                         {product} {command line}
     bool HeapDumpOnOutOfMemoryError               = true                                   {manageable} {command line}
    ccstr HeapDumpPath                             = c:\Users\PeachZ_X\AppData\Roaming\Code\User\workspaceStorage\9b3b2925893dbd842968ab009774ca27\redhat.java         {manageable} {command line}
   size_t InitialHeapSize                          = 104857600                                 {product} {command line}
   size_t MaxHeapSize                              = 2147483648                                {product} {command line}
   size_t MaxNewSize                               = 715653120                                 {product} {ergonomic}
   size_t MinHeapDeltaBytes                        = 524288                                    {product} {ergonomic}
   size_t MinHeapSize                              = 104857600                                 {product} {command line}
   size_t NewSize                                  = 34603008                                  {product} {ergonomic}
    uintx NonNMethodCodeHeapSize                   = 5839372                                {pd product} {ergonomic}
    uintx NonProfiledCodeHeapSize                  = 122909434                              {pd product} {ergonomic}
   size_t OldSize                                  = 70254592                                  {product} {ergonomic}
    uintx ProfiledCodeHeapSize                     = 122909434                              {pd product} {ergonomic}
    uintx ReservedCodeCacheSize                    = 251658240                              {pd product} {ergonomic}
     bool SegmentedCodeCache                       = true                                      {product} {ergonomic}
   size_t SoftMaxHeapSize                          = 2147483648                             {manageable} {ergonomic}
     bool UseCompressedOops                        = true                           {product lp64_product} {ergonomic}
     bool UseLargePagesIndividualAllocation        = false                                  {pd product} {ergonomic}
     bool UseParallelGC                            = true                                      {product} {command line}

Logging:
Log output configuration:
 #0: stdout all=off uptime,level,tags foldmultilines=false
 #1: stderr all=off uptime,level,tags foldmultilines=false

Release file:
JAVA_VERSION="21.0.9" 
MODULES="java.base java.compiler java.datatransfer java.xml java.prefs java.desktop java.instrument java.logging java.management java.security.sasl java.naming java.rmi java.management.rmi java.net.http java.scripting java.security.jgss java.transaction.xa java.sql java.sql.rowset java.xml.crypto java.se java.smartcardio jdk.accessibility jdk.internal.jvmstat jdk.attach jdk.charsets jdk.internal.opt jdk.zipfs jdk.compiler jdk.crypto.ec jdk.crypto.cryptoki jdk.crypto.mscapi jdk.dynalink jdk.internal.ed jdk.editpad jdk.hotspot.agent jdk.httpserver jdk.internal.le jdk.internal.vm.ci jdk.internal.vm.compiler jdk.internal.vm.compiler.management jdk.jartool jdk.javadoc jdk.jcmd jdk.management jdk.management.agent jdk.jconsole jdk.jdeps jdk.jdwp.agent jdk.jdi jdk.jfr jdk.jshell jdk.jsobject jdk.jstatd jdk.localedata jdk.management.jfr jdk.naming.dns jdk.naming.rmi jdk.net jdk.nio.mapmode jdk.random jdk.sctp jdk.security.auth jdk.security.jgss jdk.unsupported jdk.unsupported.desktop jdk.xml.dom" 

Environment Variables:
JAVA_HOME=C:\Program Files\Microsoft\jdk-21.0.10.7-hotspot\
PATH=C:\Program Files\Microsoft\jdk-21.0.10.7-hotspot\bin;C:\Program Files (x86)\Common Files\Oracle\Java\java8path;C:\Program Files (x86)\Common Files\Oracle\Java\javapath;C:\Windows\system32;C:\Windows;C:\Windows\System32\Wbem;C:\Windows\System32\WindowsPowerShell\v1.0\;C:\Windows\System32\OpenSSH\;C:\Program Files (x86)\NVIDIA Corporation\PhysX\Common;C:\Program Files\NVIDIA Corporation\NVIDIA app\NvDLISR;C:\Program Files\dotnet\;C:\Program Files\Git\cmd;C:\Users\PeachZ_X\AppData\Local\Muse Hub\lib;;C:\Program Files\Git LFS;C:\Users\PeachZ_X\AppData\Local\Microsoft\WindowsApps;C:\Users\PeachZ_X\AppData\Local\Muse Hub\lib;C:\Users\PeachZ_X\AppData\Local\Programs\Microsoft VS Code\bin;C:\msys64\ucrt64\bin;C:\Users\PeachZ_X\AppData\Local\Python\bin;C:\Users\PeachZ_X\.dotnet\tools
USERNAME=PeachZ_X
OS=Windows_NT
PROCESSOR_IDENTIFIER=AMD64 Family 23 Model 24 Stepping 1, AuthenticAMD
TMP=C:\Users\PeachZ_X\AppData\Local\Temp
TEMP=C:\Users\PeachZ_X\AppData\Local\Temp




Periodic native trim disabled

---------------  S Y S T E M  ---------------

OS:
 Windows 10 , 64 bit Build 19041 (10.0.19041.5915)
OS uptime: 2 days 3:42 hours

CPU: total 8 (initial active 8) (8 cores per cpu, 2 threads per core) family 23 model 24 stepping 1 microcode 0x0, cx8, cmov, fxsr, ht, mmx, 3dnowpref, sse, sse2, sse3, ssse3, sse4a, sse4.1, sse4.2, popcnt, lzcnt, tsc, tscinvbit, avx, avx2, aes, clmul, bmi1, bmi2, adx, sha, fma, vzeroupper, clflush, clflushopt, rdtscp, f16c
Processor Information for the first 8 processors :
  Max Mhz: 2300, Current Mhz: 2300, Mhz Limit: 2300

Memory: 4k page, system-wide physical 6082M (16M free)
TotalPageFile size 24514M (AvailPageFile size 75M)
current process WorkingSet (physical memory assigned to process): 160M, peak: 389M
current process commit charge ("private bytes"): 1097M, peak: 1099M

vm_info: OpenJDK 64-Bit Server VM (21.0.9+10-LTS) for windows-amd64 JRE (21.0.9+10-LTS), built on 2025-10-21T00:00:00Z by "admin" with unknown MS VC++:1942

END.
