#
# There is insufficient memory for the Java Runtime Environment to continue.
# Native memory allocation (malloc) failed to allocate 1048576 bytes. Error detail: AllocateHeap
# Possible reasons:
#   The system is out of physical RAM or swap space
#   This process is running with CompressedOops enabled, and the Java Heap may be blocking the growth of the native heap
# Possible solutions:
#   Reduce memory load on the system
#   Increase physical memory or swap space
#   Check if swap backing store is full
#   Decrease Java heap size (-Xmx/-Xms)
#   Decrease number of Java threads
#   Decrease Java thread stack sizes (-Xss)
#   Set larger code cache with -XX:ReservedCodeCacheSize=
#   JVM is running with Unscaled Compressed Oops mode in which the Java heap is
#     placed in the first 4GB address space. The Java Heap base address is the
#     maximum limit for the native heap growth. Please use -XX:HeapBaseMinAddress
#     to set the Java Heap base and to place the Java Heap above 4GB virtual address.
# This output file may be truncated or incomplete.
#
#  Out of Memory Error (allocation.cpp:44), pid=3720, tid=28576
#
# JRE version: OpenJDK Runtime Environment Temurin-21.0.9+10 (21.0.9+10) (build 21.0.9+10-LTS)
# Java VM: OpenJDK 64-Bit Server VM Temurin-21.0.9+10 (21.0.9+10-LTS, mixed mode, sharing, tiered, compressed oops, compressed class ptrs, parallel gc, windows-amd64)
# No core dump will be written. Minidumps are not enabled by default on client versions of Windows
#

---------------  S U M M A R Y ------------

Command Line: --add-modules=ALL-SYSTEM --add-opens=java.base/java.util=ALL-UNNAMED --add-opens=java.base/java.lang=ALL-UNNAMED --add-opens=java.base/sun.nio.fs=ALL-UNNAMED -Declipse.application=org.eclipse.jdt.ls.core.id1 -Dosgi.bundles.defaultStartLevel=4 -Declipse.product=org.eclipse.jdt.ls.core.product -Djava.import.generatesMetadataFilesAtProjectRoot=false -DDetectVMInstallationsJob.disabled=true -Dfile.encoding=utf8 -XX:+UseParallelGC -XX:GCTimeRatio=4 -XX:AdaptiveSizePolicyWeight=90 -Dsun.zip.disableMemoryMapping=true -Xmx2G -Xms100m -Xlog:disable -javaagent:c:\Users\PeachZ_X\.vscode\extensions\redhat.java-1.52.0-win32-x64\lombok\lombok-1.18.39-4050.jar -XX:+HeapDumpOnOutOfMemoryError -XX:HeapDumpPath=c:\Users\PeachZ_X\AppData\Roaming\Code\User\workspaceStorage\9b3b2925893dbd842968ab009774ca27\redhat.java -Daether.dependencyCollector.impl=bf c:\Users\PeachZ_X\.vscode\extensions\redhat.java-1.52.0-win32-x64\server\plugins\org.eclipse.equinox.launcher_1.7.100.v20251111-0406.jar -configuration c:\Users\PeachZ_X\AppData\Roaming\Code\User\globalStorage\redhat.java\1.52.0\config_win -data c:\Users\PeachZ_X\AppData\Roaming\Code\User\workspaceStorage\9b3b2925893dbd842968ab009774ca27\redhat.java\jdt_ws --pipe=\\.\pipe\lsp-7d1876623c86d6f29840555148f03c49-sock

Host: AMD Ryzen 7 3750H with Radeon Vega Mobile Gfx  , 8 cores, 5G,  Windows 10 , 64 bit Build 19041 (10.0.19041.5915)
Time: Mon Feb 16 14:41:01 2026 SE Asia Standard Time elapsed time: 746.937377 seconds (0d 0h 12m 26s)

---------------  T H R E A D  ---------------

Current thread (0x000002b490c73c40):  JavaThread "Attach Listener" daemon [_thread_in_vm, id=28576, stack(0x000000e86ca00000,0x000000e86cb00000) (1024K)]

Stack: [0x000000e86ca00000,0x000000e86cb00000]
Native frames: (J=compiled Java code, j=interpreted, Vv=VM code, C=native code)
V  [jvm.dll+0x6d6e29]
V  [jvm.dll+0x8b4b76]
V  [jvm.dll+0x8b712e]
V  [jvm.dll+0x8b7813]
V  [jvm.dll+0x283d86]
V  [jvm.dll+0xc1277]
V  [jvm.dll+0x6d76d9]
V  [jvm.dll+0x133466]
V  [jvm.dll+0x3f7ea6]
V  [jvm.dll+0x85e9ad]
V  [jvm.dll+0x6d565d]
C  [ucrtbase.dll+0x21bb2]
C  [KERNEL32.DLL+0x17374]
C  [ntdll.dll+0x4cc91]


---------------  P R O C E S S  ---------------

Threads class SMR info:
_java_thread_list=0x000002b4f13af860, length=57, elements={
0x000002b48ea244e0, 0x000002b490c6dda0, 0x000002b490c6eaa0, 0x000002b490c71fe0,
0x000002b490c73c40, 0x000002b490c7a960, 0x000002b490c7ed20, 0x000002b490c89ea0,
0x000002b490c8e610, 0x000002b490c7d2e0, 0x000002b490c7e690, 0x000002b490c7f3b0,
0x000002b490c7d970, 0x000002b490c7fa40, 0x000002b490c7c5c0, 0x000002b490c7cc50,
0x000002b490c7e000, 0x000002b4eef5c6b0, 0x000002b4eef5cd40, 0x000002b4eef5ee10,
0x000002b4eef5f4a0, 0x000002b4eef5ac70, 0x000002b4eef5b990, 0x000002b4eef5da60,
0x000002b4eef5fb30, 0x000002b4eef5d3d0, 0x000002b4eef5c020, 0x000002b4eef58ba0,
0x000002b4eef601c0, 0x000002b4f17fc9a0, 0x000002b4f17fdd50, 0x000002b4f17fd030,
0x000002b4ef45bef0, 0x000002b4ef457d50, 0x000002b4ef458a70, 0x000002b4ef459790,
0x000002b4f074b710, 0x000002b4f074a360, 0x000002b4eeba7250, 0x000002b4eeba78e0,
0x000002b4eeba6bc0, 0x000002b4eeba5810, 0x000002b4eeba5ea0, 0x000002b4ef45ab40,
0x000002b4ef45b1d0, 0x000002b4ef45d930, 0x000002b4f0f30380, 0x000002b4f0f30a10,
0x000002b4f0f2f660, 0x000002b4f0f310a0, 0x000002b4f0f2fcf0, 0x000002b4eef5e780,
0x000002b4f17fd6c0, 0x000002b4f17fe3e0, 0x000002b4f17fea70, 0x000002b4f11d1bf0,
0x000002b4f11cee00
}

Java Threads: ( => current thread )
  0x000002b48ea244e0 JavaThread "main"                              [_thread_blocked, id=10964, stack(0x000000e86c300000,0x000000e86c400000) (1024K)]
  0x000002b490c6dda0 JavaThread "Reference Handler"          daemon [_thread_blocked, id=20032, stack(0x000000e86c700000,0x000000e86c800000) (1024K)]
  0x000002b490c6eaa0 JavaThread "Finalizer"                  daemon [_thread_blocked, id=12972, stack(0x000000e86c800000,0x000000e86c900000) (1024K)]
  0x000002b490c71fe0 JavaThread "Signal Dispatcher"          daemon [_thread_blocked, id=24240, stack(0x000000e86c900000,0x000000e86ca00000) (1024K)]
=>0x000002b490c73c40 JavaThread "Attach Listener"            daemon [_thread_in_vm, id=28576, stack(0x000000e86ca00000,0x000000e86cb00000) (1024K)]
  0x000002b490c7a960 JavaThread "Service Thread"             daemon [_thread_blocked, id=27116, stack(0x000000e86cb00000,0x000000e86cc00000) (1024K)]
  0x000002b490c7ed20 JavaThread "Monitor Deflation Thread"   daemon [_thread_blocked, id=13584, stack(0x000000e86cc00000,0x000000e86cd00000) (1024K)]
  0x000002b490c89ea0 JavaThread "C2 CompilerThread0"         daemon [_thread_blocked, id=26212, stack(0x000000e86cd00000,0x000000e86ce00000) (1024K)]
  0x000002b490c8e610 JavaThread "C1 CompilerThread0"         daemon [_thread_blocked, id=16528, stack(0x000000e86ce00000,0x000000e86cf00000) (1024K)]
  0x000002b490c7d2e0 JavaThread "Common-Cleaner"             daemon [_thread_blocked, id=28452, stack(0x000000e86d000000,0x000000e86d100000) (1024K)]
  0x000002b490c7e690 JavaThread "Notification Thread"        daemon [_thread_blocked, id=28612, stack(0x000000e86d100000,0x000000e86d200000) (1024K)]
  0x000002b490c7f3b0 JavaThread "Active Thread: Equinox Container: a20b5c53-9e4f-4d31-8ff1-68587bd91220"        [_thread_blocked, id=27552, stack(0x000000e86cf00000,0x000000e86d000000) (1024K)]
  0x000002b490c7d970 JavaThread "Refresh Thread: Equinox Container: a20b5c53-9e4f-4d31-8ff1-68587bd91220" daemon [_thread_blocked, id=19024, stack(0x000000e86d900000,0x000000e86da00000) (1024K)]
  0x000002b490c7fa40 JavaThread "Framework Event Dispatcher: Equinox Container: a20b5c53-9e4f-4d31-8ff1-68587bd91220" daemon [_thread_blocked, id=27916, stack(0x000000e86da00000,0x000000e86db00000) (1024K)]
  0x000002b490c7c5c0 JavaThread "Start Level: Equinox Container: a20b5c53-9e4f-4d31-8ff1-68587bd91220" daemon [_thread_blocked, id=26788, stack(0x000000e86db00000,0x000000e86dc00000) (1024K)]
  0x000002b490c7cc50 JavaThread "Bundle File Closer"         daemon [_thread_blocked, id=14744, stack(0x000000e86dc00000,0x000000e86dd00000) (1024K)]
  0x000002b490c7e000 JavaThread "SCR Component Actor"        daemon [_thread_blocked, id=7048, stack(0x000000e86dd00000,0x000000e86de00000) (1024K)]
  0x000002b4eef5c6b0 JavaThread "Worker-JM"                         [_thread_blocked, id=24716, stack(0x000000e86de00000,0x000000e86df00000) (1024K)]
  0x000002b4eef5cd40 JavaThread "JNA Cleaner"                daemon [_thread_blocked, id=27716, stack(0x000000e86df00000,0x000000e86e000000) (1024K)]
  0x000002b4eef5ee10 JavaThread "Java indexing"              daemon [_thread_blocked, id=28216, stack(0x000000e86e300000,0x000000e86e400000) (1024K)]
  0x000002b4eef5f4a0 JavaThread "Thread-1"                   daemon [_thread_in_native, id=24624, stack(0x000000e86e800000,0x000000e86e900000) (1024K)]
  0x000002b4eef5ac70 JavaThread "Thread-2"                   daemon [_thread_in_native, id=17444, stack(0x000000e86e900000,0x000000e86ea00000) (1024K)]
  0x000002b4eef5b990 JavaThread "Thread-3"                   daemon [_thread_in_native, id=20996, stack(0x000000e86ea00000,0x000000e86eb00000) (1024K)]
  0x000002b4eef5da60 JavaThread "Thread-4"                   daemon [_thread_in_native, id=10060, stack(0x000000e86eb00000,0x000000e86ec00000) (1024K)]
  0x000002b4eef5fb30 JavaThread "Thread-5"                   daemon [_thread_in_native, id=22088, stack(0x000000e86ec00000,0x000000e86ed00000) (1024K)]
  0x000002b4eef5d3d0 JavaThread "Thread-6"                   daemon [_thread_in_native, id=20484, stack(0x000000e86ed00000,0x000000e86ee00000) (1024K)]
  0x000002b4eef5c020 JavaThread "Thread-7"                   daemon [_thread_in_native, id=8536, stack(0x000000e86ee00000,0x000000e86ef00000) (1024K)]
  0x000002b4eef58ba0 JavaThread "Thread-8"                   daemon [_thread_in_native, id=20844, stack(0x000000e86ef00000,0x000000e86f000000) (1024K)]
  0x000002b4eef601c0 JavaThread "Thread-9"                   daemon [_thread_in_native, id=22964, stack(0x000000e86f000000,0x000000e86f100000) (1024K)]
  0x000002b4f17fc9a0 JavaThread "pool-2-thread-1"                   [_thread_blocked, id=27244, stack(0x000000e86f100000,0x000000e86f200000) (1024K)]
  0x000002b4f17fdd50 JavaThread "WorkspaceEventsHandler"            [_thread_blocked, id=21296, stack(0x000000e86f200000,0x000000e86f300000) (1024K)]
  0x000002b4f17fd030 JavaThread "pool-1-thread-1"                   [_thread_blocked, id=15304, stack(0x000000e86f300000,0x000000e86f400000) (1024K)]
  0x000002b4ef45bef0 JavaThread "ForkJoinPool.commonPool-worker-1" daemon [_thread_blocked, id=26900, stack(0x000000e870900000,0x000000e870a00000) (1024K)]
  0x000002b4ef457d50 JavaThread "ForkJoinPool.commonPool-worker-2" daemon [_thread_blocked, id=21280, stack(0x000000e870a00000,0x000000e870b00000) (1024K)]
  0x000002b4ef458a70 JavaThread "ForkJoinPool.commonPool-worker-4" daemon [_thread_blocked, id=25416, stack(0x000000e870c00000,0x000000e870d00000) (1024K)]
  0x000002b4ef459790 JavaThread "ForkJoinPool.commonPool-worker-5" daemon [_thread_blocked, id=21864, stack(0x000000e870d00000,0x000000e870e00000) (1024K)]
  0x000002b4f074b710 JavaThread "ForkJoinPool.commonPool-worker-7" daemon [_thread_blocked, id=23968, stack(0x000000e870f00000,0x000000e871000000) (1024K)]
  0x000002b4f074a360 JavaThread "Cleaner-0"                  daemon [_thread_blocked, id=20316, stack(0x000000e871000000,0x000000e871100000) (1024K)]
  0x000002b4eeba7250 JavaThread "Java Debug Server"          daemon [_thread_in_native, id=14912, stack(0x000000e86c000000,0x000000e86c100000) (1024K)]
  0x000002b4eeba78e0 JavaThread "RxSchedulerPurge-1"         daemon [_thread_blocked, id=14700, stack(0x000000e86c200000,0x000000e86c300000) (1024K)]
  0x000002b4eeba6bc0 JavaThread "RxCachedWorkerPoolEvictor-1" daemon [_thread_blocked, id=1556, stack(0x000000e86e100000,0x000000e86e200000) (1024K)]
  0x000002b4eeba5810 JavaThread "Compiler Source File Reader" daemon [_thread_blocked, id=17528, stack(0x000000e86c100000,0x000000e86c200000) (1024K)]
  0x000002b4eeba5ea0 JavaThread "Worker-7"                          [_thread_blocked, id=26452, stack(0x000000e86e400000,0x000000e86e500000) (1024K)]
  0x000002b4ef45ab40 JavaThread "Compiler Source File Reader" daemon [_thread_blocked, id=28376, stack(0x000000e86e700000,0x000000e86e800000) (1024K)]
  0x000002b4ef45b1d0 JavaThread "Compiler Source File Reader" daemon [_thread_blocked, id=6120, stack(0x000000e86f400000,0x000000e86f500000) (1024K)]
  0x000002b4ef45d930 JavaThread "Compiler Source File Reader" daemon [_thread_blocked, id=15280, stack(0x000000e86e000000,0x000000e86e100000) (1024K)]
  0x000002b4f0f30380 JavaThread "Compiler Source File Reader" daemon [_thread_blocked, id=23376, stack(0x000000e86f500000,0x000000e86f600000) (1024K)]
  0x000002b4f0f30a10 JavaThread "Worker-9"                          [_thread_blocked, id=2552, stack(0x000000e86f600000,0x000000e86f700000) (1024K)]
  0x000002b4f0f2f660 JavaThread "Worker-10"                         [_thread_blocked, id=12004, stack(0x000000e86e200000,0x000000e86e300000) (1024K)]
  0x000002b4f0f310a0 JavaThread "Compiler Source File Reader" daemon [_thread_blocked, id=11128, stack(0x000000e86e500000,0x000000e86e600000) (1024K)]
  0x000002b4f0f2fcf0 JavaThread "Compiler Processing Task"   daemon [_thread_blocked, id=28660, stack(0x000000e86e600000,0x000000e86e700000) (1024K)]
  0x000002b4eef5e780 JavaThread "Worker-11"                         [_thread_blocked, id=8212, stack(0x000000e86f800000,0x000000e86f900000) (1024K)]
  0x000002b4f17fd6c0 JavaThread "ForkJoinPool.commonPool-worker-9" daemon [_thread_blocked, id=19880, stack(0x000000e86f900000,0x000000e86fa00000) (1024K)]
  0x000002b4f17fe3e0 JavaThread "ForkJoinPool.commonPool-worker-10" daemon [_thread_blocked, id=23856, stack(0x000000e86fa00000,0x000000e86fb00000) (1024K)]
  0x000002b4f17fea70 JavaThread "pool-3-thread-2"                   [_thread_in_native, id=7256, stack(0x000000e86fb00000,0x000000e86fc00000) (1024K)]
  0x000002b4f11d1bf0 JavaThread "RxNewThreadScheduler-3"     daemon [_thread_blocked, id=5248, stack(0x000000e86fc00000,0x000000e86fd00000) (1024K)]
  0x000002b4f11cee00 JavaThread "process reaper (pid 16708)" daemon [_thread_in_native, id=6308, stack(0x000000e86bd80000,0x000000e86bda0000) (128K)]
Total: 57

Other Threads:
  0x000002b490c62a70 VMThread "VM Thread"                           [id=4432, stack(0x000000e86c600000,0x000000e86c700000) (1024K)]
  0x000002b490b9cbf0 WatcherThread "VM Periodic Task Thread"        [id=20676, stack(0x000000e86c500000,0x000000e86c600000) (1024K)]
  0x000002b490d1deb0 WorkerThread "GC Thread#0"                     [id=19476, stack(0x000000e86c400000,0x000000e86c500000) (1024K)]
  0x000002b4ee7bc4d0 WorkerThread "GC Thread#1"                     [id=18932, stack(0x000000e86d200000,0x000000e86d300000) (1024K)]
  0x000002b4ee6ec2e0 WorkerThread "GC Thread#2"                     [id=27992, stack(0x000000e86d300000,0x000000e86d400000) (1024K)]
  0x000002b4ee6ec680 WorkerThread "GC Thread#3"                     [id=7120, stack(0x000000e86d400000,0x000000e86d500000) (1024K)]
  0x000002b4ee3545b0 WorkerThread "GC Thread#4"                     [id=27848, stack(0x000000e86d500000,0x000000e86d600000) (1024K)]
  0x000002b4ee354d50 WorkerThread "GC Thread#5"                     [id=26980, stack(0x000000e86d600000,0x000000e86d700000) (1024K)]
  0x000002b4ee355500 WorkerThread "GC Thread#6"                     [id=16080, stack(0x000000e86d700000,0x000000e86d800000) (1024K)]
  0x000002b4ee984210 WorkerThread "GC Thread#7"                     [id=27488, stack(0x000000e86d800000,0x000000e86d900000) (1024K)]
Total: 10

Threads with active compile tasks:
Total: 0

VM state: not at safepoint (normal execution)

VM Mutex/Monitor currently owned by a thread: None

Heap address: 0x0000000080000000, size: 2048 MB, Compressed Oops mode: 32-bit

CDS archive(s) mapped at: [0x000002b4a8000000-0x000002b4a8ba0000-0x000002b4a8ba0000), size 12189696, SharedBaseAddress: 0x000002b4a8000000, ArchiveRelocationMode: 1.
Compressed class space mapped at: 0x000002b4a9000000-0x000002b4e9000000, reserved size: 1073741824
Narrow klass base: 0x000002b4a8000000, Narrow klass shift: 0, Narrow klass range: 0x100000000

GC Precious Log:
 CardTable entry size: 512
 CPUs: 8 total, 8 available
 Memory: 6082M
 Large Page Support: Disabled
 NUMA Support: Disabled
 Compressed Oops: Enabled (32-bit)
 Alignments: Space 512K, Generation 512K, Heap 2M
 Heap Min Capacity: 100M
 Heap Initial Capacity: 100M
 Heap Max Capacity: 2G
 Pre-touch: Disabled
 Parallel Workers: 8

Heap:
 PSYoungGen      total 4096K, used 395K [0x00000000d5580000, 0x00000000d5a80000, 0x0000000100000000)
  eden space 3584K, 1% used [0x00000000d5580000,0x00000000d558af18,0x00000000d5900000)
  from space 512K, 68% used [0x00000000d5a00000,0x00000000d5a58040,0x00000000d5a80000)
  to   space 512K, 0% used [0x00000000d5900000,0x00000000d5900000,0x00000000d5980000)
 ParOldGen       total 663552K, used 663514K [0x0000000080000000, 0x00000000a8800000, 0x00000000d5580000)
  object space 663552K, 99% used [0x0000000080000000,0x00000000a87f6ba8,0x00000000a8800000)
 Metaspace       used 82861K, committed 84544K, reserved 1179648K
  class space    used 8573K, committed 9280K, reserved 1048576K

Card table byte_map: [0x000002b4906b0000,0x000002b490ac0000] _byte_map_base: 0x000002b4902b0000

Marking Bits: (ParMarkBitMap*) 0x00007fff17482460
 Begin Bits: [0x000002b4a31c0000, 0x000002b4a51c0000)
 End Bits:   [0x000002b4a51c0000, 0x000002b4a71c0000)

Polling page: 0x000002b48ecc0000

Metaspace:

Usage:
  Non-class:     72.55 MB used.
      Class:      8.37 MB used.
       Both:     80.92 MB used.

Virtual space:
  Non-class space:      128.00 MB reserved,      73.50 MB ( 57%) committed,  2 nodes.
      Class space:        1.00 GB reserved,       9.06 MB ( <1%) committed,  1 nodes.
             Both:        1.12 GB reserved,      82.56 MB (  7%) committed. 

Chunk freelists:
   Non-Class:  5.96 MB
       Class:  6.97 MB
        Both:  12.93 MB

MaxMetaspaceSize: unlimited
CompressedClassSpaceSize: 1.00 GB
Initial GC threshold: 21.00 MB
Current GC threshold: 132.12 MB
CDS: on
 - commit_granule_bytes: 65536.
 - commit_granule_words: 8192.
 - virtual_space_node_default_size: 8388608.
 - enlarge_chunks_in_place: 1.
 - use_allocation_guard: 0.


Internal statistics:

num_allocs_failed_limit: 11.
num_arena_births: 1518.
num_arena_deaths: 42.
num_vsnodes_births: 3.
num_vsnodes_deaths: 0.
num_space_committed: 1321.
num_space_uncommitted: 0.
num_chunks_returned_to_freelist: 64.
num_chunks_taken_from_freelist: 5754.
num_chunk_merges: 21.
num_chunk_splits: 3431.
num_chunks_enlarged: 1867.
num_inconsistent_stats: 0.

CodeHeap 'non-profiled nmethods': size=120000Kb used=17643Kb max_used=17643Kb free=102356Kb
 bounds [0x000002b49b9e0000, 0x000002b49cb20000, 0x000002b4a2f10000]
CodeHeap 'profiled nmethods': size=120000Kb used=47068Kb max_used=47068Kb free=72931Kb
 bounds [0x000002b493f10000, 0x000002b496d10000, 0x000002b49b440000]
CodeHeap 'non-nmethods': size=5760Kb used=1495Kb max_used=1558Kb free=4264Kb
 bounds [0x000002b49b440000, 0x000002b49b6b0000, 0x000002b49b9e0000]
CodeCache: size=245760Kb, used=66206Kb, max_used=66269Kb, free=179551Kb
 total_blobs=19315, nmethods=18496, adapters=721, full_count=0
Compilation: enabled, stopped_count=0, restarted_count=0

Compilation events (20 events):
Event: 736.795 Thread 0x000002b490c8e610 20509       3       com.google.gson.stream.JsonReader::skipQuotedValue (120 bytes)
Event: 736.796 Thread 0x000002b490c8e610 nmethod 20509 0x000002b496d01090 code [0x000002b496d01280, 0x000002b496d016d0]
Event: 736.799 Thread 0x000002b490c8e610 20510       1       com.microsoft.java.debug.core.protocol.Requests$Command::toString (5 bytes)
Event: 736.799 Thread 0x000002b490c8e610 nmethod 20510 0x000002b49cb19990 code [0x000002b49cb19b20, 0x000002b49cb19be8]
Event: 736.808 Thread 0x000002b490c8e610 20512       3       com.google.gson.internal.bind.MapTypeAdapterFactory$Adapter::read (224 bytes)
Event: 736.810 Thread 0x000002b490c8e610 nmethod 20512 0x000002b496d01890 code [0x000002b496d01d40, 0x000002b496d03d38]
Event: 736.810 Thread 0x000002b490c8e610 20511       3       com.google.gson.internal.bind.MapTypeAdapterFactory$Adapter::read (6 bytes)
Event: 736.810 Thread 0x000002b490c8e610 nmethod 20511 0x000002b496d04710 code [0x000002b496d048c0, 0x000002b496d049f8]
Event: 736.819 Thread 0x000002b490c89ea0 20513  s!   4       java.lang.StackTraceElement::computeFormat (71 bytes)
Event: 736.820 Thread 0x000002b490c8e610 20515       3       org.eclipse.osgi.internal.log.LoggerImpl::getLocation (78 bytes)
Event: 736.821 Thread 0x000002b490c8e610 nmethod 20515 0x000002b496d04a90 code [0x000002b496d04cc0, 0x000002b496d05290]
Event: 736.825 Thread 0x000002b490c89ea0 nmethod 20513 0x000002b49cb19c90 code [0x000002b49cb19e60, 0x000002b49cb1a340]
Event: 736.825 Thread 0x000002b490c89ea0 20514       4       java.lang.Module::getLayer (43 bytes)
Event: 736.826 Thread 0x000002b490c89ea0 nmethod 20514 0x000002b49cb1a610 code [0x000002b49cb1a7a0, 0x000002b49cb1a8c8]
Event: 736.827 Thread 0x000002b490c8e610 20516       3       com.google.gson.JsonPrimitive::getAsString (84 bytes)
Event: 736.829 Thread 0x000002b490c8e610 nmethod 20516 0x000002b496d05510 code [0x000002b496d05800, 0x000002b496d06878]
Event: 737.388 Thread 0x000002b490c8e610 20517       3       java.util.Locale::getCountry (8 bytes)
Event: 737.391 Thread 0x000002b490c8e610 nmethod 20517 0x000002b496d06d10 code [0x000002b496d06ea0, 0x000002b496d06fd0]
Event: 737.392 Thread 0x000002b490c8e610 20518       1       java.util.logging.LogRecord::getLevel (5 bytes)
Event: 737.392 Thread 0x000002b490c8e610 nmethod 20518 0x000002b49cb1a990 code [0x000002b49cb1ab20, 0x000002b49cb1abe8]

GC Heap History (20 events):
Event: 713.135 GC heap before
{Heap before GC invocations=1279 (full 4):
 PSYoungGen      total 5120K, used 4928K [0x00000000d5580000, 0x00000000d5c00000, 0x0000000100000000)
  eden space 3584K, 100% used [0x00000000d5580000,0x00000000d5900000,0x00000000d5900000)
  from space 1536K, 87% used [0x00000000d5a80000,0x00000000d5bd0000,0x00000000d5c00000)
  to   space 1536K, 0% used [0x00000000d5900000,0x00000000d5900000,0x00000000d5a80000)
 ParOldGen       total 663040K, used 662973K [0x0000000080000000, 0x00000000a8780000, 0x00000000d5580000)
  object space 663040K, 99% used [0x0000000080000000,0x00000000a876f428,0x00000000a8780000)
 Metaspace       used 82828K, committed 84544K, reserved 1179648K
  class space    used 8571K, committed 9280K, reserved 1048576K
}
Event: 713.137 GC heap after
{Heap after GC invocations=1279 (full 4):
 PSYoungGen      total 4096K, used 128K [0x00000000d5580000, 0x00000000d5b00000, 0x0000000100000000)
  eden space 3584K, 0% used [0x00000000d5580000,0x00000000d5580000,0x00000000d5900000)
  from space 512K, 25% used [0x00000000d5900000,0x00000000d5920000,0x00000000d5980000)
  to   space 1024K, 0% used [0x00000000d5a00000,0x00000000d5a00000,0x00000000d5b00000)
 ParOldGen       total 663552K, used 663298K [0x0000000080000000, 0x00000000a8800000, 0x00000000d5580000)
  object space 663552K, 99% used [0x0000000080000000,0x00000000a87c0ba8,0x00000000a8800000)
 Metaspace       used 82828K, committed 84544K, reserved 1179648K
  class space    used 8571K, committed 9280K, reserved 1048576K
}
Event: 714.874 GC heap before
{Heap before GC invocations=1280 (full 4):
 PSYoungGen      total 4096K, used 3712K [0x00000000d5580000, 0x00000000d5b00000, 0x0000000100000000)
  eden space 3584K, 100% used [0x00000000d5580000,0x00000000d5900000,0x00000000d5900000)
  from space 512K, 25% used [0x00000000d5900000,0x00000000d5920000,0x00000000d5980000)
  to   space 1024K, 0% used [0x00000000d5a00000,0x00000000d5a00000,0x00000000d5b00000)
 ParOldGen       total 663552K, used 663298K [0x0000000080000000, 0x00000000a8800000, 0x00000000d5580000)
  object space 663552K, 99% used [0x0000000080000000,0x00000000a87c0ba8,0x00000000a8800000)
 Metaspace       used 82828K, committed 84544K, reserved 1179648K
  class space    used 8571K, committed 9280K, reserved 1048576K
}
Event: 714.876 GC heap after
{Heap after GC invocations=1280 (full 4):
 PSYoungGen      total 4096K, used 432K [0x00000000d5580000, 0x00000000d5a80000, 0x0000000100000000)
  eden space 3584K, 0% used [0x00000000d5580000,0x00000000d5580000,0x00000000d5900000)
  from space 512K, 84% used [0x00000000d5a00000,0x00000000d5a6c010,0x00000000d5a80000)
  to   space 512K, 0% used [0x00000000d5900000,0x00000000d5900000,0x00000000d5980000)
 ParOldGen       total 663552K, used 663330K [0x0000000080000000, 0x00000000a8800000, 0x00000000d5580000)
  object space 663552K, 99% used [0x0000000080000000,0x00000000a87c8ba8,0x00000000a8800000)
 Metaspace       used 82828K, committed 84544K, reserved 1179648K
  class space    used 8571K, committed 9280K, reserved 1048576K
}
Event: 714.887 GC heap before
{Heap before GC invocations=1281 (full 4):
 PSYoungGen      total 4096K, used 4016K [0x00000000d5580000, 0x00000000d5a80000, 0x0000000100000000)
  eden space 3584K, 100% used [0x00000000d5580000,0x00000000d5900000,0x00000000d5900000)
  from space 512K, 84% used [0x00000000d5a00000,0x00000000d5a6c010,0x00000000d5a80000)
  to   space 512K, 0% used [0x00000000d5900000,0x00000000d5900000,0x00000000d5980000)
 ParOldGen       total 663552K, used 663330K [0x0000000080000000, 0x00000000a8800000, 0x00000000d5580000)
  object space 663552K, 99% used [0x0000000080000000,0x00000000a87c8ba8,0x00000000a8800000)
 Metaspace       used 82830K, committed 84544K, reserved 1179648K
  class space    used 8571K, committed 9280K, reserved 1048576K
}
Event: 714.889 GC heap after
{Heap after GC invocations=1281 (full 4):
 PSYoungGen      total 4096K, used 288K [0x00000000d5580000, 0x00000000d5a80000, 0x0000000100000000)
  eden space 3584K, 0% used [0x00000000d5580000,0x00000000d5580000,0x00000000d5900000)
  from space 512K, 56% used [0x00000000d5900000,0x00000000d5948000,0x00000000d5980000)
  to   space 512K, 0% used [0x00000000d5a00000,0x00000000d5a00000,0x00000000d5a80000)
 ParOldGen       total 663552K, used 663386K [0x0000000080000000, 0x00000000a8800000, 0x00000000d5580000)
  object space 663552K, 99% used [0x0000000080000000,0x00000000a87d6ba8,0x00000000a8800000)
 Metaspace       used 82830K, committed 84544K, reserved 1179648K
  class space    used 8571K, committed 9280K, reserved 1048576K
}
Event: 716.487 GC heap before
{Heap before GC invocations=1282 (full 4):
 PSYoungGen      total 4096K, used 3872K [0x00000000d5580000, 0x00000000d5a80000, 0x0000000100000000)
  eden space 3584K, 100% used [0x00000000d5580000,0x00000000d5900000,0x00000000d5900000)
  from space 512K, 56% used [0x00000000d5900000,0x00000000d5948000,0x00000000d5980000)
  to   space 512K, 0% used [0x00000000d5a00000,0x00000000d5a00000,0x00000000d5a80000)
 ParOldGen       total 663552K, used 663386K [0x0000000080000000, 0x00000000a8800000, 0x00000000d5580000)
  object space 663552K, 99% used [0x0000000080000000,0x00000000a87d6ba8,0x00000000a8800000)
 Metaspace       used 82830K, committed 84544K, reserved 1179648K
  class space    used 8571K, committed 9280K, reserved 1048576K
}
Event: 716.489 GC heap after
{Heap after GC invocations=1282 (full 4):
 PSYoungGen      total 4096K, used 224K [0x00000000d5580000, 0x00000000d5a80000, 0x0000000100000000)
  eden space 3584K, 0% used [0x00000000d5580000,0x00000000d5580000,0x00000000d5900000)
  from space 512K, 43% used [0x00000000d5a00000,0x00000000d5a38000,0x00000000d5a80000)
  to   space 512K, 0% used [0x00000000d5900000,0x00000000d5900000,0x00000000d5980000)
 ParOldGen       total 663552K, used 663386K [0x0000000080000000, 0x00000000a8800000, 0x00000000d5580000)
  object space 663552K, 99% used [0x0000000080000000,0x00000000a87d6ba8,0x00000000a8800000)
 Metaspace       used 82830K, committed 84544K, reserved 1179648K
  class space    used 8571K, committed 9280K, reserved 1048576K
}
Event: 717.508 GC heap before
{Heap before GC invocations=1283 (full 4):
 PSYoungGen      total 4096K, used 3808K [0x00000000d5580000, 0x00000000d5a80000, 0x0000000100000000)
  eden space 3584K, 100% used [0x00000000d5580000,0x00000000d5900000,0x00000000d5900000)
  from space 512K, 43% used [0x00000000d5a00000,0x00000000d5a38000,0x00000000d5a80000)
  to   space 512K, 0% used [0x00000000d5900000,0x00000000d5900000,0x00000000d5980000)
 ParOldGen       total 663552K, used 663386K [0x0000000080000000, 0x00000000a8800000, 0x00000000d5580000)
  object space 663552K, 99% used [0x0000000080000000,0x00000000a87d6ba8,0x00000000a8800000)
 Metaspace       used 82830K, committed 84544K, reserved 1179648K
  class space    used 8571K, committed 9280K, reserved 1048576K
}
Event: 717.510 GC heap after
{Heap after GC invocations=1283 (full 4):
 PSYoungGen      total 4096K, used 224K [0x00000000d5580000, 0x00000000d5a80000, 0x0000000100000000)
  eden space 3584K, 0% used [0x00000000d5580000,0x00000000d5580000,0x00000000d5900000)
  from space 512K, 43% used [0x00000000d5900000,0x00000000d5938000,0x00000000d5980000)
  to   space 512K, 0% used [0x00000000d5a00000,0x00000000d5a00000,0x00000000d5a80000)
 ParOldGen       total 663552K, used 663394K [0x0000000080000000, 0x00000000a8800000, 0x00000000d5580000)
  object space 663552K, 99% used [0x0000000080000000,0x00000000a87d8ba8,0x00000000a8800000)
 Metaspace       used 82830K, committed 84544K, reserved 1179648K
  class space    used 8571K, committed 9280K, reserved 1048576K
}
Event: 718.408 GC heap before
{Heap before GC invocations=1284 (full 4):
 PSYoungGen      total 4096K, used 3808K [0x00000000d5580000, 0x00000000d5a80000, 0x0000000100000000)
  eden space 3584K, 100% used [0x00000000d5580000,0x00000000d5900000,0x00000000d5900000)
  from space 512K, 43% used [0x00000000d5900000,0x00000000d5938000,0x00000000d5980000)
  to   space 512K, 0% used [0x00000000d5a00000,0x00000000d5a00000,0x00000000d5a80000)
 ParOldGen       total 663552K, used 663394K [0x0000000080000000, 0x00000000a8800000, 0x00000000d5580000)
  object space 663552K, 99% used [0x0000000080000000,0x00000000a87d8ba8,0x00000000a8800000)
 Metaspace       used 82830K, committed 84544K, reserved 1179648K
  class space    used 8571K, committed 9280K, reserved 1048576K
}
Event: 718.410 GC heap after
{Heap after GC invocations=1284 (full 4):
 PSYoungGen      total 4096K, used 224K [0x00000000d5580000, 0x00000000d5a80000, 0x0000000100000000)
  eden space 3584K, 0% used [0x00000000d5580000,0x00000000d5580000,0x00000000d5900000)
  from space 512K, 43% used [0x00000000d5a00000,0x00000000d5a38000,0x00000000d5a80000)
  to   space 512K, 0% used [0x00000000d5900000,0x00000000d5900000,0x00000000d5980000)
 ParOldGen       total 663552K, used 663434K [0x0000000080000000, 0x00000000a8800000, 0x00000000d5580000)
  object space 663552K, 99% used [0x0000000080000000,0x00000000a87e2ba8,0x00000000a8800000)
 Metaspace       used 82830K, committed 84544K, reserved 1179648K
  class space    used 8571K, committed 9280K, reserved 1048576K
}
Event: 727.106 GC heap before
{Heap before GC invocations=1285 (full 4):
 PSYoungGen      total 4096K, used 3808K [0x00000000d5580000, 0x00000000d5a80000, 0x0000000100000000)
  eden space 3584K, 100% used [0x00000000d5580000,0x00000000d5900000,0x00000000d5900000)
  from space 512K, 43% used [0x00000000d5a00000,0x00000000d5a38000,0x00000000d5a80000)
  to   space 512K, 0% used [0x00000000d5900000,0x00000000d5900000,0x00000000d5980000)
 ParOldGen       total 663552K, used 663434K [0x0000000080000000, 0x00000000a8800000, 0x00000000d5580000)
  object space 663552K, 99% used [0x0000000080000000,0x00000000a87e2ba8,0x00000000a8800000)
 Metaspace       used 82831K, committed 84544K, reserved 1179648K
  class space    used 8571K, committed 9280K, reserved 1048576K
}
Event: 727.109 GC heap after
{Heap after GC invocations=1285 (full 4):
 PSYoungGen      total 4096K, used 224K [0x00000000d5580000, 0x00000000d5a80000, 0x0000000100000000)
  eden space 3584K, 0% used [0x00000000d5580000,0x00000000d5580000,0x00000000d5900000)
  from space 512K, 43% used [0x00000000d5900000,0x00000000d5938000,0x00000000d5980000)
  to   space 512K, 0% used [0x00000000d5a00000,0x00000000d5a00000,0x00000000d5a80000)
 ParOldGen       total 663552K, used 663442K [0x0000000080000000, 0x00000000a8800000, 0x00000000d5580000)
  object space 663552K, 99% used [0x0000000080000000,0x00000000a87e4ba8,0x00000000a8800000)
 Metaspace       used 82831K, committed 84544K, reserved 1179648K
  class space    used 8571K, committed 9280K, reserved 1048576K
}
Event: 727.670 GC heap before
{Heap before GC invocations=1286 (full 4):
 PSYoungGen      total 4096K, used 3808K [0x00000000d5580000, 0x00000000d5a80000, 0x0000000100000000)
  eden space 3584K, 100% used [0x00000000d5580000,0x00000000d5900000,0x00000000d5900000)
  from space 512K, 43% used [0x00000000d5900000,0x00000000d5938000,0x00000000d5980000)
  to   space 512K, 0% used [0x00000000d5a00000,0x00000000d5a00000,0x00000000d5a80000)
 ParOldGen       total 663552K, used 663442K [0x0000000080000000, 0x00000000a8800000, 0x00000000d5580000)
  object space 663552K, 99% used [0x0000000080000000,0x00000000a87e4ba8,0x00000000a8800000)
 Metaspace       used 82832K, committed 84544K, reserved 1179648K
  class space    used 8571K, committed 9280K, reserved 1048576K
}
Event: 727.672 GC heap after
{Heap after GC invocations=1286 (full 4):
 PSYoungGen      total 4096K, used 160K [0x00000000d5580000, 0x00000000d5a80000, 0x0000000100000000)
  eden space 3584K, 0% used [0x00000000d5580000,0x00000000d5580000,0x00000000d5900000)
  from space 512K, 31% used [0x00000000d5a00000,0x00000000d5a28000,0x00000000d5a80000)
  to   space 512K, 0% used [0x00000000d5900000,0x00000000d5900000,0x00000000d5980000)
 ParOldGen       total 663552K, used 663466K [0x0000000080000000, 0x00000000a8800000, 0x00000000d5580000)
  object space 663552K, 99% used [0x0000000080000000,0x00000000a87eaba8,0x00000000a8800000)
 Metaspace       used 82832K, committed 84544K, reserved 1179648K
  class space    used 8571K, committed 9280K, reserved 1048576K
}
Event: 730.254 GC heap before
{Heap before GC invocations=1287 (full 4):
 PSYoungGen      total 4096K, used 3744K [0x00000000d5580000, 0x00000000d5a80000, 0x0000000100000000)
  eden space 3584K, 100% used [0x00000000d5580000,0x00000000d5900000,0x00000000d5900000)
  from space 512K, 31% used [0x00000000d5a00000,0x00000000d5a28000,0x00000000d5a80000)
  to   space 512K, 0% used [0x00000000d5900000,0x00000000d5900000,0x00000000d5980000)
 ParOldGen       total 663552K, used 663466K [0x0000000080000000, 0x00000000a8800000, 0x00000000d5580000)
  object space 663552K, 99% used [0x0000000080000000,0x00000000a87eaba8,0x00000000a8800000)
 Metaspace       used 82837K, committed 84544K, reserved 1179648K
  class space    used 8571K, committed 9280K, reserved 1048576K
}
Event: 730.256 GC heap after
{Heap after GC invocations=1287 (full 4):
 PSYoungGen      total 4096K, used 256K [0x00000000d5580000, 0x00000000d5a80000, 0x0000000100000000)
  eden space 3584K, 0% used [0x00000000d5580000,0x00000000d5580000,0x00000000d5900000)
  from space 512K, 50% used [0x00000000d5900000,0x00000000d5940000,0x00000000d5980000)
  to   space 512K, 0% used [0x00000000d5a00000,0x00000000d5a00000,0x00000000d5a80000)
 ParOldGen       total 663552K, used 663466K [0x0000000080000000, 0x00000000a8800000, 0x00000000d5580000)
  object space 663552K, 99% used [0x0000000080000000,0x00000000a87eaba8,0x00000000a8800000)
 Metaspace       used 82837K, committed 84544K, reserved 1179648K
  class space    used 8571K, committed 9280K, reserved 1048576K
}
Event: 737.404 GC heap before
{Heap before GC invocations=1288 (full 4):
 PSYoungGen      total 4096K, used 3839K [0x00000000d5580000, 0x00000000d5a80000, 0x0000000100000000)
  eden space 3584K, 99% used [0x00000000d5580000,0x00000000d58fffe8,0x00000000d5900000)
  from space 512K, 50% used [0x00000000d5900000,0x00000000d5940000,0x00000000d5980000)
  to   space 512K, 0% used [0x00000000d5a00000,0x00000000d5a00000,0x00000000d5a80000)
 ParOldGen       total 663552K, used 663466K [0x0000000080000000, 0x00000000a8800000, 0x00000000d5580000)
  object space 663552K, 99% used [0x0000000080000000,0x00000000a87eaba8,0x00000000a8800000)
 Metaspace       used 82861K, committed 84544K, reserved 1179648K
  class space    used 8573K, committed 9280K, reserved 1048576K
}
Event: 737.409 GC heap after
{Heap after GC invocations=1288 (full 4):
 PSYoungGen      total 4096K, used 352K [0x00000000d5580000, 0x00000000d5a80000, 0x0000000100000000)
  eden space 3584K, 0% used [0x00000000d5580000,0x00000000d5580000,0x00000000d5900000)
  from space 512K, 68% used [0x00000000d5a00000,0x00000000d5a58040,0x00000000d5a80000)
  to   space 512K, 0% used [0x00000000d5900000,0x00000000d5900000,0x00000000d5980000)
 ParOldGen       total 663552K, used 663514K [0x0000000080000000, 0x00000000a8800000, 0x00000000d5580000)
  object space 663552K, 99% used [0x0000000080000000,0x00000000a87f6ba8,0x00000000a8800000)
 Metaspace       used 82861K, committed 84544K, reserved 1179648K
  class space    used 8573K, committed 9280K, reserved 1048576K
}

Dll operation events (11 events):
Event: 0.016 Loaded shared library c:\Users\PeachZ_X\.vscode\extensions\redhat.java-1.52.0-win32-x64\jre\21.0.9-win32-x86_64\bin\java.dll
Event: 0.126 Loaded shared library c:\Users\PeachZ_X\.vscode\extensions\redhat.java-1.52.0-win32-x64\jre\21.0.9-win32-x86_64\bin\zip.dll
Event: 0.154 Loaded shared library C:\Users\PeachZ_X\.vscode\extensions\redhat.java-1.52.0-win32-x64\jre\21.0.9-win32-x86_64\bin\instrument.dll
Event: 0.161 Loaded shared library C:\Users\PeachZ_X\.vscode\extensions\redhat.java-1.52.0-win32-x64\jre\21.0.9-win32-x86_64\bin\net.dll
Event: 0.165 Loaded shared library C:\Users\PeachZ_X\.vscode\extensions\redhat.java-1.52.0-win32-x64\jre\21.0.9-win32-x86_64\bin\nio.dll
Event: 0.170 Loaded shared library C:\Users\PeachZ_X\.vscode\extensions\redhat.java-1.52.0-win32-x64\jre\21.0.9-win32-x86_64\bin\zip.dll
Event: 0.190 Loaded shared library C:\Users\PeachZ_X\.vscode\extensions\redhat.java-1.52.0-win32-x64\jre\21.0.9-win32-x86_64\bin\jimage.dll
Event: 0.300 Loaded shared library c:\Users\PeachZ_X\.vscode\extensions\redhat.java-1.52.0-win32-x64\jre\21.0.9-win32-x86_64\bin\verify.dll
Event: 2.777 Loaded shared library C:\Users\PeachZ_X\AppData\Roaming\Code\User\globalStorage\redhat.java\1.52.0\config_win\org.eclipse.equinox.launcher\org.eclipse.equinox.launcher.win32.win32.x86_64_1.2.1500.v20260121-1430\eclipse_11919.dll
Event: 6.242 Loaded shared library C:\Users\PeachZ_X\AppData\Local\Temp\jna-6108610\jna3031589451109414529.dll
Event: 107.411 Loaded shared library C:\Users\PeachZ_X\.vscode\extensions\redhat.java-1.52.0-win32-x64\jre\21.0.9-win32-x86_64\bin\extnet.dll

Deoptimization events (20 events):
Event: 710.970 Thread 0x000002b4f0f2fcf0 DEOPT PACKING pc=0x000002b496c0487c sp=0x000000e86e6fd9c0
Event: 710.971 Thread 0x000002b4f0f2fcf0 DEOPT UNPACKING pc=0x000002b49b494242 sp=0x000000e86e6fceb0 mode 0
Event: 711.774 Thread 0x000002b4eef5e780 DEOPT PACKING pc=0x000002b496c0487c sp=0x000000e86f8fe210
Event: 711.774 Thread 0x000002b4eef5e780 DEOPT UNPACKING pc=0x000002b49b494242 sp=0x000000e86f8fd700 mode 0
Event: 712.827 Thread 0x000002b4eeba5ea0 Uncommon trap: trap_request=0xffffff6e fr.pc=0x000002b49caf4888 relative=0x0000000000000ac8
Event: 712.827 Thread 0x000002b4eeba5ea0 Uncommon trap: reason=loop_limit_check action=maybe_recompile pc=0x000002b49caf4888 method=org.eclipse.jdt.internal.compiler.lookup.BinaryTypeBinding.getExactConstructor([Lorg/eclipse/jdt/internal/compiler/lookup/TypeBinding;)Lorg/eclipse/jdt/internal/com
Event: 712.827 Thread 0x000002b4eeba5ea0 DEOPT PACKING pc=0x000002b49caf4888 sp=0x000000e86e4fe140
Event: 712.827 Thread 0x000002b4eeba5ea0 DEOPT UNPACKING pc=0x000002b49b493aa2 sp=0x000000e86e4fe0c8 mode 2
Event: 712.856 Thread 0x000002b4eeba5ea0 DEOPT PACKING pc=0x000002b496c0487c sp=0x000000e86e4fe230
Event: 712.856 Thread 0x000002b4eeba5ea0 DEOPT UNPACKING pc=0x000002b49b494242 sp=0x000000e86e4fd720 mode 0
Event: 729.607 Thread 0x000002b4ef458a70 DEOPT PACKING pc=0x000002b494efda11 sp=0x000000e870cfd510
Event: 729.607 Thread 0x000002b4ef458a70 DEOPT UNPACKING pc=0x000002b49b494242 sp=0x000000e870cfc978 mode 0
Event: 736.786 Thread 0x000002b4f17fea70 Uncommon trap: trap_request=0xffffffc6 fr.pc=0x000002b49c1e2148 relative=0x00000000000003c8
Event: 736.786 Thread 0x000002b4f17fea70 Uncommon trap: reason=bimorphic_or_optimized_type_check action=maybe_recompile pc=0x000002b49c1e2148 method=java.lang.ThreadLocal.set(Ljava/lang/Thread;Ljava/lang/Object;)V @ 22 c2
Event: 736.786 Thread 0x000002b4f17fea70 DEOPT PACKING pc=0x000002b49c1e2148 sp=0x000000e86fbfec40
Event: 736.786 Thread 0x000002b4f17fea70 DEOPT UNPACKING pc=0x000002b49b493aa2 sp=0x000000e86fbfeb88 mode 2
Event: 737.410 Thread 0x000002b4f11d01b0 Uncommon trap: trap_request=0xffffff45 fr.pc=0x000002b49ca48c8c relative=0x000000000000006c
Event: 737.410 Thread 0x000002b4f11d01b0 Uncommon trap: reason=unstable_if action=reinterpret pc=0x000002b49ca48c8c method=java.util.concurrent.ThreadPoolExecutor.isRunning(I)Z @ 1 c2
Event: 737.410 Thread 0x000002b4f11d01b0 DEOPT PACKING pc=0x000002b49ca48c8c sp=0x000000e86f7feb30
Event: 737.410 Thread 0x000002b4f11d01b0 DEOPT UNPACKING pc=0x000002b49b493aa2 sp=0x000000e86f7fea50 mode 2

Classes loaded (20 events):
Event: 308.232 Loading class java/util/stream/Nodes$ToArrayTask$OfRef
Event: 308.232 Loading class java/util/stream/Nodes$ToArrayTask
Event: 308.233 Loading class java/util/stream/Nodes$ToArrayTask done
Event: 308.233 Loading class java/util/stream/Nodes$ToArrayTask$OfRef done
Event: 308.239 Loading class java/io/ObjectOutputStream$BlockDataOutputStream
Event: 308.239 Loading class java/io/ObjectOutputStream$BlockDataOutputStream done
Event: 308.239 Loading class java/io/ObjectOutputStream$HandleTable
Event: 308.239 Loading class java/io/ObjectOutputStream$HandleTable done
Event: 308.239 Loading class java/io/ObjectOutputStream$ReplaceTable
Event: 308.239 Loading class java/io/ObjectOutputStream$ReplaceTable done
Event: 367.376 Loading class java/util/Collections$EmptyListIterator
Event: 367.433 Loading class java/util/Collections$EmptyListIterator done
Event: 398.608 Loading class java/lang/StringLatin1$CharsSpliterator
Event: 398.610 Loading class java/lang/StringLatin1$CharsSpliterator done
Event: 630.121 Loading class jdk/internal/icu/text/NormalizerBase$NFCModeImpl
Event: 630.125 Loading class jdk/internal/icu/text/NormalizerBase$NFCModeImpl done
Event: 630.125 Loading class jdk/internal/icu/impl/Norm2AllModes$NFCSingleton
Event: 630.127 Loading class jdk/internal/icu/impl/Norm2AllModes$NFCSingleton done
Event: 630.136 Loading class java/nio/StringCharBuffer
Event: 630.137 Loading class java/nio/StringCharBuffer done

Classes unloaded (20 events):
Event: 7.958 Thread 0x000002b490c62a70 Unloading class 0x000002b4a91ac800 'java/lang/invoke/LambdaForm$MH+0x000002b4a91ac800'
Event: 7.958 Thread 0x000002b490c62a70 Unloading class 0x000002b4a91ac400 'java/lang/invoke/LambdaForm$MH+0x000002b4a91ac400'
Event: 7.958 Thread 0x000002b490c62a70 Unloading class 0x000002b4a91ac000 'java/lang/invoke/LambdaForm$MH+0x000002b4a91ac000'
Event: 7.958 Thread 0x000002b490c62a70 Unloading class 0x000002b4a91abc00 'java/lang/invoke/LambdaForm$BMH+0x000002b4a91abc00'
Event: 7.958 Thread 0x000002b490c62a70 Unloading class 0x000002b4a91ab800 'java/lang/invoke/LambdaForm$DMH+0x000002b4a91ab800'
Event: 7.958 Thread 0x000002b490c62a70 Unloading class 0x000002b4a91aa400 'java/lang/invoke/LambdaForm$DMH+0x000002b4a91aa400'
Event: 9.242 Thread 0x000002b490c62a70 Unloading class 0x000002b4a9346800 'java/lang/invoke/LambdaForm$MH+0x000002b4a9346800'
Event: 9.242 Thread 0x000002b490c62a70 Unloading class 0x000002b4a9345c00 'java/lang/invoke/LambdaForm$MH+0x000002b4a9345c00'
Event: 9.242 Thread 0x000002b490c62a70 Unloading class 0x000002b4a9345400 'java/lang/invoke/LambdaForm$MH+0x000002b4a9345400'
Event: 9.242 Thread 0x000002b490c62a70 Unloading class 0x000002b4a9344c00 'java/lang/invoke/LambdaForm$MH+0x000002b4a9344c00'
Event: 9.242 Thread 0x000002b490c62a70 Unloading class 0x000002b4a9344800 'java/lang/invoke/LambdaForm$DMH+0x000002b4a9344800'
Event: 9.242 Thread 0x000002b490c62a70 Unloading class 0x000002b4a9343c00 'java/lang/invoke/LambdaForm$MH+0x000002b4a9343c00'
Event: 29.785 Thread 0x000002b490c62a70 Unloading class 0x000002b4a964b400 'java/lang/invoke/LambdaForm$MH+0x000002b4a964b400'
Event: 29.785 Thread 0x000002b490c62a70 Unloading class 0x000002b4a964ac00 'java/lang/invoke/LambdaForm$MH+0x000002b4a964ac00'
Event: 29.785 Thread 0x000002b490c62a70 Unloading class 0x000002b4a964a800 'java/lang/invoke/LambdaForm$MH+0x000002b4a964a800'
Event: 29.785 Thread 0x000002b490c62a70 Unloading class 0x000002b4a964a000 'java/lang/invoke/LambdaForm$MH+0x000002b4a964a000'
Event: 29.785 Thread 0x000002b490c62a70 Unloading class 0x000002b4a9649400 'java/lang/invoke/LambdaForm$MH+0x000002b4a9649400'
Event: 29.785 Thread 0x000002b490c62a70 Unloading class 0x000002b4a9648c00 'java/lang/invoke/LambdaForm$MH+0x000002b4a9648c00'
Event: 29.785 Thread 0x000002b490c62a70 Unloading class 0x000002b4a9648400 'java/lang/invoke/LambdaForm$MH+0x000002b4a9648400'
Event: 29.785 Thread 0x000002b490c62a70 Unloading class 0x000002b4a9648000 'java/lang/invoke/LambdaForm$MH+0x000002b4a9648000'

Classes redefined (0 events):
No events

Internal exceptions (20 events):
Event: 698.027 Thread 0x000002b4eef5ee10 Exception <a 'sun/nio/fs/WindowsException'{0x00000000d55e7d68}> (0x00000000d55e7d68) 
thrown [s\src\hotspot\share\prims\jni.cpp, line 520]
Event: 698.222 Thread 0x000002b4eef5ee10 Exception <a 'sun/nio/fs/WindowsException'{0x00000000d55f8a10}> (0x00000000d55f8a10) 
thrown [s\src\hotspot\share\prims\jni.cpp, line 520]
Event: 701.349 Thread 0x000002b4eef5ee10 Exception <a 'sun/nio/fs/WindowsException'{0x00000000d5728798}> (0x00000000d5728798) 
thrown [s\src\hotspot\share\prims\jni.cpp, line 520]
Event: 701.974 Thread 0x000002b4eef5ee10 Exception <a 'sun/nio/fs/WindowsException'{0x00000000d5614e00}> (0x00000000d5614e00) 
thrown [s\src\hotspot\share\prims\jni.cpp, line 520]
Event: 703.770 Thread 0x000002b4eef5ee10 Exception <a 'sun/nio/fs/WindowsException'{0x00000000d56b9310}> (0x00000000d56b9310) 
thrown [s\src\hotspot\share\prims\jni.cpp, line 520]
Event: 703.985 Thread 0x000002b4eef5ee10 Exception <a 'sun/nio/fs/WindowsException'{0x00000000d570fda0}> (0x00000000d570fda0) 
thrown [s\src\hotspot\share\prims\jni.cpp, line 520]
Event: 704.612 Thread 0x000002b4ef45bef0 Exception <a 'sun/nio/fs/WindowsException'{0x00000000d558a508}> (0x00000000d558a508) 
thrown [s\src\hotspot\share\prims\jni.cpp, line 520]
Event: 704.613 Thread 0x000002b4ef45bef0 Exception <a 'sun/nio/fs/WindowsException'{0x00000000d558abe0}> (0x00000000d558abe0) 
thrown [s\src\hotspot\share\prims\jni.cpp, line 520]
Event: 705.700 Thread 0x000002b4eef5ee10 Exception <a 'sun/nio/fs/WindowsException'{0x00000000d5819760}> (0x00000000d5819760) 
thrown [s\src\hotspot\share\prims\jni.cpp, line 520]
Event: 705.925 Thread 0x000002b4eef5ee10 Exception <a 'sun/nio/fs/WindowsException'{0x00000000d57140b0}> (0x00000000d57140b0) 
thrown [s\src\hotspot\share\prims\jni.cpp, line 520]
Event: 710.857 Thread 0x000002b4eef5ee10 Exception <a 'sun/nio/fs/WindowsException'{0x00000000d579bff8}> (0x00000000d579bff8) 
thrown [s\src\hotspot\share\prims\jni.cpp, line 520]
Event: 711.041 Thread 0x000002b4eef5ee10 Exception <a 'sun/nio/fs/WindowsException'{0x00000000d5603ea8}> (0x00000000d5603ea8) 
thrown [s\src\hotspot\share\prims\jni.cpp, line 520]
Event: 736.725 Thread 0x000002b4ef458a70 Exception <a 'sun/nio/fs/WindowsException'{0x00000000d581ce68}> (0x00000000d581ce68) 
thrown [s\src\hotspot\share\prims\jni.cpp, line 520]
Event: 736.725 Thread 0x000002b4ef458a70 Exception <a 'sun/nio/fs/WindowsException'{0x00000000d581d540}> (0x00000000d581d540) 
thrown [s\src\hotspot\share\prims\jni.cpp, line 520]
Event: 736.726 Thread 0x000002b4ef458a70 Exception <a 'sun/nio/fs/WindowsException'{0x00000000d581e3d0}> (0x00000000d581e3d0) 
thrown [s\src\hotspot\share\prims\jni.cpp, line 520]
Event: 736.726 Thread 0x000002b4ef458a70 Exception <a 'sun/nio/fs/WindowsException'{0x00000000d581ed58}> (0x00000000d581ed58) 
thrown [s\src\hotspot\share\prims\jni.cpp, line 520]
Event: 736.728 Thread 0x000002b4ef458a70 Exception <a 'sun/nio/fs/WindowsException'{0x00000000d5820520}> (0x00000000d5820520) 
thrown [s\src\hotspot\share\prims\jni.cpp, line 520]
Event: 736.728 Thread 0x000002b4ef458a70 Exception <a 'sun/nio/fs/WindowsException'{0x00000000d5820bf8}> (0x00000000d5820bf8) 
thrown [s\src\hotspot\share\prims\jni.cpp, line 520]
Event: 736.728 Thread 0x000002b4ef458a70 Exception <a 'sun/nio/fs/WindowsException'{0x00000000d5821a60}> (0x00000000d5821a60) 
thrown [s\src\hotspot\share\prims\jni.cpp, line 520]
Event: 736.729 Thread 0x000002b4ef458a70 Exception <a 'sun/nio/fs/WindowsException'{0x00000000d5822138}> (0x00000000d5822138) 
thrown [s\src\hotspot\share\prims\jni.cpp, line 520]

ZGC Phase Switch (0 events):
No events

VM Operations (20 events):
Event: 718.408 Executing VM operation: ParallelGCFailedAllocation (Allocation Failure)
Event: 718.410 Executing VM operation: ParallelGCFailedAllocation (Allocation Failure) done
Event: 721.618 Executing VM operation: HandshakeAllThreads (HandshakeForDeflation)
Event: 721.618 Executing VM operation: HandshakeAllThreads (HandshakeForDeflation) done
Event: 721.618 Executing VM operation: RendezvousGCThreads
Event: 721.618 Executing VM operation: RendezvousGCThreads done
Event: 727.106 Executing VM operation: ParallelGCFailedAllocation (Allocation Failure)
Event: 727.109 Executing VM operation: ParallelGCFailedAllocation (Allocation Failure) done
Event: 727.670 Executing VM operation: ParallelGCFailedAllocation (Allocation Failure)
Event: 727.672 Executing VM operation: ParallelGCFailedAllocation (Allocation Failure) done
Event: 729.701 Executing VM operation: Cleanup
Event: 729.701 Executing VM operation: Cleanup done
Event: 730.254 Executing VM operation: ParallelGCFailedAllocation (Allocation Failure)
Event: 730.256 Executing VM operation: ParallelGCFailedAllocation (Allocation Failure) done
Event: 731.260 Executing VM operation: Cleanup
Event: 731.260 Executing VM operation: Cleanup done
Event: 737.307 Executing VM operation: Cleanup
Event: 737.307 Executing VM operation: Cleanup done
Event: 737.404 Executing VM operation: ParallelGCFailedAllocation (Allocation Failure)
Event: 737.409 Executing VM operation: ParallelGCFailedAllocation (Allocation Failure) done

Memory protections (0 events):
No events

Nmethod flushes (20 events):
Event: 417.711 Thread 0x000002b490c62a70 flushing  nmethod 0x000002b494fed110
Event: 417.711 Thread 0x000002b490c62a70 flushing  nmethod 0x000002b494fed610
Event: 417.711 Thread 0x000002b490c62a70 flushing  nmethod 0x000002b494ff0b90
Event: 417.711 Thread 0x000002b490c62a70 flushing  nmethod 0x000002b494ff2790
Event: 417.711 Thread 0x000002b490c62a70 flushing  nmethod 0x000002b494ff2d10
Event: 417.711 Thread 0x000002b490c62a70 flushing  nmethod 0x000002b494ff3310
Event: 417.711 Thread 0x000002b490c62a70 flushing  nmethod 0x000002b494ff4690
Event: 417.711 Thread 0x000002b490c62a70 flushing  nmethod 0x000002b494ff5190
Event: 417.711 Thread 0x000002b490c62a70 flushing  nmethod 0x000002b494ff5a10
Event: 417.711 Thread 0x000002b490c62a70 flushing osr nmethod 0x000002b494ff7610
Event: 417.711 Thread 0x000002b490c62a70 flushing  nmethod 0x000002b494ff9590
Event: 417.711 Thread 0x000002b490c62a70 flushing  nmethod 0x000002b494ffb890
Event: 417.712 Thread 0x000002b490c62a70 flushing  nmethod 0x000002b495002f90
Event: 417.712 Thread 0x000002b490c62a70 flushing  nmethod 0x000002b495004990
Event: 417.712 Thread 0x000002b490c62a70 flushing  nmethod 0x000002b495004f10
Event: 417.712 Thread 0x000002b490c62a70 flushing  nmethod 0x000002b495005f10
Event: 417.712 Thread 0x000002b490c62a70 flushing  nmethod 0x000002b495006490
Event: 417.712 Thread 0x000002b490c62a70 flushing  nmethod 0x000002b495007990
Event: 417.712 Thread 0x000002b490c62a70 flushing  nmethod 0x000002b49500da90
Event: 417.712 Thread 0x000002b490c62a70 flushing  nmethod 0x000002b495013e90

Events (20 events):
Event: 658.248 Thread 0x000002b4f0f30a10 Thread added: 0x000002b4f0f310a0
Event: 658.943 Thread 0x000002b4f0f30a10 Thread added: 0x000002b4f0f2fcf0
Event: 680.506 Thread 0x000002b4f0f2f660 Thread added: 0x000002b4eef5e780
Event: 691.263 Thread 0x000002b4f17fd030 Thread added: 0x000002b4f17fd6c0
Event: 691.263 Thread 0x000002b4ef457d50 Thread added: 0x000002b4f17fe3e0
Event: 706.850 Thread 0x000002b4eef5e780 Thread added: 0x000002b4f17fb5f0
Event: 706.862 Thread 0x000002b4f17fb5f0 Thread added: 0x000002b4f17fea70
Event: 706.869 Thread 0x000002b4f17fb5f0 Thread added: 0x000002b4f074c430
Event: 706.871 Thread 0x000002b4f17fb5f0 Thread exited: 0x000002b4f17fb5f0
Event: 706.871 Thread 0x000002b4f074c430 Thread exited: 0x000002b4f074c430
Event: 706.871 Thread 0x000002b4f17fea70 Thread exited: 0x000002b4f17fea70
Event: 707.186 Thread 0x000002b4eef5e780 Thread added: 0x000002b4f074c430
Event: 707.187 Thread 0x000002b4f074c430 Thread exited: 0x000002b4f074c430
Event: 736.772 Thread 0x000002b4eeba7250 Thread added: 0x000002b4f17fea70
Event: 736.797 Thread 0x000002b4f17fea70 Thread added: 0x000002b4f11d1bf0
Event: 736.826 Thread 0x000002b4f11d1bf0 Thread added: 0x000002b4f11cfb20
Event: 737.038 Thread 0x000002b4f17fea70 Thread added: 0x000002b4f11d01b0
Event: 737.039 Thread 0x000002b4f11cfb20 Thread exited: 0x000002b4f11cfb20
Event: 737.403 Thread 0x000002b4f11d01b0 Thread added: 0x000002b4f11cee00
Event: 737.410 Thread 0x000002b4f11d01b0 Thread exited: 0x000002b4f11d01b0


Dynamic libraries:
0x00007ff6fcb20000 - 0x00007ff6fcb2e000 	c:\Users\PeachZ_X\.vscode\extensions\redhat.java-1.52.0-win32-x64\jre\21.0.9-win32-x86_64\bin\java.exe
0x00007fffc2bd0000 - 0x00007fffc2dc8000 	C:\Windows\SYSTEM32\ntdll.dll
0x00007fffc1220000 - 0x00007fffc12e2000 	C:\Windows\System32\KERNEL32.DLL
0x00007fffc0770000 - 0x00007fffc0a66000 	C:\Windows\System32\KERNELBASE.dll
0x00007fffc05e0000 - 0x00007fffc06e0000 	C:\Windows\System32\ucrtbase.dll
0x00007fffaf760000 - 0x00007fffaf778000 	c:\Users\PeachZ_X\.vscode\extensions\redhat.java-1.52.0-win32-x64\jre\21.0.9-win32-x86_64\bin\jli.dll
0x00007fffc2850000 - 0x00007fffc29f1000 	C:\Windows\System32\USER32.dll
0x00007fffc0260000 - 0x00007fffc0282000 	C:\Windows\System32\win32u.dll
0x00007fffc11e0000 - 0x00007fffc120b000 	C:\Windows\System32\GDI32.dll
0x00007fffc0470000 - 0x00007fffc0589000 	C:\Windows\System32\gdi32full.dll
0x00007fffc0b50000 - 0x00007fffc0bed000 	C:\Windows\System32\msvcp_win.dll
0x00007fffb29c0000 - 0x00007fffb29de000 	c:\Users\PeachZ_X\.vscode\extensions\redhat.java-1.52.0-win32-x64\jre\21.0.9-win32-x86_64\bin\VCRUNTIME140.dll
0x00007fffacfd0000 - 0x00007fffad26b000 	C:\Windows\WinSxS\amd64_microsoft.windows.common-controls_6595b64144ccf1df_6.0.19041.6456_none_60b8a6cb71f64256\COMCTL32.dll
0x00007fffc0f20000 - 0x00007fffc0fbe000 	C:\Windows\System32\msvcrt.dll
0x00007fffc1dc0000 - 0x00007fffc1def000 	C:\Windows\System32\IMM32.DLL
0x00007fffb80a0000 - 0x00007fffb80ac000 	c:\Users\PeachZ_X\.vscode\extensions\redhat.java-1.52.0-win32-x64\jre\21.0.9-win32-x86_64\bin\vcruntime140_1.dll
0x00007fff6e890000 - 0x00007fff6e91d000 	c:\Users\PeachZ_X\.vscode\extensions\redhat.java-1.52.0-win32-x64\jre\21.0.9-win32-x86_64\bin\msvcp140.dll
0x00007fff167c0000 - 0x00007fff17560000 	c:\Users\PeachZ_X\.vscode\extensions\redhat.java-1.52.0-win32-x64\jre\21.0.9-win32-x86_64\bin\server\jvm.dll
0x00007fffc25c0000 - 0x00007fffc2671000 	C:\Windows\System32\ADVAPI32.dll
0x00007fffc2520000 - 0x00007fffc25bf000 	C:\Windows\System32\sechost.dll
0x00007fffc2680000 - 0x00007fffc27a0000 	C:\Windows\System32\RPCRT4.dll
0x00007fffc0b20000 - 0x00007fffc0b47000 	C:\Windows\System32\bcrypt.dll
0x00007fffc2260000 - 0x00007fffc22cb000 	C:\Windows\System32\WS2_32.dll
0x00007fffbf7f0000 - 0x00007fffbf83b000 	C:\Windows\SYSTEM32\POWRPROF.dll
0x00007fffb6cc0000 - 0x00007fffb6ce7000 	C:\Windows\SYSTEM32\WINMM.dll
0x00007fffb9900000 - 0x00007fffb990a000 	C:\Windows\SYSTEM32\VERSION.dll
0x00007fffbf660000 - 0x00007fffbf672000 	C:\Windows\SYSTEM32\UMPDC.dll
0x00007fffbe0d0000 - 0x00007fffbe0e2000 	C:\Windows\SYSTEM32\kernel.appcore.dll
0x00007fffb8070000 - 0x00007fffb807a000 	c:\Users\PeachZ_X\.vscode\extensions\redhat.java-1.52.0-win32-x64\jre\21.0.9-win32-x86_64\bin\jimage.dll
0x00007fffb2af0000 - 0x00007fffb2cf1000 	C:\Windows\SYSTEM32\DBGHELP.DLL
0x00007fffaa7c0000 - 0x00007fffaa7f4000 	C:\Windows\SYSTEM32\dbgcore.DLL
0x00007fffc06e0000 - 0x00007fffc0762000 	C:\Windows\System32\bcryptPrimitives.dll
0x00007fffb29f0000 - 0x00007fffb29ff000 	c:\Users\PeachZ_X\.vscode\extensions\redhat.java-1.52.0-win32-x64\jre\21.0.9-win32-x86_64\bin\instrument.dll
0x00007fff9e130000 - 0x00007fff9e150000 	c:\Users\PeachZ_X\.vscode\extensions\redhat.java-1.52.0-win32-x64\jre\21.0.9-win32-x86_64\bin\java.dll
0x00007fffc12f0000 - 0x00007fffc1a60000 	C:\Windows\System32\SHELL32.dll
0x00007fffbe2d0000 - 0x00007fffbea75000 	C:\Windows\SYSTEM32\windows.storage.dll
0x00007fffc1a60000 - 0x00007fffc1db4000 	C:\Windows\System32\combase.dll
0x00007fffbfc90000 - 0x00007fffbfcbb000 	C:\Windows\SYSTEM32\Wldp.dll
0x00007fffc0e50000 - 0x00007fffc0f1d000 	C:\Windows\System32\OLEAUT32.dll
0x00007fffc0bf0000 - 0x00007fffc0c9d000 	C:\Windows\System32\SHCORE.dll
0x00007fffc2b30000 - 0x00007fffc2b8b000 	C:\Windows\System32\shlwapi.dll
0x00007fffc0190000 - 0x00007fffc01b4000 	C:\Windows\SYSTEM32\profapi.dll
0x00007fff9c980000 - 0x00007fff9c998000 	c:\Users\PeachZ_X\.vscode\extensions\redhat.java-1.52.0-win32-x64\jre\21.0.9-win32-x86_64\bin\zip.dll
0x00007fffaf130000 - 0x00007fffaf140000 	C:\Users\PeachZ_X\.vscode\extensions\redhat.java-1.52.0-win32-x64\jre\21.0.9-win32-x86_64\bin\net.dll
0x00007fffb9260000 - 0x00007fffb936a000 	C:\Windows\SYSTEM32\WINHTTP.dll
0x00007fffbf9f0000 - 0x00007fffbfa5a000 	C:\Windows\system32\mswsock.dll
0x00007fff9a6e0000 - 0x00007fff9a6f6000 	C:\Users\PeachZ_X\.vscode\extensions\redhat.java-1.52.0-win32-x64\jre\21.0.9-win32-x86_64\bin\nio.dll
0x00007fffaf0b0000 - 0x00007fffaf0c0000 	c:\Users\PeachZ_X\.vscode\extensions\redhat.java-1.52.0-win32-x64\jre\21.0.9-win32-x86_64\bin\verify.dll
0x00007fff708e0000 - 0x00007fff70925000 	C:\Users\PeachZ_X\AppData\Roaming\Code\User\globalStorage\redhat.java\1.52.0\config_win\org.eclipse.equinox.launcher\org.eclipse.equinox.launcher.win32.win32.x86_64_1.2.1500.v20260121-1430\eclipse_11919.dll
0x00007fffc2a00000 - 0x00007fffc2b2b000 	C:\Windows\System32\ole32.dll
0x00007fffbfbe0000 - 0x00007fffbfbf8000 	C:\Windows\SYSTEM32\CRYPTSP.dll
0x00007fffbf2a0000 - 0x00007fffbf2d8000 	C:\Windows\system32\rsaenh.dll
0x00007fffc0150000 - 0x00007fffc017e000 	C:\Windows\SYSTEM32\USERENV.dll
0x00007fffbfc00000 - 0x00007fffbfc0c000 	C:\Windows\SYSTEM32\CRYPTBASE.dll
0x00007fffbf680000 - 0x00007fffbf6bb000 	C:\Windows\SYSTEM32\IPHLPAPI.DLL
0x00007fffc1170000 - 0x00007fffc1178000 	C:\Windows\System32\NSI.dll
0x00007fff6e7f0000 - 0x00007fff6e839000 	C:\Users\PeachZ_X\AppData\Local\Temp\jna-6108610\jna3031589451109414529.dll
0x00007fffc0ca0000 - 0x00007fffc0ca8000 	C:\Windows\System32\PSAPI.DLL
0x00007fffb9b40000 - 0x00007fffb9b57000 	C:\Windows\SYSTEM32\dhcpcsvc6.DLL
0x00007fffb9aa0000 - 0x00007fffb9abd000 	C:\Windows\SYSTEM32\dhcpcsvc.DLL
0x00007fffbf4f0000 - 0x00007fffbf523000 	C:\Windows\SYSTEM32\ntmarta.dll
0x00007fffa6560000 - 0x00007fffa6569000 	C:\Users\PeachZ_X\.vscode\extensions\redhat.java-1.52.0-win32-x64\jre\21.0.9-win32-x86_64\bin\extnet.dll

JVMTI agents:
c:\Users\PeachZ_X\.vscode\extensions\redhat.java-1.52.0-win32-x64\lombok\lombok-1.18.39-4050.jar path:c:\Users\PeachZ_X\.vscode\extensions\redhat.java-1.52.0-win32-x64\jre\21.0.9-win32-x86_64\bin\instrument.dll, loaded, initialized, instrumentlib options:none

dbghelp: loaded successfully - version: 4.0.5 - missing functions: none
symbol engine: initialized successfully - sym options: 0x614 - pdb path: .;c:\Users\PeachZ_X\.vscode\extensions\redhat.java-1.52.0-win32-x64\jre\21.0.9-win32-x86_64\bin;C:\Windows\SYSTEM32;C:\Windows\WinSxS\amd64_microsoft.windows.common-controls_6595b64144ccf1df_6.0.19041.6456_none_60b8a6cb71f64256;c:\Users\PeachZ_X\.vscode\extensions\redhat.java-1.52.0-win32-x64\jre\21.0.9-win32-x86_64\bin\server;C:\Users\PeachZ_X\AppData\Roaming\Code\User\globalStorage\redhat.java\1.52.0\config_win\org.eclipse.equinox.launcher\org.eclipse.equinox.launcher.win32.win32.x86_64_1.2.1500.v20260121-1430;C:\Users\PeachZ_X\AppData\Local\Temp\jna-6108610

VM Arguments:
jvm_args: --add-modules=ALL-SYSTEM --add-opens=java.base/java.util=ALL-UNNAMED --add-opens=java.base/java.lang=ALL-UNNAMED --add-opens=java.base/sun.nio.fs=ALL-UNNAMED -Declipse.application=org.eclipse.jdt.ls.core.id1 -Dosgi.bundles.defaultStartLevel=4 -Declipse.product=org.eclipse.jdt.ls.core.product -Djava.import.generatesMetadataFilesAtProjectRoot=false -DDetectVMInstallationsJob.disabled=true -Dfile.encoding=utf8 -XX:+UseParallelGC -XX:GCTimeRatio=4 -XX:AdaptiveSizePolicyWeight=90 -Dsun.zip.disableMemoryMapping=true -Xmx2G -Xms100m -Xlog:disable -javaagent:c:\Users\PeachZ_X\.vscode\extensions\redhat.java-1.52.0-win32-x64\lombok\lombok-1.18.39-4050.jar -XX:+HeapDumpOnOutOfMemoryError -XX:HeapDumpPath=c:\Users\PeachZ_X\AppData\Roaming\Code\User\workspaceStorage\9b3b2925893dbd842968ab009774ca27\redhat.java -Daether.dependencyCollector.impl=bf 
java_command: c:\Users\PeachZ_X\.vscode\extensions\redhat.java-1.52.0-win32-x64\server\plugins\org.eclipse.equinox.launcher_1.7.100.v20251111-0406.jar -configuration c:\Users\PeachZ_X\AppData\Roaming\Code\User\globalStorage\redhat.java\1.52.0\config_win -data c:\Users\PeachZ_X\AppData\Roaming\Code\User\workspaceStorage\9b3b2925893dbd842968ab009774ca27\redhat.java\jdt_ws --pipe=\\.\pipe\lsp-7d1876623c86d6f29840555148f03c49-sock
java_class_path (initial): c:\Users\PeachZ_X\.vscode\extensions\redhat.java-1.52.0-win32-x64\server\plugins\org.eclipse.equinox.launcher_1.7.100.v20251111-0406.jar
Launcher Type: SUN_STANDARD

[Global flags]
    uintx AdaptiveSizePolicyWeight                 = 90                                        {product} {command line}
     intx CICompilerCount                          = 4                                         {product} {ergonomic}
    uintx GCTimeRatio                              = 4                                         {product} {command line}
     bool HeapDumpOnOutOfMemoryError               = true                                   {manageable} {command line}
    ccstr HeapDumpPath                             = c:\Users\PeachZ_X\AppData\Roaming\Code\User\workspaceStorage\9b3b2925893dbd842968ab009774ca27\redhat.java         {manageable} {command line}
   size_t InitialHeapSize                          = 104857600                                 {product} {command line}
   size_t MaxHeapSize                              = 2147483648                                {product} {command line}
   size_t MaxNewSize                               = 715653120                                 {product} {ergonomic}
   size_t MinHeapDeltaBytes                        = 524288                                    {product} {ergonomic}
   size_t MinHeapSize                              = 104857600                                 {product} {command line}
   size_t NewSize                                  = 34603008                                  {product} {ergonomic}
    uintx NonNMethodCodeHeapSize                   = 5839372                                {pd product} {ergonomic}
    uintx NonProfiledCodeHeapSize                  = 122909434                              {pd product} {ergonomic}
   size_t OldSize                                  = 70254592                                  {product} {ergonomic}
    uintx ProfiledCodeHeapSize                     = 122909434                              {pd product} {ergonomic}
    uintx ReservedCodeCacheSize                    = 251658240                              {pd product} {ergonomic}
     bool SegmentedCodeCache                       = true                                      {product} {ergonomic}
   size_t SoftMaxHeapSize                          = 2147483648                             {manageable} {ergonomic}
     bool UseCompressedOops                        = true                           {product lp64_product} {ergonomic}
     bool UseLargePagesIndividualAllocation        = false                                  {pd product} {ergonomic}
     bool UseParallelGC                            = true                                      {product} {command line}

Logging:
Log output configuration:
 #0: stdout all=off uptime,level,tags foldmultilines=false
 #1: stderr all=off uptime,level,tags foldmultilines=false

Release file:
JAVA_VERSION="21.0.9" 
MODULES="java.base java.compiler java.datatransfer java.xml java.prefs java.desktop java.instrument java.logging java.management java.security.sasl java.naming java.rmi java.management.rmi java.net.http java.scripting java.security.jgss java.transaction.xa java.sql java.sql.rowset java.xml.crypto java.se java.smartcardio jdk.accessibility jdk.internal.jvmstat jdk.attach jdk.charsets jdk.internal.opt jdk.zipfs jdk.compiler jdk.crypto.ec jdk.crypto.cryptoki jdk.crypto.mscapi jdk.dynalink jdk.internal.ed jdk.editpad jdk.hotspot.agent jdk.httpserver jdk.internal.le jdk.internal.vm.ci jdk.internal.vm.compiler jdk.internal.vm.compiler.management jdk.jartool jdk.javadoc jdk.jcmd jdk.management jdk.management.agent jdk.jconsole jdk.jdeps jdk.jdwp.agent jdk.jdi jdk.jfr jdk.jshell jdk.jsobject jdk.jstatd jdk.localedata jdk.management.jfr jdk.naming.dns jdk.naming.rmi jdk.net jdk.nio.mapmode jdk.random jdk.sctp jdk.security.auth jdk.security.jgss jdk.unsupported jdk.unsupported.desktop jdk.xml.dom" 

Environment Variables:
JAVA_HOME=C:\Program Files\Microsoft\jdk-21.0.10.7-hotspot\
PATH=C:\Program Files\Microsoft\jdk-21.0.10.7-hotspot\bin;C:\Program Files (x86)\Common Files\Oracle\Java\java8path;C:\Program Files (x86)\Common Files\Oracle\Java\javapath;C:\Windows\system32;C:\Windows;C:\Windows\System32\Wbem;C:\Windows\System32\WindowsPowerShell\v1.0\;C:\Windows\System32\OpenSSH\;C:\Program Files (x86)\NVIDIA Corporation\PhysX\Common;C:\Program Files\NVIDIA Corporation\NVIDIA app\NvDLISR;C:\Program Files\dotnet\;C:\Program Files\Git\cmd;C:\Users\PeachZ_X\AppData\Local\Muse Hub\lib;;C:\Program Files\Git LFS;C:\Users\PeachZ_X\AppData\Local\Microsoft\WindowsApps;C:\Users\PeachZ_X\AppData\Local\Muse Hub\lib;C:\Users\PeachZ_X\AppData\Local\Programs\Microsoft VS Code\bin;C:\msys64\ucrt64\bin;C:\Users\PeachZ_X\AppData\Local\Python\bin;C:\Users\PeachZ_X\.dotnet\tools
USERNAME=PeachZ_X
OS=Windows_NT
PROCESSOR_IDENTIFIER=AMD64 Family 23 Model 24 Stepping 1, AuthenticAMD
TMP=C:\Users\PeachZ_X\AppData\Local\Temp
TEMP=C:\Users\PeachZ_X\AppData\Local\Temp




Periodic native trim disabled

---------------  S Y S T E M  ---------------

OS:
 Windows 10 , 64 bit Build 19041 (10.0.19041.5915)
OS uptime: 2 days 3:27 hours

CPU: total 8 (initial active 8) (8 cores per cpu, 2 threads per core) family 23 model 24 stepping 1 microcode 0x0, cx8, cmov, fxsr, ht, mmx, 3dnowpref, sse, sse2, sse3, ssse3, sse4a, sse4.1, sse4.2, popcnt, lzcnt, tsc, tscinvbit, avx, avx2, aes, clmul, bmi1, bmi2, adx, sha, fma, vzeroupper, clflush, clflushopt, rdtscp, f16c
Processor Information for the first 8 processors :
  Max Mhz: 2300, Current Mhz: 2300, Mhz Limit: 2300

Memory: 4k page, system-wide physical 6082M (201M free)
TotalPageFile size 24514M (AvailPageFile size 22M)
current process WorkingSet (physical memory assigned to process): 224M, peak: 444M
current process commit charge ("private bytes"): 996M, peak: 997M

vm_info: OpenJDK 64-Bit Server VM (21.0.9+10-LTS) for windows-amd64 JRE (21.0.9+10-LTS), built on 2025-10-21T00:00:00Z by "admin" with unknown MS VC++:1942

END.
