#
# There is insufficient memory for the Java Runtime Environment to continue.
# Native memory allocation (malloc) failed to allocate 1048576 bytes. Error detail: AllocateHeap
# Possible reasons:
#   The system is out of physical RAM or swap space
#   This process is running with CompressedOops enabled, and the Java Heap may be blocking the growth of the native heap
# Possible solutions:
#   Reduce memory load on the system
#   Increase physical memory or swap space
#   Check if swap backing store is full
#   Decrease Java heap size (-Xmx/-Xms)
#   Decrease number of Java threads
#   Decrease Java thread stack sizes (-Xss)
#   Set larger code cache with -XX:ReservedCodeCacheSize=
#   JVM is running with Unscaled Compressed Oops mode in which the Java heap is
#     placed in the first 4GB address space. The Java Heap base address is the
#     maximum limit for the native heap growth. Please use -XX:HeapBaseMinAddress
#     to set the Java Heap base and to place the Java Heap above 4GB virtual address.
# This output file may be truncated or incomplete.
#
#  Out of Memory Error (allocation.cpp:44), pid=28408, tid=8812
#
# JRE version: OpenJDK Runtime Environment Temurin-21.0.9+10 (21.0.9+10) (build 21.0.9+10-LTS)
# Java VM: OpenJDK 64-Bit Server VM Temurin-21.0.9+10 (21.0.9+10-LTS, mixed mode, sharing, tiered, compressed oops, compressed class ptrs, parallel gc, windows-amd64)
# No core dump will be written. Minidumps are not enabled by default on client versions of Windows
#

---------------  S U M M A R Y ------------

Command Line: --add-modules=ALL-SYSTEM --add-opens=java.base/java.util=ALL-UNNAMED --add-opens=java.base/java.lang=ALL-UNNAMED --add-opens=java.base/sun.nio.fs=ALL-UNNAMED -Declipse.application=org.eclipse.jdt.ls.core.id1 -Dosgi.bundles.defaultStartLevel=4 -Declipse.product=org.eclipse.jdt.ls.core.product -Djava.import.generatesMetadataFilesAtProjectRoot=false -DDetectVMInstallationsJob.disabled=true -Dfile.encoding=utf8 -XX:+UseParallelGC -XX:GCTimeRatio=4 -XX:AdaptiveSizePolicyWeight=90 -Dsun.zip.disableMemoryMapping=true -Xmx2G -Xms100m -Xlog:disable -javaagent:c:\Users\PeachZ_X\.vscode\extensions\redhat.java-1.52.0-win32-x64\lombok\lombok-1.18.39-4050.jar -XX:+HeapDumpOnOutOfMemoryError -XX:HeapDumpPath=c:\Users\PeachZ_X\AppData\Roaming\Code\User\workspaceStorage\9b3b2925893dbd842968ab009774ca27\redhat.java -Daether.dependencyCollector.impl=bf c:\Users\PeachZ_X\.vscode\extensions\redhat.java-1.52.0-win32-x64\server\plugins\org.eclipse.equinox.launcher_1.7.100.v20251111-0406.jar -configuration c:\Users\PeachZ_X\AppData\Roaming\Code\User\globalStorage\redhat.java\1.52.0\config_win -data c:\Users\PeachZ_X\AppData\Roaming\Code\User\workspaceStorage\9b3b2925893dbd842968ab009774ca27\redhat.java\jdt_ws --pipe=\\.\pipe\lsp-73f2dd22262afea375b52cbde35227a7-sock

Host: AMD Ryzen 7 3750H with Radeon Vega Mobile Gfx  , 8 cores, 5G,  Windows 10 , 64 bit Build 19041 (10.0.19041.5915)
Time: Mon Feb 16 14:28:33 2026 SE Asia Standard Time elapsed time: 3242.411556 seconds (0d 0h 54m 2s)

---------------  T H R E A D  ---------------

Current thread (0x00000299f0aef7d0):  JavaThread "Attach Listener" daemon [_thread_in_vm, id=8812, stack(0x000000d4a6a00000,0x000000d4a6b00000) (1024K)]

Stack: [0x000000d4a6a00000,0x000000d4a6b00000]
Native frames: (J=compiled Java code, j=interpreted, Vv=VM code, C=native code)
V  [jvm.dll+0x6d6e29]
V  [jvm.dll+0x8b4b76]
V  [jvm.dll+0x8b712e]
V  [jvm.dll+0x8b7813]
V  [jvm.dll+0x283d86]
V  [jvm.dll+0xc1277]
V  [jvm.dll+0x6d76d9]
V  [jvm.dll+0x133466]
V  [jvm.dll+0x3f7ea6]
V  [jvm.dll+0x85e9ad]
V  [jvm.dll+0x6d565d]
C  [ucrtbase.dll+0x21bb2]
C  [KERNEL32.DLL+0x17374]
C  [ntdll.dll+0x4cc91]


---------------  P R O C E S S  ---------------

Threads class SMR info:
_java_thread_list=0x00000299d05cc340, length=69, elements={
0x00000299f0b7fc80, 0x00000299f0aeaa20, 0x00000299f0aec320, 0x00000299f0aee640,
0x00000299f0aef7d0, 0x00000299f0af2ea0, 0x00000299f0afa5b0, 0x00000299f0afbb80,
0x00000299f0b03e90, 0x00000299fe19de80, 0x00000299fe19d7f0, 0x00000299fe19e510,
0x00000299fe19eba0, 0x00000299feab27c0, 0x00000299feaae620, 0x00000299feaabec0,
0x00000299feaac550, 0x00000299feab1aa0, 0x00000299feab0060, 0x00000299feab2e50,
0x00000299feab0d80, 0x00000299feaad270, 0x00000299feaad900, 0x00000299feaaecb0,
0x00000299feaadf90, 0x00000299feab06f0, 0x00000299d040de60, 0x00000299d040f210,
0x00000299d040ff30, 0x00000299d04133b0, 0x00000299d040f8a0, 0x00000299d0412690,
0x00000299d2d47a60, 0x00000299d2d4cfb0, 0x00000299d2d4c920, 0x00000299d2d4c290,
0x00000299d0d04840, 0x00000299d0d09d90, 0x00000299d0d05bf0, 0x00000299d04140d0,
0x00000299ff957ea0, 0x00000299ff955dd0, 0x00000299ff954390, 0x00000299ff9515a0,
0x00000299ff957180, 0x00000299ff957810, 0x00000299ff951c30, 0x00000299ff958530,
0x00000299ff958bc0, 0x00000299ff9522c0, 0x00000299ff952950, 0x00000299ff953670,
0x00000299ff953d00, 0x00000299ff954a20, 0x00000299feaab830, 0x00000299feaaf340,
0x00000299feab1410, 0x00000299feaaf9d0, 0x00000299feab2130, 0x00000299d2d4b570,
0x00000299d2d4bc00, 0x00000299d2d4d640, 0x00000299d04105c0, 0x00000299d0410c50,
0x00000299d0411970, 0x00000299d0d06910, 0x00000299d0d06fa0, 0x00000299d0d0a420,
0x00000299d0f39850
}

Java Threads: ( => current thread )
  0x00000299f0b7fc80 JavaThread "main"                              [_thread_blocked, id=12048, stack(0x000000d4a6300000,0x000000d4a6400000) (1024K)]
  0x00000299f0aeaa20 JavaThread "Reference Handler"          daemon [_thread_blocked, id=28112, stack(0x000000d4a6700000,0x000000d4a6800000) (1024K)]
  0x00000299f0aec320 JavaThread "Finalizer"                  daemon [_thread_blocked, id=13156, stack(0x000000d4a6800000,0x000000d4a6900000) (1024K)]
  0x00000299f0aee640 JavaThread "Signal Dispatcher"          daemon [_thread_blocked, id=2644, stack(0x000000d4a6900000,0x000000d4a6a00000) (1024K)]
=>0x00000299f0aef7d0 JavaThread "Attach Listener"            daemon [_thread_in_vm, id=8812, stack(0x000000d4a6a00000,0x000000d4a6b00000) (1024K)]
  0x00000299f0af2ea0 JavaThread "Service Thread"             daemon [_thread_blocked, id=10168, stack(0x000000d4a6b00000,0x000000d4a6c00000) (1024K)]
  0x00000299f0afa5b0 JavaThread "Monitor Deflation Thread"   daemon [_thread_blocked, id=17716, stack(0x000000d4a6c00000,0x000000d4a6d00000) (1024K)]
  0x00000299f0afbb80 JavaThread "C2 CompilerThread0"         daemon [_thread_blocked, id=9368, stack(0x000000d4a6d00000,0x000000d4a6e00000) (1024K)]
  0x00000299f0b03e90 JavaThread "C1 CompilerThread0"         daemon [_thread_blocked, id=12656, stack(0x000000d4a6e00000,0x000000d4a6f00000) (1024K)]
  0x00000299fe19de80 JavaThread "Common-Cleaner"             daemon [_thread_blocked, id=23720, stack(0x000000d4a6f00000,0x000000d4a7000000) (1024K)]
  0x00000299fe19d7f0 JavaThread "Notification Thread"        daemon [_thread_blocked, id=3936, stack(0x000000d4a7000000,0x000000d4a7100000) (1024K)]
  0x00000299fe19e510 JavaThread "Active Thread: Equinox Container: e3c6039e-1c9e-4de5-abc4-cb73d0db211d"        [_thread_blocked, id=10696, stack(0x000000d4a7800000,0x000000d4a7900000) (1024K)]
  0x00000299fe19eba0 JavaThread "Refresh Thread: Equinox Container: e3c6039e-1c9e-4de5-abc4-cb73d0db211d" daemon [_thread_blocked, id=13576, stack(0x000000d4a7a00000,0x000000d4a7b00000) (1024K)]
  0x00000299feab27c0 JavaThread "Framework Event Dispatcher: Equinox Container: e3c6039e-1c9e-4de5-abc4-cb73d0db211d" daemon [_thread_blocked, id=20916, stack(0x000000d4a7b00000,0x000000d4a7c00000) (1024K)]
  0x00000299feaae620 JavaThread "Start Level: Equinox Container: e3c6039e-1c9e-4de5-abc4-cb73d0db211d" daemon [_thread_blocked, id=16152, stack(0x000000d4a7c00000,0x000000d4a7d00000) (1024K)]
  0x00000299feaabec0 JavaThread "Bundle File Closer"         daemon [_thread_blocked, id=6428, stack(0x000000d4a7d00000,0x000000d4a7e00000) (1024K)]
  0x00000299feaac550 JavaThread "SCR Component Actor"        daemon [_thread_blocked, id=18312, stack(0x000000d4a7700000,0x000000d4a7800000) (1024K)]
  0x00000299feab1aa0 JavaThread "Worker-JM"                         [_thread_blocked, id=26776, stack(0x000000d4a7e00000,0x000000d4a7f00000) (1024K)]
  0x00000299feab0060 JavaThread "Java indexing"              daemon [_thread_blocked, id=9488, stack(0x000000d4a8400000,0x000000d4a8500000) (1024K)]
  0x00000299feab2e50 JavaThread "JNA Cleaner"                daemon [_thread_blocked, id=21528, stack(0x000000d4a8500000,0x000000d4a8600000) (1024K)]
  0x00000299feab0d80 JavaThread "Thread-1"                   daemon [_thread_in_native, id=27980, stack(0x000000d4a8800000,0x000000d4a8900000) (1024K)]
  0x00000299feaad270 JavaThread "Thread-2"                   daemon [_thread_in_native, id=9300, stack(0x000000d4a8900000,0x000000d4a8a00000) (1024K)]
  0x00000299feaad900 JavaThread "Thread-3"                   daemon [_thread_in_native, id=22212, stack(0x000000d4a8a00000,0x000000d4a8b00000) (1024K)]
  0x00000299feaaecb0 JavaThread "Thread-4"                   daemon [_thread_in_native, id=5900, stack(0x000000d4a8b00000,0x000000d4a8c00000) (1024K)]
  0x00000299feaadf90 JavaThread "Thread-5"                   daemon [_thread_in_native, id=26272, stack(0x000000d4a8c00000,0x000000d4a8d00000) (1024K)]
  0x00000299feab06f0 JavaThread "Thread-6"                   daemon [_thread_in_native, id=28476, stack(0x000000d4a8d00000,0x000000d4a8e00000) (1024K)]
  0x00000299d040de60 JavaThread "Thread-7"                   daemon [_thread_in_native, id=18864, stack(0x000000d4a8e00000,0x000000d4a8f00000) (1024K)]
  0x00000299d040f210 JavaThread "Thread-8"                   daemon [_thread_in_native, id=20148, stack(0x000000d4a8f00000,0x000000d4a9000000) (1024K)]
  0x00000299d040ff30 JavaThread "Thread-9"                   daemon [_thread_in_native, id=9224, stack(0x000000d4a9000000,0x000000d4a9100000) (1024K)]
  0x00000299d04133b0 JavaThread "pool-2-thread-1"                   [_thread_blocked, id=21420, stack(0x000000d4a9100000,0x000000d4a9200000) (1024K)]
  0x00000299d040f8a0 JavaThread "WorkspaceEventsHandler"            [_thread_blocked, id=27236, stack(0x000000d4a9300000,0x000000d4a9400000) (1024K)]
  0x00000299d0412690 JavaThread "pool-1-thread-1"                   [_thread_blocked, id=28244, stack(0x000000d4a9400000,0x000000d4a9500000) (1024K)]
  0x00000299d2d47a60 JavaThread "Cleaner-0"                  daemon [_thread_blocked, id=25864, stack(0x000000d4aaa00000,0x000000d4aab00000) (1024K)]
  0x00000299d2d4cfb0 JavaThread "Java Debug Server"          daemon [_thread_in_native, id=23428, stack(0x000000d4aab00000,0x000000d4aac00000) (1024K)]
  0x00000299d2d4c920 JavaThread "RxSchedulerPurge-1"         daemon [_thread_blocked, id=27968, stack(0x000000d4aad00000,0x000000d4aae00000) (1024K)]
  0x00000299d2d4c290 JavaThread "RxCachedWorkerPoolEvictor-1" daemon [_thread_blocked, id=24356, stack(0x000000d4aae00000,0x000000d4aaf00000) (1024K)]
  0x00000299d0d04840 JavaThread "ForkJoinPool.commonPool-worker-13" daemon [_thread_blocked, id=10960, stack(0x000000d4a8100000,0x000000d4a8200000) (1024K)]
  0x00000299d0d09d90 JavaThread "ForkJoinPool.commonPool-worker-15" daemon [_thread_blocked, id=6088, stack(0x000000d4a8300000,0x000000d4a8400000) (1024K)]
  0x00000299d0d05bf0 JavaThread "ForkJoinPool.commonPool-worker-16" daemon [_thread_blocked, id=23168, stack(0x000000d4a6100000,0x000000d4a6200000) (1024K)]
  0x00000299d04140d0 JavaThread "ForkJoinPool.commonPool-worker-17" daemon [_thread_blocked, id=3436, stack(0x000000d4a9800000,0x000000d4a9900000) (1024K)]
  0x00000299ff957ea0 JavaThread "Worker-13"                         [_thread_blocked, id=19604, stack(0x000000d4a8600000,0x000000d4a8700000) (1024K)]
  0x00000299ff955dd0 JavaThread "Worker-15"                         [_thread_blocked, id=14676, stack(0x000000d4a9500000,0x000000d4a9600000) (1024K)]
  0x00000299ff954390 JavaThread "ForkJoinPool.commonPool-worker-19" daemon [_thread_blocked, id=21912, stack(0x000000d4a6000000,0x000000d4a6100000) (1024K)]
  0x00000299ff9515a0 JavaThread "ForkJoinPool.commonPool-worker-20" daemon [_thread_blocked, id=27524, stack(0x000000d4a6200000,0x000000d4a6300000) (1024K)]
  0x00000299ff957180 JavaThread "ForkJoinPool.commonPool-worker-21" daemon [_thread_blocked, id=26844, stack(0x000000d4a7f00000,0x000000d4a8000000) (1024K)]
  0x00000299ff957810 JavaThread "Compiler Source File Reader" daemon [_thread_blocked, id=21168, stack(0x000000d4a8000000,0x000000d4a8100000) (1024K)]
  0x00000299ff951c30 JavaThread "Worker-17"                         [_thread_blocked, id=22680, stack(0x000000d4a8200000,0x000000d4a8300000) (1024K)]
  0x00000299ff958530 JavaThread "Compiler Processing Task"   daemon [_thread_blocked, id=8796, stack(0x000000d4a8700000,0x000000d4a8800000) (1024K)]
  0x00000299ff958bc0 JavaThread "Compiler Source File Reader" daemon [_thread_blocked, id=25836, stack(0x000000d4a9200000,0x000000d4a9300000) (1024K)]
  0x00000299ff9522c0 JavaThread "Compiler Source File Reader" daemon [_thread_blocked, id=13100, stack(0x000000d4a9600000,0x000000d4a9700000) (1024K)]
  0x00000299ff952950 JavaThread "Compiler Source File Reader" daemon [_thread_blocked, id=27612, stack(0x000000d4a9700000,0x000000d4a9800000) (1024K)]
  0x00000299ff953670 JavaThread "Compiler Source File Reader" daemon [_thread_blocked, id=14000, stack(0x000000d4a9900000,0x000000d4a9a00000) (1024K)]
  0x00000299ff953d00 JavaThread "LocalFile Deleter"          daemon [_thread_blocked, id=12832, stack(0x000000d4a9a00000,0x000000d4a9b00000) (1024K)]
  0x00000299ff954a20 JavaThread "LocalFile Deleter"          daemon [_thread_blocked, id=25928, stack(0x000000d4a9b00000,0x000000d4a9c00000) (1024K)]
  0x00000299feaab830 JavaThread "LocalFile Deleter"          daemon [_thread_blocked, id=16208, stack(0x000000d4a9c00000,0x000000d4a9d00000) (1024K)]
  0x00000299feaaf340 JavaThread "LocalFile Deleter"          daemon [_thread_blocked, id=26760, stack(0x000000d4a9d00000,0x000000d4a9e00000) (1024K)]
  0x00000299feab1410 JavaThread "LocalFile Deleter"          daemon [_thread_blocked, id=24500, stack(0x000000d4a9e00000,0x000000d4a9f00000) (1024K)]
  0x00000299feaaf9d0 JavaThread "LocalFile Deleter"          daemon [_thread_blocked, id=19400, stack(0x000000d4a9f00000,0x000000d4aa000000) (1024K)]
  0x00000299feab2130 JavaThread "LocalFile Deleter"          daemon [_thread_blocked, id=6120, stack(0x000000d4aa000000,0x000000d4aa100000) (1024K)]
  0x00000299d2d4b570 JavaThread "LocalFile Deleter"          daemon [_thread_blocked, id=20316, stack(0x000000d4aa100000,0x000000d4aa200000) (1024K)]
  0x00000299d2d4bc00 JavaThread "Compiler Source File Reader" daemon [_thread_blocked, id=10220, stack(0x000000d4aa200000,0x000000d4aa300000) (1024K)]
  0x00000299d2d4d640 JavaThread "Compiler Class File Writer" daemon [_thread_blocked, id=19624, stack(0x000000d4aa300000,0x000000d4aa400000) (1024K)]
  0x00000299d04105c0 JavaThread "Compiler Class File Writer" daemon [_thread_blocked, id=9320, stack(0x000000d4aa400000,0x000000d4aa500000) (1024K)]
  0x00000299d0410c50 JavaThread "Compiler Class File Writer" daemon [_thread_blocked, id=17492, stack(0x000000d4aa500000,0x000000d4aa600000) (1024K)]
  0x00000299d0411970 JavaThread "Compiler Class File Writer" daemon [_thread_blocked, id=25556, stack(0x000000d4aa600000,0x000000d4aa700000) (1024K)]
  0x00000299d0d06910 JavaThread "Compiler Class File Writer" daemon [_thread_blocked, id=26336, stack(0x000000d4aa700000,0x000000d4aa800000) (1024K)]
  0x00000299d0d06fa0 JavaThread "Compiler Class File Writer" daemon [_thread_blocked, id=924, stack(0x000000d4aa800000,0x000000d4aa900000) (1024K)]
  0x00000299d0d0a420 JavaThread "Worker-18"                         [_thread_blocked, id=15444, stack(0x000000d4aa900000,0x000000d4aaa00000) (1024K)]
  0x00000299d0f39850 JavaThread "Worker-19"                         [_thread_blocked, id=10292, stack(0x000000d4aac00000,0x000000d4aad00000) (1024K)]
Total: 69

Other Threads:
  0x00000299f0c3de90 VMThread "VM Thread"                           [id=17112, stack(0x000000d4a6600000,0x000000d4a6700000) (1024K)]
  0x00000299f0beb2f0 WatcherThread "VM Periodic Task Thread"        [id=26160, stack(0x000000d4a6500000,0x000000d4a6600000) (1024K)]
  0x00000299f0b9d9c0 WorkerThread "GC Thread#0"                     [id=21532, stack(0x000000d4a6400000,0x000000d4a6500000) (1024K)]
  0x00000299fe408590 WorkerThread "GC Thread#1"                     [id=23660, stack(0x000000d4a7100000,0x000000d4a7200000) (1024K)]
  0x00000299fe408930 WorkerThread "GC Thread#2"                     [id=26940, stack(0x000000d4a7200000,0x000000d4a7300000) (1024K)]
  0x00000299fe408cd0 WorkerThread "GC Thread#3"                     [id=23588, stack(0x000000d4a7300000,0x000000d4a7400000) (1024K)]
  0x00000299fe409070 WorkerThread "GC Thread#4"                     [id=10488, stack(0x000000d4a7400000,0x000000d4a7500000) (1024K)]
  0x00000299fe641aa0 WorkerThread "GC Thread#5"                     [id=22880, stack(0x000000d4a7500000,0x000000d4a7600000) (1024K)]
  0x00000299fe641e40 WorkerThread "GC Thread#6"                     [id=13236, stack(0x000000d4a7600000,0x000000d4a7700000) (1024K)]
  0x00000299fe837c00 WorkerThread "GC Thread#7"                     [id=18024, stack(0x000000d4a7900000,0x000000d4a7a00000) (1024K)]
Total: 10

Threads with active compile tasks:
Total: 0

VM state: not at safepoint (normal execution)

VM Mutex/Monitor currently owned by a thread: None

Heap address: 0x0000000080000000, size: 2048 MB, Compressed Oops mode: 32-bit

CDS archive(s) mapped at: [0x000002998f000000-0x000002998fba0000-0x000002998fba0000), size 12189696, SharedBaseAddress: 0x000002998f000000, ArchiveRelocationMode: 1.
Compressed class space mapped at: 0x0000029990000000-0x00000299d0000000, reserved size: 1073741824
Narrow klass base: 0x000002998f000000, Narrow klass shift: 0, Narrow klass range: 0x100000000

GC Precious Log:
 CardTable entry size: 512
 CPUs: 8 total, 8 available
 Memory: 6082M
 Large Page Support: Disabled
 NUMA Support: Disabled
 Compressed Oops: Enabled (32-bit)
 Alignments: Space 512K, Generation 512K, Heap 2M
 Heap Min Capacity: 100M
 Heap Initial Capacity: 100M
 Heap Max Capacity: 2G
 Pre-touch: Disabled
 Parallel Workers: 8

Heap:
 PSYoungGen      total 3584K, used 2923K [0x00000000d5580000, 0x00000000d5a00000, 0x0000000100000000)
  eden space 2560K, 89% used [0x00000000d5580000,0x00000000d57bacb0,0x00000000d5800000)
  from space 1024K, 62% used [0x00000000d5900000,0x00000000d59a0000,0x00000000d5a00000)
  to   space 1024K, 0% used [0x00000000d5800000,0x00000000d5800000,0x00000000d5900000)
 ParOldGen       total 944128K, used 944023K [0x0000000080000000, 0x00000000b9a00000, 0x00000000d5580000)
  object space 944128K, 99% used [0x0000000080000000,0x00000000b99e5ee0,0x00000000b9a00000)
 Metaspace       used 89156K, committed 90944K, reserved 1179648K
  class space    used 9326K, committed 10112K, reserved 1048576K

Card table byte_map: [0x00000299f0530000,0x00000299f0940000] _byte_map_base: 0x00000299f0130000

Marking Bits: (ParMarkBitMap*) 0x00007fff17482460
 Begin Bits: [0x00000299f4040000, 0x00000299f6040000)
 End Bits:   [0x00000299f6040000, 0x00000299f8040000)

Polling page: 0x00000299ee8f0000

Metaspace:

Usage:
  Non-class:     77.96 MB used.
      Class:      9.11 MB used.
       Both:     87.07 MB used.

Virtual space:
  Non-class space:      128.00 MB reserved,      78.94 MB ( 62%) committed,  2 nodes.
      Class space:        1.00 GB reserved,       9.88 MB ( <1%) committed,  1 nodes.
             Both:        1.12 GB reserved,      88.81 MB (  8%) committed. 

Chunk freelists:
   Non-Class:  442.00 KB
       Class:  6.13 MB
        Both:  6.56 MB

MaxMetaspaceSize: unlimited
CompressedClassSpaceSize: 1.00 GB
Initial GC threshold: 21.00 MB
Current GC threshold: 131.81 MB
CDS: on
 - commit_granule_bytes: 65536.
 - commit_granule_words: 8192.
 - virtual_space_node_default_size: 8388608.
 - enlarge_chunks_in_place: 1.
 - use_allocation_guard: 0.


Internal statistics:

num_allocs_failed_limit: 9.
num_arena_births: 1554.
num_arena_deaths: 14.
num_vsnodes_births: 3.
num_vsnodes_deaths: 0.
num_space_committed: 1421.
num_space_uncommitted: 0.
num_chunks_returned_to_freelist: 23.
num_chunks_taken_from_freelist: 5903.
num_chunk_merges: 12.
num_chunk_splits: 3527.
num_chunks_enlarged: 1898.
num_inconsistent_stats: 0.

CodeHeap 'non-profiled nmethods': size=120000Kb used=21399Kb max_used=21399Kb free=98600Kb
 bounds [0x0000029987ad0000, 0x0000029988fc0000, 0x000002998f000000]
CodeHeap 'profiled nmethods': size=120000Kb used=49836Kb max_used=49836Kb free=70163Kb
 bounds [0x0000029980000000, 0x00000299830b0000, 0x0000029987530000]
CodeHeap 'non-nmethods': size=5760Kb used=1532Kb max_used=1599Kb free=4227Kb
 bounds [0x0000029987530000, 0x00000299877a0000, 0x0000029987ad0000]
CodeCache: size=245760Kb, used=72767Kb, max_used=72834Kb, free=172990Kb
 total_blobs=20098, nmethods=19240, adapters=758, full_count=0
Compilation: enabled, stopped_count=0, restarted_count=0

Compilation events (20 events):
Event: 3235.326 Thread 0x00000299f0b03e90 nmethod 20766 0x00000299830a5010 code [0x00000299830a51e0, 0x00000299830a5548]
Event: 3235.326 Thread 0x00000299f0b03e90 20767       3       org.eclipse.jdt.internal.corext.fix.VariableDeclarationFixCore$VariableDeclarationFinder$1$1::<init> (15 bytes)
Event: 3235.326 Thread 0x00000299f0b03e90 nmethod 20767 0x00000299830a5710 code [0x00000299830a58c0, 0x00000299830a5b18]
Event: 3235.326 Thread 0x00000299f0b03e90 20768       3       org.eclipse.jdt.internal.corext.fix.VariableDeclarationFixCore::createAddFinalOperation (145 bytes)
Event: 3235.351 Thread 0x00000299f0b03e90 nmethod 20768 0x00000299830a5c90 code [0x00000299830a5fe0, 0x00000299830a7a90]
Event: 3235.355 Thread 0x00000299f0afbb80 nmethod 20762 0x0000029988fafc10 code [0x0000029988fafe40, 0x0000029988fb03a0]
Event: 3235.355 Thread 0x00000299f0b03e90 20769       3       org.eclipse.jdt.internal.compiler.parser.Parser::getAnnotationType (116 bytes)
Event: 3235.355 Thread 0x00000299f0b03e90 nmethod 20769 0x00000299830a8210 code [0x00000299830a8420, 0x00000299830a8a70]
Event: 3238.195 Thread 0x00000299f0b03e90 20770       3       org.eclipse.lsp4j.jsonrpc.RemoteEndpoint::isCancellation (21 bytes)
Event: 3238.227 Thread 0x00000299f0b03e90 nmethod 20770 0x00000299830a8d10 code [0x00000299830a8f20, 0x00000299830a96e8]
Event: 3238.331 Thread 0x00000299f0afbb80 20771 %     4       java.util.TimSort::mergeHi @ 191 (732 bytes)
Event: 3238.449 Thread 0x00000299f0afbb80 nmethod 20771% 0x0000029988fb0890 code [0x0000029988fb0b40, 0x0000029988fb2a30]
Event: 3238.572 Thread 0x00000299f0afbb80 20772       4       org.eclipse.jdt.internal.core.PackageFragment::getCompilationUnit (31 bytes)
Event: 3238.614 Thread 0x00000299f0afbb80 nmethod 20772 0x0000029988fb3990 code [0x0000029988fb3b80, 0x0000029988fb41b0]
Event: 3238.674 Thread 0x00000299f0afbb80 20773   !   4       java.io.BufferedWriter::write (82 bytes)
Event: 3238.679 Thread 0x00000299f0b03e90 20774   !   3       sun.nio.cs.StreamEncoder::implClose (194 bytes)
Event: 3238.690 Thread 0x00000299f0b03e90 nmethod 20774 0x00000299830a9890 code [0x00000299830a9b80, 0x00000299830aa950]
Event: 3238.691 Thread 0x00000299f0b03e90 20775       1       org.eclipse.lsp4j.PublishDiagnosticsCapabilities::getTagSupport (5 bytes)
Event: 3238.692 Thread 0x00000299f0b03e90 nmethod 20775 0x0000029988fb4790 code [0x0000029988fb4920, 0x0000029988fb49e8]
Event: 3238.708 Thread 0x00000299f0afbb80 nmethod 20773 0x0000029988fb4a90 code [0x0000029988fb4cc0, 0x0000029988fb5608]

GC Heap History (20 events):
Event: 3235.351 GC heap before
{Heap before GC invocations=1639 (full 4):
 PSYoungGen      total 4096K, used 3680K [0x00000000d5580000, 0x00000000d5a80000, 0x0000000100000000)
  eden space 3072K, 100% used [0x00000000d5580000,0x00000000d5880000,0x00000000d5880000)
  from space 1024K, 59% used [0x00000000d5980000,0x00000000d5a18000,0x00000000d5a80000)
  to   space 1024K, 0% used [0x00000000d5880000,0x00000000d5880000,0x00000000d5980000)
 ParOldGen       total 937984K, used 937836K [0x0000000080000000, 0x00000000b9400000, 0x00000000d5580000)
  object space 937984K, 99% used [0x0000000080000000,0x00000000b93db3c8,0x00000000b9400000)
 Metaspace       used 89149K, committed 90880K, reserved 1179648K
  class space    used 9325K, committed 10112K, reserved 1048576K
}
Event: 3235.354 GC heap after
{Heap after GC invocations=1639 (full 4):
 PSYoungGen      total 4096K, used 560K [0x00000000d5580000, 0x00000000d5a80000, 0x0000000100000000)
  eden space 3072K, 0% used [0x00000000d5580000,0x00000000d5580000,0x00000000d5880000)
  from space 1024K, 54% used [0x00000000d5880000,0x00000000d590c010,0x00000000d5980000)
  to   space 1024K, 0% used [0x00000000d5980000,0x00000000d5980000,0x00000000d5a80000)
 ParOldGen       total 938496K, used 938324K [0x0000000080000000, 0x00000000b9480000, 0x00000000d5580000)
  object space 938496K, 99% used [0x0000000080000000,0x00000000b94553c8,0x00000000b9480000)
 Metaspace       used 89149K, committed 90880K, reserved 1179648K
  class space    used 9325K, committed 10112K, reserved 1048576K
}
Event: 3235.370 GC heap before
{Heap before GC invocations=1640 (full 4):
 PSYoungGen      total 4096K, used 3632K [0x00000000d5580000, 0x00000000d5a80000, 0x0000000100000000)
  eden space 3072K, 100% used [0x00000000d5580000,0x00000000d5880000,0x00000000d5880000)
  from space 1024K, 54% used [0x00000000d5880000,0x00000000d590c010,0x00000000d5980000)
  to   space 1024K, 0% used [0x00000000d5980000,0x00000000d5980000,0x00000000d5a80000)
 ParOldGen       total 938496K, used 938324K [0x0000000080000000, 0x00000000b9480000, 0x00000000d5580000)
  object space 938496K, 99% used [0x0000000080000000,0x00000000b94553c8,0x00000000b9480000)
 Metaspace       used 89149K, committed 90880K, reserved 1179648K
  class space    used 9325K, committed 10112K, reserved 1048576K
}
Event: 3235.374 GC heap after
{Heap after GC invocations=1640 (full 4):
 PSYoungGen      total 3072K, used 1024K [0x00000000d5580000, 0x00000000d5c80000, 0x0000000100000000)
  eden space 2048K, 0% used [0x00000000d5580000,0x00000000d5580000,0x00000000d5780000)
  from space 1024K, 100% used [0x00000000d5980000,0x00000000d5a80000,0x00000000d5a80000)
  to   space 2048K, 0% used [0x00000000d5780000,0x00000000d5780000,0x00000000d5980000)
 ParOldGen       total 939008K, used 938852K [0x0000000080000000, 0x00000000b9500000, 0x00000000d5580000)
  object space 939008K, 99% used [0x0000000080000000,0x00000000b94d9190,0x00000000b9500000)
 Metaspace       used 89149K, committed 90880K, reserved 1179648K
  class space    used 9325K, committed 10112K, reserved 1048576K
}
Event: 3238.305 GC heap before
{Heap before GC invocations=1641 (full 4):
 PSYoungGen      total 3072K, used 3072K [0x00000000d5580000, 0x00000000d5c80000, 0x0000000100000000)
  eden space 2048K, 100% used [0x00000000d5580000,0x00000000d5780000,0x00000000d5780000)
  from space 1024K, 100% used [0x00000000d5980000,0x00000000d5a80000,0x00000000d5a80000)
  to   space 2048K, 0% used [0x00000000d5780000,0x00000000d5780000,0x00000000d5980000)
 ParOldGen       total 939008K, used 938852K [0x0000000080000000, 0x00000000b9500000, 0x00000000d5580000)
  object space 939008K, 99% used [0x0000000080000000,0x00000000b94d9190,0x00000000b9500000)
 Metaspace       used 89149K, committed 90880K, reserved 1179648K
  class space    used 9325K, committed 10112K, reserved 1048576K
}
Event: 3238.314 GC heap after
{Heap after GC invocations=1641 (full 4):
 PSYoungGen      total 3072K, used 560K [0x00000000d5580000, 0x00000000d5a00000, 0x0000000100000000)
  eden space 2048K, 0% used [0x00000000d5580000,0x00000000d5580000,0x00000000d5780000)
  from space 1024K, 54% used [0x00000000d5780000,0x00000000d580c010,0x00000000d5880000)
  to   space 1024K, 0% used [0x00000000d5900000,0x00000000d5900000,0x00000000d5a00000)
 ParOldGen       total 940032K, used 939909K [0x0000000080000000, 0x00000000b9600000, 0x00000000d5580000)
  object space 940032K, 99% used [0x0000000080000000,0x00000000b95e1430,0x00000000b9600000)
 Metaspace       used 89149K, committed 90880K, reserved 1179648K
  class space    used 9325K, committed 10112K, reserved 1048576K
}
Event: 3238.385 GC heap before
{Heap before GC invocations=1642 (full 4):
 PSYoungGen      total 3072K, used 2608K [0x00000000d5580000, 0x00000000d5a00000, 0x0000000100000000)
  eden space 2048K, 100% used [0x00000000d5580000,0x00000000d5780000,0x00000000d5780000)
  from space 1024K, 54% used [0x00000000d5780000,0x00000000d580c010,0x00000000d5880000)
  to   space 1024K, 0% used [0x00000000d5900000,0x00000000d5900000,0x00000000d5a00000)
 ParOldGen       total 940032K, used 939909K [0x0000000080000000, 0x00000000b9600000, 0x00000000d5580000)
  object space 940032K, 99% used [0x0000000080000000,0x00000000b95e1430,0x00000000b9600000)
 Metaspace       used 89149K, committed 90880K, reserved 1179648K
  class space    used 9325K, committed 10112K, reserved 1048576K
}
Event: 3238.401 GC heap after
{Heap after GC invocations=1642 (full 4):
 PSYoungGen      total 3072K, used 800K [0x00000000d5580000, 0x00000000d5a00000, 0x0000000100000000)
  eden space 2048K, 0% used [0x00000000d5580000,0x00000000d5580000,0x00000000d5780000)
  from space 1024K, 78% used [0x00000000d5900000,0x00000000d59c8000,0x00000000d5a00000)
  to   space 1024K, 0% used [0x00000000d5780000,0x00000000d5780000,0x00000000d5880000)
 ParOldGen       total 940544K, used 940362K [0x0000000080000000, 0x00000000b9680000, 0x00000000d5580000)
  object space 940544K, 99% used [0x0000000080000000,0x00000000b96528e0,0x00000000b9680000)
 Metaspace       used 89149K, committed 90880K, reserved 1179648K
  class space    used 9325K, committed 10112K, reserved 1048576K
}
Event: 3238.582 GC heap before
{Heap before GC invocations=1643 (full 4):
 PSYoungGen      total 3072K, used 2848K [0x00000000d5580000, 0x00000000d5a00000, 0x0000000100000000)
  eden space 2048K, 100% used [0x00000000d5580000,0x00000000d5780000,0x00000000d5780000)
  from space 1024K, 78% used [0x00000000d5900000,0x00000000d59c8000,0x00000000d5a00000)
  to   space 1024K, 0% used [0x00000000d5780000,0x00000000d5780000,0x00000000d5880000)
 ParOldGen       total 940544K, used 940362K [0x0000000080000000, 0x00000000b9680000, 0x00000000d5580000)
  object space 940544K, 99% used [0x0000000080000000,0x00000000b96528e0,0x00000000b9680000)
 Metaspace       used 89155K, committed 90944K, reserved 1179648K
  class space    used 9326K, committed 10112K, reserved 1048576K
}
Event: 3238.587 GC heap after
{Heap after GC invocations=1643 (full 4):
 PSYoungGen      total 3072K, used 288K [0x00000000d5580000, 0x00000000d5980000, 0x0000000100000000)
  eden space 2048K, 0% used [0x00000000d5580000,0x00000000d5580000,0x00000000d5780000)
  from space 1024K, 28% used [0x00000000d5780000,0x00000000d57c8000,0x00000000d5880000)
  to   space 512K, 0% used [0x00000000d5900000,0x00000000d5900000,0x00000000d5980000)
 ParOldGen       total 941568K, used 941066K [0x0000000080000000, 0x00000000b9780000, 0x00000000d5580000)
  object space 941568K, 99% used [0x0000000080000000,0x00000000b97028e0,0x00000000b9780000)
 Metaspace       used 89155K, committed 90944K, reserved 1179648K
  class space    used 9326K, committed 10112K, reserved 1048576K
}
Event: 3238.597 GC heap before
{Heap before GC invocations=1644 (full 4):
 PSYoungGen      total 3072K, used 2336K [0x00000000d5580000, 0x00000000d5980000, 0x0000000100000000)
  eden space 2048K, 100% used [0x00000000d5580000,0x00000000d5780000,0x00000000d5780000)
  from space 1024K, 28% used [0x00000000d5780000,0x00000000d57c8000,0x00000000d5880000)
  to   space 512K, 0% used [0x00000000d5900000,0x00000000d5900000,0x00000000d5980000)
 ParOldGen       total 941568K, used 941066K [0x0000000080000000, 0x00000000b9780000, 0x00000000d5580000)
  object space 941568K, 99% used [0x0000000080000000,0x00000000b97028e0,0x00000000b9780000)
 Metaspace       used 89155K, committed 90944K, reserved 1179648K
  class space    used 9326K, committed 10112K, reserved 1048576K
}
Event: 3238.602 GC heap after
{Heap after GC invocations=1644 (full 4):
 PSYoungGen      total 2560K, used 496K [0x00000000d5580000, 0x00000000d5a80000, 0x0000000100000000)
  eden space 2048K, 0% used [0x00000000d5580000,0x00000000d5580000,0x00000000d5780000)
  from space 512K, 96% used [0x00000000d5900000,0x00000000d597c010,0x00000000d5980000)
  to   space 1536K, 0% used [0x00000000d5780000,0x00000000d5780000,0x00000000d5900000)
 ParOldGen       total 942080K, used 941581K [0x0000000080000000, 0x00000000b9800000, 0x00000000d5580000)
  object space 942080K, 99% used [0x0000000080000000,0x00000000b97835b0,0x00000000b9800000)
 Metaspace       used 89155K, committed 90944K, reserved 1179648K
  class space    used 9326K, committed 10112K, reserved 1048576K
}
Event: 3238.618 GC heap before
{Heap before GC invocations=1645 (full 4):
 PSYoungGen      total 2560K, used 2544K [0x00000000d5580000, 0x00000000d5a80000, 0x0000000100000000)
  eden space 2048K, 100% used [0x00000000d5580000,0x00000000d5780000,0x00000000d5780000)
  from space 512K, 96% used [0x00000000d5900000,0x00000000d597c010,0x00000000d5980000)
  to   space 1536K, 0% used [0x00000000d5780000,0x00000000d5780000,0x00000000d5900000)
 ParOldGen       total 942080K, used 941581K [0x0000000080000000, 0x00000000b9800000, 0x00000000d5580000)
  object space 942080K, 99% used [0x0000000080000000,0x00000000b97835b0,0x00000000b9800000)
 Metaspace       used 89155K, committed 90944K, reserved 1179648K
  class space    used 9326K, committed 10112K, reserved 1048576K
}
Event: 3238.622 GC heap after
{Heap after GC invocations=1645 (full 4):
 PSYoungGen      total 3072K, used 576K [0x00000000d5580000, 0x00000000d5980000, 0x0000000100000000)
  eden space 2048K, 0% used [0x00000000d5580000,0x00000000d5580000,0x00000000d5780000)
  from space 1024K, 56% used [0x00000000d5780000,0x00000000d5810020,0x00000000d5880000)
  to   space 1024K, 0% used [0x00000000d5880000,0x00000000d5880000,0x00000000d5980000)
 ParOldGen       total 942080K, used 942021K [0x0000000080000000, 0x00000000b9800000, 0x00000000d5580000)
  object space 942080K, 99% used [0x0000000080000000,0x00000000b97f15c0,0x00000000b9800000)
 Metaspace       used 89155K, committed 90944K, reserved 1179648K
  class space    used 9326K, committed 10112K, reserved 1048576K
}
Event: 3238.627 GC heap before
{Heap before GC invocations=1646 (full 4):
 PSYoungGen      total 3072K, used 2624K [0x00000000d5580000, 0x00000000d5980000, 0x0000000100000000)
  eden space 2048K, 100% used [0x00000000d5580000,0x00000000d5780000,0x00000000d5780000)
  from space 1024K, 56% used [0x00000000d5780000,0x00000000d5810020,0x00000000d5880000)
  to   space 1024K, 0% used [0x00000000d5880000,0x00000000d5880000,0x00000000d5980000)
 ParOldGen       total 942080K, used 942021K [0x0000000080000000, 0x00000000b9800000, 0x00000000d5580000)
  object space 942080K, 99% used [0x0000000080000000,0x00000000b97f15c0,0x00000000b9800000)
 Metaspace       used 89155K, committed 90944K, reserved 1179648K
  class space    used 9326K, committed 10112K, reserved 1048576K
}
Event: 3238.631 GC heap after
{Heap after GC invocations=1646 (full 4):
 PSYoungGen      total 3072K, used 896K [0x00000000d5580000, 0x00000000d5a00000, 0x0000000100000000)
  eden space 2048K, 0% used [0x00000000d5580000,0x00000000d5580000,0x00000000d5780000)
  from space 1024K, 87% used [0x00000000d5880000,0x00000000d5960000,0x00000000d5980000)
  to   space 1024K, 0% used [0x00000000d5780000,0x00000000d5780000,0x00000000d5880000)
 ParOldGen       total 942592K, used 942511K [0x0000000080000000, 0x00000000b9880000, 0x00000000d5580000)
  object space 942592K, 99% used [0x0000000080000000,0x00000000b986bee0,0x00000000b9880000)
 Metaspace       used 89155K, committed 90944K, reserved 1179648K
  class space    used 9326K, committed 10112K, reserved 1048576K
}
Event: 3238.638 GC heap before
{Heap before GC invocations=1647 (full 4):
 PSYoungGen      total 3072K, used 2944K [0x00000000d5580000, 0x00000000d5a00000, 0x0000000100000000)
  eden space 2048K, 100% used [0x00000000d5580000,0x00000000d5780000,0x00000000d5780000)
  from space 1024K, 87% used [0x00000000d5880000,0x00000000d5960000,0x00000000d5980000)
  to   space 1024K, 0% used [0x00000000d5780000,0x00000000d5780000,0x00000000d5880000)
 ParOldGen       total 942592K, used 942511K [0x0000000080000000, 0x00000000b9880000, 0x00000000d5580000)
  object space 942592K, 99% used [0x0000000080000000,0x00000000b986bee0,0x00000000b9880000)
 Metaspace       used 89155K, committed 90944K, reserved 1179648K
  class space    used 9326K, committed 10112K, reserved 1048576K
}
Event: 3238.644 GC heap after
{Heap after GC invocations=1647 (full 4):
 PSYoungGen      total 3072K, used 768K [0x00000000d5580000, 0x00000000d5a00000, 0x0000000100000000)
  eden space 2048K, 0% used [0x00000000d5580000,0x00000000d5580000,0x00000000d5780000)
  from space 1024K, 75% used [0x00000000d5780000,0x00000000d5840000,0x00000000d5880000)
  to   space 1024K, 0% used [0x00000000d5900000,0x00000000d5900000,0x00000000d5a00000)
 ParOldGen       total 943616K, used 943335K [0x0000000080000000, 0x00000000b9980000, 0x00000000d5580000)
  object space 943616K, 99% used [0x0000000080000000,0x00000000b9939ee0,0x00000000b9980000)
 Metaspace       used 89155K, committed 90944K, reserved 1179648K
  class space    used 9326K, committed 10112K, reserved 1048576K
}
Event: 3238.655 GC heap before
{Heap before GC invocations=1648 (full 4):
 PSYoungGen      total 3072K, used 2816K [0x00000000d5580000, 0x00000000d5a00000, 0x0000000100000000)
  eden space 2048K, 100% used [0x00000000d5580000,0x00000000d5780000,0x00000000d5780000)
  from space 1024K, 75% used [0x00000000d5780000,0x00000000d5840000,0x00000000d5880000)
  to   space 1024K, 0% used [0x00000000d5900000,0x00000000d5900000,0x00000000d5a00000)
 ParOldGen       total 943616K, used 943335K [0x0000000080000000, 0x00000000b9980000, 0x00000000d5580000)
  object space 943616K, 99% used [0x0000000080000000,0x00000000b9939ee0,0x00000000b9980000)
 Metaspace       used 89155K, committed 90944K, reserved 1179648K
  class space    used 9326K, committed 10112K, reserved 1048576K
}
Event: 3238.659 GC heap after
{Heap after GC invocations=1648 (full 4):
 PSYoungGen      total 3584K, used 640K [0x00000000d5580000, 0x00000000d5a00000, 0x0000000100000000)
  eden space 2560K, 0% used [0x00000000d5580000,0x00000000d5580000,0x00000000d5800000)
  from space 1024K, 62% used [0x00000000d5900000,0x00000000d59a0000,0x00000000d5a00000)
  to   space 1024K, 0% used [0x00000000d5800000,0x00000000d5800000,0x00000000d5900000)
 ParOldGen       total 944128K, used 944023K [0x0000000080000000, 0x00000000b9a00000, 0x00000000d5580000)
  object space 944128K, 99% used [0x0000000080000000,0x00000000b99e5ee0,0x00000000b9a00000)
 Metaspace       used 89155K, committed 90944K, reserved 1179648K
  class space    used 9326K, committed 10112K, reserved 1048576K
}

Dll operation events (14 events):
Event: 0.015 Loaded shared library c:\Users\PeachZ_X\.vscode\extensions\redhat.java-1.52.0-win32-x64\jre\21.0.9-win32-x86_64\bin\java.dll
Event: 0.122 Loaded shared library c:\Users\PeachZ_X\.vscode\extensions\redhat.java-1.52.0-win32-x64\jre\21.0.9-win32-x86_64\bin\zip.dll
Event: 0.160 Loaded shared library C:\Users\PeachZ_X\.vscode\extensions\redhat.java-1.52.0-win32-x64\jre\21.0.9-win32-x86_64\bin\instrument.dll
Event: 0.169 Loaded shared library C:\Users\PeachZ_X\.vscode\extensions\redhat.java-1.52.0-win32-x64\jre\21.0.9-win32-x86_64\bin\net.dll
Event: 0.173 Loaded shared library C:\Users\PeachZ_X\.vscode\extensions\redhat.java-1.52.0-win32-x64\jre\21.0.9-win32-x86_64\bin\nio.dll
Event: 0.180 Loaded shared library C:\Users\PeachZ_X\.vscode\extensions\redhat.java-1.52.0-win32-x64\jre\21.0.9-win32-x86_64\bin\zip.dll
Event: 0.216 Loaded shared library C:\Users\PeachZ_X\.vscode\extensions\redhat.java-1.52.0-win32-x64\jre\21.0.9-win32-x86_64\bin\jimage.dll
Event: 0.402 Loaded shared library c:\Users\PeachZ_X\.vscode\extensions\redhat.java-1.52.0-win32-x64\jre\21.0.9-win32-x86_64\bin\verify.dll
Event: 3.561 Loaded shared library C:\Users\PeachZ_X\AppData\Roaming\Code\User\globalStorage\redhat.java\1.52.0\config_win\org.eclipse.equinox.launcher\org.eclipse.equinox.launcher.win32.win32.x86_64_1.2.1500.v20260121-1430\eclipse_11919.dll
Event: 6.412 Loaded shared library C:\Users\PeachZ_X\.vscode\extensions\redhat.java-1.52.0-win32-x64\jre\21.0.9-win32-x86_64\bin\management.dll
Event: 6.423 Loaded shared library C:\Users\PeachZ_X\.vscode\extensions\redhat.java-1.52.0-win32-x64\jre\21.0.9-win32-x86_64\bin\management_ext.dll
Event: 12.524 Loaded shared library C:\Users\PeachZ_X\AppData\Local\Temp\jna-6108610\jna14651281154172650297.dll
Event: 13.438 Loaded shared library C:\Users\PeachZ_X\.vscode\extensions\redhat.java-1.52.0-win32-x64\jre\21.0.9-win32-x86_64\bin\sunmscapi.dll
Event: 13.548 Loaded shared library C:\Users\PeachZ_X\.vscode\extensions\redhat.java-1.52.0-win32-x64\jre\21.0.9-win32-x86_64\bin\extnet.dll

Deoptimization events (20 events):
Event: 3233.084 Thread 0x00000299d04140d0 DEOPT PACKING pc=0x0000029982fbc485 sp=0x000000d4a98fe0e0
Event: 3233.084 Thread 0x00000299d04140d0 DEOPT UNPACKING pc=0x0000029987584242 sp=0x000000d4a98fd6b0 mode 0
Event: 3233.614 Thread 0x00000299d0d05bf0 Uncommon trap: trap_request=0xfffffff6 fr.pc=0x00000299885bec5c relative=0x00000000000033bc
Event: 3233.614 Thread 0x00000299d0d05bf0 Uncommon trap: reason=null_check action=maybe_recompile pc=0x00000299885bec5c method=lombok.launch.PatchFixesHider$PatchFixes.isGenerated(Lorg/eclipse/jdt/core/dom/ASTNode;)Z @ 3 c2
Event: 3233.614 Thread 0x00000299d0d05bf0 DEOPT PACKING pc=0x00000299885bec5c sp=0x000000d4a61fe4b0
Event: 3233.614 Thread 0x00000299d0d05bf0 DEOPT UNPACKING pc=0x0000029987583aa2 sp=0x000000d4a61fe4c8 mode 2
Event: 3233.680 Thread 0x00000299ff957ea0 DEOPT PACKING pc=0x0000029982fbc485 sp=0x000000d4a86fe7e0
Event: 3233.680 Thread 0x00000299ff957ea0 DEOPT UNPACKING pc=0x0000029987584242 sp=0x000000d4a86fddb0 mode 0
Event: 3234.082 Thread 0x00000299d0d05bf0 Uncommon trap: trap_request=0xffffffc6 fr.pc=0x0000029988c97cc0 relative=0x0000000000000500
Event: 3234.082 Thread 0x00000299d0d05bf0 Uncommon trap: reason=bimorphic_or_optimized_type_check action=maybe_recompile pc=0x0000029988c97cc0 method=java.util.Spliterators$IteratorSpliterator.tryAdvance(Ljava/util/function/Consumer;)Z @ 50 c2
Event: 3234.082 Thread 0x00000299d0d05bf0 DEOPT PACKING pc=0x0000029988c97cc0 sp=0x000000d4a61fdd50
Event: 3234.082 Thread 0x00000299d0d05bf0 DEOPT UNPACKING pc=0x0000029987583aa2 sp=0x000000d4a61fdd10 mode 2
Event: 3235.283 Thread 0x00000299d0d05bf0 Uncommon trap: trap_request=0xfffffff6 fr.pc=0x00000299885bec5c relative=0x00000000000033bc
Event: 3235.283 Thread 0x00000299d0d05bf0 Uncommon trap: reason=null_check action=maybe_recompile pc=0x00000299885bec5c method=lombok.launch.PatchFixesHider$PatchFixes.isGenerated(Lorg/eclipse/jdt/core/dom/ASTNode;)Z @ 3 c2
Event: 3235.283 Thread 0x00000299d0d05bf0 DEOPT PACKING pc=0x00000299885bec5c sp=0x000000d4a61fe4b0
Event: 3235.283 Thread 0x00000299d0d05bf0 DEOPT UNPACKING pc=0x0000029987583aa2 sp=0x000000d4a61fe4c8 mode 2
Event: 3235.294 Thread 0x00000299d0d05bf0 Uncommon trap: trap_request=0xffffffc6 fr.pc=0x0000029988c97cc0 relative=0x0000000000000500
Event: 3235.294 Thread 0x00000299d0d05bf0 Uncommon trap: reason=bimorphic_or_optimized_type_check action=maybe_recompile pc=0x0000029988c97cc0 method=java.util.Spliterators$IteratorSpliterator.tryAdvance(Ljava/util/function/Consumer;)Z @ 50 c2
Event: 3235.294 Thread 0x00000299d0d05bf0 DEOPT PACKING pc=0x0000029988c97cc0 sp=0x000000d4a61fdd50
Event: 3235.294 Thread 0x00000299d0d05bf0 DEOPT UNPACKING pc=0x0000029987583aa2 sp=0x000000d4a61fdd10 mode 2

Classes loaded (20 events):
Event: 2346.948 Loading class sun/security/ssl/NewSessionTicket$T13NewSessionTicketMessage
Event: 2346.952 Loading class sun/security/ssl/NewSessionTicket$T13NewSessionTicketMessage done
Event: 2356.591 Loading class java/util/stream/ReduceOps$5
Event: 2356.593 Loading class java/util/stream/ReduceOps$5 done
Event: 2356.593 Loading class java/util/stream/ReduceOps$CountingSink$OfRef
Event: 2356.594 Loading class java/util/stream/ReduceOps$CountingSink
Event: 2356.595 Loading class java/util/stream/ReduceOps$CountingSink done
Event: 2356.595 Loading class java/util/stream/ReduceOps$CountingSink$OfRef done
Event: 2505.217 Loading class java/util/Collections$EmptyListIterator
Event: 2505.227 Loading class java/util/Collections$EmptyListIterator done
Event: 2560.624 Loading class jdk/internal/icu/text/NormalizerBase$NFCModeImpl
Event: 2560.632 Loading class jdk/internal/icu/text/NormalizerBase$NFCModeImpl done
Event: 2560.633 Loading class jdk/internal/icu/impl/Norm2AllModes$NFCSingleton
Event: 2560.637 Loading class jdk/internal/icu/impl/Norm2AllModes$NFCSingleton done
Event: 2560.658 Loading class java/nio/StringCharBuffer
Event: 2560.660 Loading class java/nio/StringCharBuffer done
Event: 2631.102 Loading class java/lang/StringLatin1$CharsSpliterator
Event: 2631.107 Loading class java/lang/StringLatin1$CharsSpliterator done
Event: 3219.036 Loading class java/nio/channels/CompletionHandler
Event: 3219.041 Loading class java/nio/channels/CompletionHandler done

Classes unloaded (7 events):
Event: 8.661 Thread 0x00000299f0c3de90 Unloading class 0x00000299901acc00 'java/lang/invoke/LambdaForm$MH+0x00000299901acc00'
Event: 8.661 Thread 0x00000299f0c3de90 Unloading class 0x00000299901ac800 'java/lang/invoke/LambdaForm$MH+0x00000299901ac800'
Event: 8.661 Thread 0x00000299f0c3de90 Unloading class 0x00000299901ac400 'java/lang/invoke/LambdaForm$MH+0x00000299901ac400'
Event: 8.661 Thread 0x00000299f0c3de90 Unloading class 0x00000299901ac000 'java/lang/invoke/LambdaForm$MH+0x00000299901ac000'
Event: 8.661 Thread 0x00000299f0c3de90 Unloading class 0x00000299901abc00 'java/lang/invoke/LambdaForm$BMH+0x00000299901abc00'
Event: 8.661 Thread 0x00000299f0c3de90 Unloading class 0x00000299901ab800 'java/lang/invoke/LambdaForm$DMH+0x00000299901ab800'
Event: 8.661 Thread 0x00000299f0c3de90 Unloading class 0x00000299901aa400 'java/lang/invoke/LambdaForm$DMH+0x00000299901aa400'

Classes redefined (0 events):
No events

Internal exceptions (20 events):
Event: 3216.579 Thread 0x00000299ff951c30 Exception <a 'sun/nio/fs/WindowsException'{0x00000000d570e9a8}> (0x00000000d570e9a8) 
thrown [s\src\hotspot\share\prims\jni.cpp, line 520]
Event: 3216.717 Thread 0x00000299ff951c30 Exception <a 'sun/nio/fs/WindowsException'{0x00000000d5730890}> (0x00000000d5730890) 
thrown [s\src\hotspot\share\prims\jni.cpp, line 520]
Event: 3216.743 Thread 0x00000299ff951c30 Exception <a 'sun/nio/fs/WindowsException'{0x00000000d57485d8}> (0x00000000d57485d8) 
thrown [s\src\hotspot\share\prims\jni.cpp, line 520]
Event: 3216.744 Thread 0x00000299ff951c30 Exception <a 'sun/nio/fs/WindowsException'{0x00000000d5749850}> (0x00000000d5749850) 
thrown [s\src\hotspot\share\prims\jni.cpp, line 520]
Event: 3216.819 Thread 0x00000299ff951c30 Exception <a 'sun/nio/fs/WindowsException'{0x00000000d5786400}> (0x00000000d5786400) 
thrown [s\src\hotspot\share\prims\jni.cpp, line 520]
Event: 3216.821 Thread 0x00000299ff951c30 Exception <a 'sun/nio/fs/WindowsException'{0x00000000d5787488}> (0x00000000d5787488) 
thrown [s\src\hotspot\share\prims\jni.cpp, line 520]
Event: 3216.863 Thread 0x00000299ff951c30 Exception <a 'sun/nio/fs/WindowsException'{0x00000000d5795f98}> (0x00000000d5795f98) 
thrown [s\src\hotspot\share\prims\jni.cpp, line 520]
Event: 3217.341 Thread 0x00000299ff958530 Implicit null exception at 0x0000029988c53120 to 0x0000029988c53530
Event: 3217.441 Thread 0x00000299ff958530 Implicit null exception at 0x00000299886615f4 to 0x0000029988663cf8
Event: 3217.451 Thread 0x00000299ff958530 Implicit null exception at 0x0000029988a7b7d2 to 0x0000029988a7ba10
Event: 3217.613 Thread 0x00000299feab0060 Exception <a 'sun/nio/fs/WindowsException'{0x00000000d55ca798}> (0x00000000d55ca798) 
thrown [s\src\hotspot\share\prims\jni.cpp, line 520]
Event: 3217.955 Thread 0x00000299feab0060 Exception <a 'sun/nio/fs/WindowsException'{0x00000000d567a728}> (0x00000000d567a728) 
thrown [s\src\hotspot\share\prims\jni.cpp, line 520]
Event: 3218.019 Thread 0x00000299ff951c30 Exception <a 'sun/nio/fs/WindowsException'{0x00000000d56de950}> (0x00000000d56de950) 
thrown [s\src\hotspot\share\prims\jni.cpp, line 520]
Event: 3218.019 Thread 0x00000299ff951c30 Exception <a 'sun/nio/fs/WindowsException'{0x00000000d56df028}> (0x00000000d56df028) 
thrown [s\src\hotspot\share\prims\jni.cpp, line 520]
Event: 3218.413 Thread 0x00000299ff9515a0 Exception <a 'java/lang/ArrayIndexOutOfBoundsException'{0x00000000d5681cc8}: Index 47 out of bounds for length 46> (0x00000000d5681cc8) 
thrown [s\src\hotspot\share\interpreter\interpreterRuntime.cpp, line 439]
Event: 3224.889 Thread 0x00000299d0d09d90 Implicit null exception at 0x0000029988ed3da3 to 0x0000029988ed3e44
Event: 3230.826 Thread 0x00000299feab0060 Exception <a 'sun/nio/fs/WindowsException'{0x00000000d5645a80}> (0x00000000d5645a80) 
thrown [s\src\hotspot\share\prims\jni.cpp, line 520]
Event: 3231.047 Thread 0x00000299feab0060 Exception <a 'sun/nio/fs/WindowsException'{0x00000000d5737cc8}> (0x00000000d5737cc8) 
thrown [s\src\hotspot\share\prims\jni.cpp, line 520]
Event: 3233.614 Thread 0x00000299d0d05bf0 Implicit null exception at 0x00000299885bb8be to 0x00000299885bec50
Event: 3235.283 Thread 0x00000299d0d05bf0 Implicit null exception at 0x00000299885bb8be to 0x00000299885bec50

ZGC Phase Switch (0 events):
No events

VM Operations (20 events):
Event: 3235.337 Executing VM operation: ParallelGCFailedAllocation (Allocation Failure)
Event: 3235.354 Executing VM operation: ParallelGCFailedAllocation (Allocation Failure) done
Event: 3235.370 Executing VM operation: ParallelGCFailedAllocation (Allocation Failure)
Event: 3235.374 Executing VM operation: ParallelGCFailedAllocation (Allocation Failure) done
Event: 3238.304 Executing VM operation: ParallelGCFailedAllocation (Allocation Failure)
Event: 3238.314 Executing VM operation: ParallelGCFailedAllocation (Allocation Failure) done
Event: 3238.336 Executing VM operation: ParallelGCFailedAllocation (Allocation Failure)
Event: 3238.401 Executing VM operation: ParallelGCFailedAllocation (Allocation Failure) done
Event: 3238.572 Executing VM operation: ParallelGCFailedAllocation (Allocation Failure)
Event: 3238.587 Executing VM operation: ParallelGCFailedAllocation (Allocation Failure) done
Event: 3238.597 Executing VM operation: ParallelGCFailedAllocation (Allocation Failure)
Event: 3238.602 Executing VM operation: ParallelGCFailedAllocation (Allocation Failure) done
Event: 3238.610 Executing VM operation: ParallelGCFailedAllocation (Allocation Failure)
Event: 3238.623 Executing VM operation: ParallelGCFailedAllocation (Allocation Failure) done
Event: 3238.627 Executing VM operation: ParallelGCFailedAllocation (Allocation Failure)
Event: 3238.631 Executing VM operation: ParallelGCFailedAllocation (Allocation Failure) done
Event: 3238.638 Executing VM operation: ParallelGCFailedAllocation (Allocation Failure)
Event: 3238.644 Executing VM operation: ParallelGCFailedAllocation (Allocation Failure) done
Event: 3238.655 Executing VM operation: ParallelGCFailedAllocation (Allocation Failure)
Event: 3238.659 Executing VM operation: ParallelGCFailedAllocation (Allocation Failure) done

Memory protections (0 events):
No events

Nmethod flushes (20 events):
Event: 395.404 Thread 0x00000299f0c3de90 flushing  nmethod 0x0000029980e24d90
Event: 395.404 Thread 0x00000299f0c3de90 flushing  nmethod 0x0000029980e26c10
Event: 395.405 Thread 0x00000299f0c3de90 flushing  nmethod 0x0000029980e27b10
Event: 395.405 Thread 0x00000299f0c3de90 flushing  nmethod 0x0000029980e2a390
Event: 395.405 Thread 0x00000299f0c3de90 flushing  nmethod 0x0000029980e2c010
Event: 395.405 Thread 0x00000299f0c3de90 flushing  nmethod 0x0000029980e2c410
Event: 395.405 Thread 0x00000299f0c3de90 flushing  nmethod 0x0000029980e30290
Event: 395.405 Thread 0x00000299f0c3de90 flushing  nmethod 0x0000029980e31410
Event: 395.405 Thread 0x00000299f0c3de90 flushing  nmethod 0x0000029980e31b10
Event: 395.405 Thread 0x00000299f0c3de90 flushing osr nmethod 0x0000029980e48e10
Event: 395.405 Thread 0x00000299f0c3de90 flushing  nmethod 0x0000029980e4ea90
Event: 395.406 Thread 0x00000299f0c3de90 flushing  nmethod 0x0000029980e5c190
Event: 395.406 Thread 0x00000299f0c3de90 flushing  nmethod 0x0000029980e69590
Event: 395.406 Thread 0x00000299f0c3de90 flushing  nmethod 0x0000029980e6ca10
Event: 395.406 Thread 0x00000299f0c3de90 flushing  nmethod 0x0000029980e70310
Event: 395.406 Thread 0x00000299f0c3de90 flushing  nmethod 0x0000029980e7af90
Event: 395.406 Thread 0x00000299f0c3de90 flushing  nmethod 0x0000029980e84d10
Event: 395.406 Thread 0x00000299f0c3de90 flushing  nmethod 0x0000029980ebcc90
Event: 395.407 Thread 0x00000299f0c3de90 flushing  nmethod 0x0000029980ec2310
Event: 395.407 Thread 0x00000299f0c3de90 flushing  nmethod 0x0000029980ecf110

Events (20 events):
Event: 3198.080 Thread 0x00000299ff957ea0 Thread added: 0x00000299ff9522c0
Event: 3215.903 Thread 0x00000299ff951c30 Thread added: 0x00000299ff952950
Event: 3215.903 Thread 0x00000299ff951c30 Thread added: 0x00000299ff953670
Event: 3216.242 Thread 0x00000299ff951c30 Thread added: 0x00000299ff953d00
Event: 3216.243 Thread 0x00000299ff953d00 Thread added: 0x00000299ff954a20
Event: 3216.244 Thread 0x00000299ff954a20 Thread added: 0x00000299feaab830
Event: 3216.245 Thread 0x00000299feaab830 Thread added: 0x00000299feaaf340
Event: 3216.246 Thread 0x00000299ff954a20 Thread added: 0x00000299feab1410
Event: 3216.246 Thread 0x00000299ff953d00 Thread added: 0x00000299feaaf9d0
Event: 3216.249 Thread 0x00000299feaab830 Thread added: 0x00000299feab2130
Event: 3216.251 Thread 0x00000299feaaf340 Thread added: 0x00000299d2d4b570
Event: 3216.873 Thread 0x00000299ff951c30 Thread added: 0x00000299d2d4bc00
Event: 3217.367 Thread 0x00000299ff951c30 Thread added: 0x00000299d2d4d640
Event: 3217.368 Thread 0x00000299ff951c30 Thread added: 0x00000299d04105c0
Event: 3217.439 Thread 0x00000299ff951c30 Thread added: 0x00000299d0410c50
Event: 3217.441 Thread 0x00000299ff951c30 Thread added: 0x00000299d0411970
Event: 3217.446 Thread 0x00000299ff951c30 Thread added: 0x00000299d0d06910
Event: 3217.458 Thread 0x00000299ff951c30 Thread added: 0x00000299d0d06fa0
Event: 3217.583 Thread 0x00000299ff957ea0 Thread added: 0x00000299d0d0a420
Event: 3217.719 Thread 0x00000299d0d0a420 Thread added: 0x00000299d0f39850


Dynamic libraries:
0x00007ff6fcb20000 - 0x00007ff6fcb2e000 	c:\Users\PeachZ_X\.vscode\extensions\redhat.java-1.52.0-win32-x64\jre\21.0.9-win32-x86_64\bin\java.exe
0x00007fffc2bd0000 - 0x00007fffc2dc8000 	C:\Windows\SYSTEM32\ntdll.dll
0x00007fffc1220000 - 0x00007fffc12e2000 	C:\Windows\System32\KERNEL32.DLL
0x00007fffc0770000 - 0x00007fffc0a66000 	C:\Windows\System32\KERNELBASE.dll
0x00007fffc05e0000 - 0x00007fffc06e0000 	C:\Windows\System32\ucrtbase.dll
0x00007fffb29c0000 - 0x00007fffb29de000 	c:\Users\PeachZ_X\.vscode\extensions\redhat.java-1.52.0-win32-x64\jre\21.0.9-win32-x86_64\bin\VCRUNTIME140.dll
0x00007fffaf760000 - 0x00007fffaf778000 	c:\Users\PeachZ_X\.vscode\extensions\redhat.java-1.52.0-win32-x64\jre\21.0.9-win32-x86_64\bin\jli.dll
0x00007fffc2850000 - 0x00007fffc29f1000 	C:\Windows\System32\USER32.dll
0x00007fffc0260000 - 0x00007fffc0282000 	C:\Windows\System32\win32u.dll
0x00007fffacfd0000 - 0x00007fffad26b000 	C:\Windows\WinSxS\amd64_microsoft.windows.common-controls_6595b64144ccf1df_6.0.19041.6456_none_60b8a6cb71f64256\COMCTL32.dll
0x00007fffc11e0000 - 0x00007fffc120b000 	C:\Windows\System32\GDI32.dll
0x00007fffc0f20000 - 0x00007fffc0fbe000 	C:\Windows\System32\msvcrt.dll
0x00007fffc0470000 - 0x00007fffc0589000 	C:\Windows\System32\gdi32full.dll
0x00007fffc0b50000 - 0x00007fffc0bed000 	C:\Windows\System32\msvcp_win.dll
0x00007fffc1dc0000 - 0x00007fffc1def000 	C:\Windows\System32\IMM32.DLL
0x00007fffb80a0000 - 0x00007fffb80ac000 	c:\Users\PeachZ_X\.vscode\extensions\redhat.java-1.52.0-win32-x64\jre\21.0.9-win32-x86_64\bin\vcruntime140_1.dll
0x00007fff6e890000 - 0x00007fff6e91d000 	c:\Users\PeachZ_X\.vscode\extensions\redhat.java-1.52.0-win32-x64\jre\21.0.9-win32-x86_64\bin\msvcp140.dll
0x00007fff167c0000 - 0x00007fff17560000 	c:\Users\PeachZ_X\.vscode\extensions\redhat.java-1.52.0-win32-x64\jre\21.0.9-win32-x86_64\bin\server\jvm.dll
0x00007fffc25c0000 - 0x00007fffc2671000 	C:\Windows\System32\ADVAPI32.dll
0x00007fffc2520000 - 0x00007fffc25bf000 	C:\Windows\System32\sechost.dll
0x00007fffc2680000 - 0x00007fffc27a0000 	C:\Windows\System32\RPCRT4.dll
0x00007fffc0b20000 - 0x00007fffc0b47000 	C:\Windows\System32\bcrypt.dll
0x00007fffc2260000 - 0x00007fffc22cb000 	C:\Windows\System32\WS2_32.dll
0x00007fffbf7f0000 - 0x00007fffbf83b000 	C:\Windows\SYSTEM32\POWRPROF.dll
0x00007fffb9900000 - 0x00007fffb990a000 	C:\Windows\SYSTEM32\VERSION.dll
0x00007fffb6cc0000 - 0x00007fffb6ce7000 	C:\Windows\SYSTEM32\WINMM.dll
0x00007fffbf660000 - 0x00007fffbf672000 	C:\Windows\SYSTEM32\UMPDC.dll
0x00007fffbe0d0000 - 0x00007fffbe0e2000 	C:\Windows\SYSTEM32\kernel.appcore.dll
0x00007fffb8070000 - 0x00007fffb807a000 	c:\Users\PeachZ_X\.vscode\extensions\redhat.java-1.52.0-win32-x64\jre\21.0.9-win32-x86_64\bin\jimage.dll
0x00007fffb2af0000 - 0x00007fffb2cf1000 	C:\Windows\SYSTEM32\DBGHELP.DLL
0x00007fffaa7c0000 - 0x00007fffaa7f4000 	C:\Windows\SYSTEM32\dbgcore.DLL
0x00007fffc06e0000 - 0x00007fffc0762000 	C:\Windows\System32\bcryptPrimitives.dll
0x00007fffb29f0000 - 0x00007fffb29ff000 	c:\Users\PeachZ_X\.vscode\extensions\redhat.java-1.52.0-win32-x64\jre\21.0.9-win32-x86_64\bin\instrument.dll
0x00007fff9e130000 - 0x00007fff9e150000 	c:\Users\PeachZ_X\.vscode\extensions\redhat.java-1.52.0-win32-x64\jre\21.0.9-win32-x86_64\bin\java.dll
0x00007fffc12f0000 - 0x00007fffc1a60000 	C:\Windows\System32\SHELL32.dll
0x00007fffbe2d0000 - 0x00007fffbea75000 	C:\Windows\SYSTEM32\windows.storage.dll
0x00007fffc1a60000 - 0x00007fffc1db4000 	C:\Windows\System32\combase.dll
0x00007fffbfc90000 - 0x00007fffbfcbb000 	C:\Windows\SYSTEM32\Wldp.dll
0x00007fffc0e50000 - 0x00007fffc0f1d000 	C:\Windows\System32\OLEAUT32.dll
0x00007fffc0bf0000 - 0x00007fffc0c9d000 	C:\Windows\System32\SHCORE.dll
0x00007fffc2b30000 - 0x00007fffc2b8b000 	C:\Windows\System32\shlwapi.dll
0x00007fffc0190000 - 0x00007fffc01b4000 	C:\Windows\SYSTEM32\profapi.dll
0x00007fff9c980000 - 0x00007fff9c998000 	c:\Users\PeachZ_X\.vscode\extensions\redhat.java-1.52.0-win32-x64\jre\21.0.9-win32-x86_64\bin\zip.dll
0x00007fffaf130000 - 0x00007fffaf140000 	C:\Users\PeachZ_X\.vscode\extensions\redhat.java-1.52.0-win32-x64\jre\21.0.9-win32-x86_64\bin\net.dll
0x00007fffb9260000 - 0x00007fffb936a000 	C:\Windows\SYSTEM32\WINHTTP.dll
0x00007fffbf9f0000 - 0x00007fffbfa5a000 	C:\Windows\system32\mswsock.dll
0x00007fff9a6e0000 - 0x00007fff9a6f6000 	C:\Users\PeachZ_X\.vscode\extensions\redhat.java-1.52.0-win32-x64\jre\21.0.9-win32-x86_64\bin\nio.dll
0x00007fffaf0b0000 - 0x00007fffaf0c0000 	c:\Users\PeachZ_X\.vscode\extensions\redhat.java-1.52.0-win32-x64\jre\21.0.9-win32-x86_64\bin\verify.dll
0x00007fff708e0000 - 0x00007fff70925000 	C:\Users\PeachZ_X\AppData\Roaming\Code\User\globalStorage\redhat.java\1.52.0\config_win\org.eclipse.equinox.launcher\org.eclipse.equinox.launcher.win32.win32.x86_64_1.2.1500.v20260121-1430\eclipse_11919.dll
0x00007fffc2a00000 - 0x00007fffc2b2b000 	C:\Windows\System32\ole32.dll
0x00007fffad390000 - 0x00007fffad39a000 	C:\Users\PeachZ_X\.vscode\extensions\redhat.java-1.52.0-win32-x64\jre\21.0.9-win32-x86_64\bin\management.dll
0x00007fffad2f0000 - 0x00007fffad2fc000 	C:\Users\PeachZ_X\.vscode\extensions\redhat.java-1.52.0-win32-x64\jre\21.0.9-win32-x86_64\bin\management_ext.dll
0x00007fffc0ca0000 - 0x00007fffc0ca8000 	C:\Windows\System32\PSAPI.DLL
0x00007fffbfbe0000 - 0x00007fffbfbf8000 	C:\Windows\SYSTEM32\CRYPTSP.dll
0x00007fffbf2a0000 - 0x00007fffbf2d8000 	C:\Windows\system32\rsaenh.dll
0x00007fffc0150000 - 0x00007fffc017e000 	C:\Windows\SYSTEM32\USERENV.dll
0x00007fffbfc00000 - 0x00007fffbfc0c000 	C:\Windows\SYSTEM32\CRYPTBASE.dll
0x00007fffbf680000 - 0x00007fffbf6bb000 	C:\Windows\SYSTEM32\IPHLPAPI.DLL
0x00007fffc1170000 - 0x00007fffc1178000 	C:\Windows\System32\NSI.dll
0x00007fff6d200000 - 0x00007fff6d249000 	C:\Users\PeachZ_X\AppData\Local\Temp\jna-6108610\jna14651281154172650297.dll
0x00007fffb9b40000 - 0x00007fffb9b57000 	C:\Windows\SYSTEM32\dhcpcsvc6.DLL
0x00007fffb9aa0000 - 0x00007fffb9abd000 	C:\Windows\SYSTEM32\dhcpcsvc.DLL
0x00007fffab080000 - 0x00007fffab08e000 	C:\Users\PeachZ_X\.vscode\extensions\redhat.java-1.52.0-win32-x64\jre\21.0.9-win32-x86_64\bin\sunmscapi.dll
0x00007fffc0290000 - 0x00007fffc03ed000 	C:\Windows\System32\CRYPT32.dll
0x00007fffbfd00000 - 0x00007fffbfd27000 	C:\Windows\SYSTEM32\ncrypt.dll
0x00007fffbfcc0000 - 0x00007fffbfcfb000 	C:\Windows\SYSTEM32\NTASN1.dll
0x00007fffbf6c0000 - 0x00007fffbf78a000 	C:\Windows\SYSTEM32\DNSAPI.dll
0x00007fffafcc0000 - 0x00007fffafcca000 	C:\Windows\System32\rasadhlp.dll
0x00007fffafbe0000 - 0x00007fffafc60000 	C:\Windows\System32\fwpuclnt.dll
0x00007fffa6560000 - 0x00007fffa6569000 	C:\Users\PeachZ_X\.vscode\extensions\redhat.java-1.52.0-win32-x64\jre\21.0.9-win32-x86_64\bin\extnet.dll
0x00007fffbf4f0000 - 0x00007fffbf523000 	C:\Windows\SYSTEM32\ntmarta.dll

JVMTI agents:
c:\Users\PeachZ_X\.vscode\extensions\redhat.java-1.52.0-win32-x64\lombok\lombok-1.18.39-4050.jar path:c:\Users\PeachZ_X\.vscode\extensions\redhat.java-1.52.0-win32-x64\jre\21.0.9-win32-x86_64\bin\instrument.dll, loaded, initialized, instrumentlib options:none

dbghelp: loaded successfully - version: 4.0.5 - missing functions: none
symbol engine: initialized successfully - sym options: 0x614 - pdb path: .;c:\Users\PeachZ_X\.vscode\extensions\redhat.java-1.52.0-win32-x64\jre\21.0.9-win32-x86_64\bin;C:\Windows\SYSTEM32;C:\Windows\WinSxS\amd64_microsoft.windows.common-controls_6595b64144ccf1df_6.0.19041.6456_none_60b8a6cb71f64256;c:\Users\PeachZ_X\.vscode\extensions\redhat.java-1.52.0-win32-x64\jre\21.0.9-win32-x86_64\bin\server;C:\Users\PeachZ_X\AppData\Roaming\Code\User\globalStorage\redhat.java\1.52.0\config_win\org.eclipse.equinox.launcher\org.eclipse.equinox.launcher.win32.win32.x86_64_1.2.1500.v20260121-1430;C:\Users\PeachZ_X\AppData\Local\Temp\jna-6108610

VM Arguments:
jvm_args: --add-modules=ALL-SYSTEM --add-opens=java.base/java.util=ALL-UNNAMED --add-opens=java.base/java.lang=ALL-UNNAMED --add-opens=java.base/sun.nio.fs=ALL-UNNAMED -Declipse.application=org.eclipse.jdt.ls.core.id1 -Dosgi.bundles.defaultStartLevel=4 -Declipse.product=org.eclipse.jdt.ls.core.product -Djava.import.generatesMetadataFilesAtProjectRoot=false -DDetectVMInstallationsJob.disabled=true -Dfile.encoding=utf8 -XX:+UseParallelGC -XX:GCTimeRatio=4 -XX:AdaptiveSizePolicyWeight=90 -Dsun.zip.disableMemoryMapping=true -Xmx2G -Xms100m -Xlog:disable -javaagent:c:\Users\PeachZ_X\.vscode\extensions\redhat.java-1.52.0-win32-x64\lombok\lombok-1.18.39-4050.jar -XX:+HeapDumpOnOutOfMemoryError -XX:HeapDumpPath=c:\Users\PeachZ_X\AppData\Roaming\Code\User\workspaceStorage\9b3b2925893dbd842968ab009774ca27\redhat.java -Daether.dependencyCollector.impl=bf 
java_command: c:\Users\PeachZ_X\.vscode\extensions\redhat.java-1.52.0-win32-x64\server\plugins\org.eclipse.equinox.launcher_1.7.100.v20251111-0406.jar -configuration c:\Users\PeachZ_X\AppData\Roaming\Code\User\globalStorage\redhat.java\1.52.0\config_win -data c:\Users\PeachZ_X\AppData\Roaming\Code\User\workspaceStorage\9b3b2925893dbd842968ab009774ca27\redhat.java\jdt_ws --pipe=\\.\pipe\lsp-73f2dd22262afea375b52cbde35227a7-sock
java_class_path (initial): c:\Users\PeachZ_X\.vscode\extensions\redhat.java-1.52.0-win32-x64\server\plugins\org.eclipse.equinox.launcher_1.7.100.v20251111-0406.jar
Launcher Type: SUN_STANDARD

[Global flags]
    uintx AdaptiveSizePolicyWeight                 = 90                                        {product} {command line}
     intx CICompilerCount                          = 4                                         {product} {ergonomic}
    uintx GCTimeRatio                              = 4                                         {product} {command line}
     bool HeapDumpOnOutOfMemoryError               = true                                   {manageable} {command line}
    ccstr HeapDumpPath                             = c:\Users\PeachZ_X\AppData\Roaming\Code\User\workspaceStorage\9b3b2925893dbd842968ab009774ca27\redhat.java         {manageable} {command line}
   size_t InitialHeapSize                          = 104857600                                 {product} {command line}
   size_t MaxHeapSize                              = 2147483648                                {product} {command line}
   size_t MaxNewSize                               = 715653120                                 {product} {ergonomic}
   size_t MinHeapDeltaBytes                        = 524288                                    {product} {ergonomic}
   size_t MinHeapSize                              = 104857600                                 {product} {command line}
   size_t NewSize                                  = 34603008                                  {product} {ergonomic}
    uintx NonNMethodCodeHeapSize                   = 5839372                                {pd product} {ergonomic}
    uintx NonProfiledCodeHeapSize                  = 122909434                              {pd product} {ergonomic}
   size_t OldSize                                  = 70254592                                  {product} {ergonomic}
    uintx ProfiledCodeHeapSize                     = 122909434                              {pd product} {ergonomic}
    uintx ReservedCodeCacheSize                    = 251658240                              {pd product} {ergonomic}
     bool SegmentedCodeCache                       = true                                      {product} {ergonomic}
   size_t SoftMaxHeapSize                          = 2147483648                             {manageable} {ergonomic}
     bool UseCompressedOops                        = true                           {product lp64_product} {ergonomic}
     bool UseLargePagesIndividualAllocation        = false                                  {pd product} {ergonomic}
     bool UseParallelGC                            = true                                      {product} {command line}

Logging:
Log output configuration:
 #0: stdout all=off uptime,level,tags foldmultilines=false
 #1: stderr all=off uptime,level,tags foldmultilines=false

Release file:
JAVA_VERSION="21.0.9" 
MODULES="java.base java.compiler java.datatransfer java.xml java.prefs java.desktop java.instrument java.logging java.management java.security.sasl java.naming java.rmi java.management.rmi java.net.http java.scripting java.security.jgss java.transaction.xa java.sql java.sql.rowset java.xml.crypto java.se java.smartcardio jdk.accessibility jdk.internal.jvmstat jdk.attach jdk.charsets jdk.internal.opt jdk.zipfs jdk.compiler jdk.crypto.ec jdk.crypto.cryptoki jdk.crypto.mscapi jdk.dynalink jdk.internal.ed jdk.editpad jdk.hotspot.agent jdk.httpserver jdk.internal.le jdk.internal.vm.ci jdk.internal.vm.compiler jdk.internal.vm.compiler.management jdk.jartool jdk.javadoc jdk.jcmd jdk.management jdk.management.agent jdk.jconsole jdk.jdeps jdk.jdwp.agent jdk.jdi jdk.jfr jdk.jshell jdk.jsobject jdk.jstatd jdk.localedata jdk.management.jfr jdk.naming.dns jdk.naming.rmi jdk.net jdk.nio.mapmode jdk.random jdk.sctp jdk.security.auth jdk.security.jgss jdk.unsupported jdk.unsupported.desktop jdk.xml.dom" 

Environment Variables:
JAVA_HOME=C:\Program Files\Microsoft\jdk-21.0.10.7-hotspot\
PATH=C:\Program Files\Microsoft\jdk-21.0.10.7-hotspot\bin;C:\Program Files (x86)\Common Files\Oracle\Java\java8path;C:\Program Files (x86)\Common Files\Oracle\Java\javapath;C:\Windows\system32;C:\Windows;C:\Windows\System32\Wbem;C:\Windows\System32\WindowsPowerShell\v1.0\;C:\Windows\System32\OpenSSH\;C:\Program Files (x86)\NVIDIA Corporation\PhysX\Common;C:\Program Files\NVIDIA Corporation\NVIDIA app\NvDLISR;C:\Program Files\dotnet\;C:\Program Files\Git\cmd;C:\Users\PeachZ_X\AppData\Local\Muse Hub\lib;;C:\Program Files\Git LFS;C:\Users\PeachZ_X\AppData\Local\Microsoft\WindowsApps;C:\Users\PeachZ_X\AppData\Local\Muse Hub\lib;C:\Users\PeachZ_X\AppData\Local\Programs\Microsoft VS Code\bin;C:\msys64\ucrt64\bin;C:\Users\PeachZ_X\AppData\Local\Python\bin;C:\Users\PeachZ_X\.dotnet\tools
USERNAME=PeachZ_X
OS=Windows_NT
PROCESSOR_IDENTIFIER=AMD64 Family 23 Model 24 Stepping 1, AuthenticAMD
TMP=C:\Users\PeachZ_X\AppData\Local\Temp
TEMP=C:\Users\PeachZ_X\AppData\Local\Temp




Periodic native trim disabled

---------------  S Y S T E M  ---------------

OS:
 Windows 10 , 64 bit Build 19041 (10.0.19041.5915)
OS uptime: 2 days 3:14 hours

CPU: total 8 (initial active 8) (8 cores per cpu, 2 threads per core) family 23 model 24 stepping 1 microcode 0x0, cx8, cmov, fxsr, ht, mmx, 3dnowpref, sse, sse2, sse3, ssse3, sse4a, sse4.1, sse4.2, popcnt, lzcnt, tsc, tscinvbit, avx, avx2, aes, clmul, bmi1, bmi2, adx, sha, fma, vzeroupper, clflush, clflushopt, rdtscp, f16c
Processor Information for the first 8 processors :
  Max Mhz: 2300, Current Mhz: 2300, Mhz Limit: 2300

Memory: 4k page, system-wide physical 6082M (153M free)
TotalPageFile size 24514M (AvailPageFile size 101M)
current process WorkingSet (physical memory assigned to process): 292M, peak: 787M
current process commit charge ("private bytes"): 1296M, peak: 1297M

vm_info: OpenJDK 64-Bit Server VM (21.0.9+10-LTS) for windows-amd64 JRE (21.0.9+10-LTS), built on 2025-10-21T00:00:00Z by "admin" with unknown MS VC++:1942

END.
